Started GET "/" for ::1 at 2019-11-20 16:46:34 -0300
  [1m[35m (4.8ms)[0m  [1m[34mSELECT sqlite_version(*)[0m
Processing by Rails::WelcomeController#index as HTML
  Rendering /Users/rprandi/.rvm/gems/ruby-2.6.2/gems/railties-6.0.1/lib/rails/templates/rails/welcome/index.html.erb
  Rendered /Users/rprandi/.rvm/gems/ruby-2.6.2/gems/railties-6.0.1/lib/rails/templates/rails/welcome/index.html.erb (Duration: 28.0ms | Allocations: 481)
Completed 200 OK in 65ms (Views: 42.5ms | ActiveRecord: 0.0ms | Allocations: 2847)


  [1m[35m (1.7ms)[0m  [1m[34mSELECT sqlite_version(*)[0m
  [1m[35m (2.0ms)[0m  [1m[35mCREATE TABLE "schema_migrations" ("version" varchar NOT NULL PRIMARY KEY)[0m
  [1m[35m (1.5ms)[0m  [1m[35mCREATE TABLE "ar_internal_metadata" ("key" varchar NOT NULL PRIMARY KEY, "value" varchar, "created_at" datetime(6) NOT NULL, "updated_at" datetime(6) NOT NULL)[0m
  [1m[35m (0.1ms)[0m  [1m[34mSELECT "schema_migrations"."version" FROM "schema_migrations" ORDER BY "schema_migrations"."version" ASC[0m
Migrating to CreateUsers (20191120195642)
  [1m[35m (0.1ms)[0m  [1m[36mbegin transaction[0m
  [1m[35m (1.0ms)[0m  [1m[35mCREATE TABLE "users" ("id" integer PRIMARY KEY AUTOINCREMENT NOT NULL, "login" varchar, "password" varchar, "role" varchar, "created_at" datetime(6) NOT NULL, "updated_at" datetime(6) NOT NULL)[0m
  [1m[36mprimary::SchemaMigration Create (0.2ms)[0m  [1m[32mINSERT INTO "schema_migrations" ("version") VALUES (?)[0m  [["version", "20191120195642"]]
  [1m[35m (1.0ms)[0m  [1m[36mcommit transaction[0m
  [1m[36mActiveRecord::InternalMetadata Load (0.2ms)[0m  [1m[34mSELECT "ar_internal_metadata".* FROM "ar_internal_metadata" WHERE "ar_internal_metadata"."key" = ? LIMIT ?[0m  [["key", "environment"], ["LIMIT", 1]]
  [1m[35m (0.1ms)[0m  [1m[36mbegin transaction[0m
  [1m[36mActiveRecord::InternalMetadata Create (1.3ms)[0m  [1m[32mINSERT INTO "ar_internal_metadata" ("key", "value", "created_at", "updated_at") VALUES (?, ?, ?, ?)[0m  [["key", "environment"], ["value", "development"], ["created_at", "2019-11-20 19:57:01.739096"], ["updated_at", "2019-11-20 19:57:01.739096"]]
  [1m[35m (1.5ms)[0m  [1m[36mcommit transaction[0m
  [1m[35m (0.0ms)[0m  [1m[34mSELECT sqlite_version(*)[0m
  [1m[35m (0.2ms)[0m  [1m[34mSELECT "schema_migrations"."version" FROM "schema_migrations" ORDER BY "schema_migrations"."version" ASC[0m
DEPRECATION WARNING: Using `bin/rake routes` is deprecated and will be removed in Rails 6.1. Use `bin/rails routes` instead.
 (called from load at /Users/rprandi/.rvm/gems/ruby-2.6.2/bin/rake:23)
DEPRECATION WARNING: Using `bin/rake routes` is deprecated and will be removed in Rails 6.1. Use `bin/rails routes` instead.
 (called from load at /Users/rprandi/.rvm/gems/ruby-2.6.2/bin/rake:23)
DEPRECATION WARNING: Using `bin/rake routes` is deprecated and will be removed in Rails 6.1. Use `bin/rails routes` instead.
 (called from load at /Users/rprandi/.rvm/gems/ruby-2.6.2/bin/rake:23)
Started POST "/users" for ::1 at 2019-11-20 17:21:41 -0300
  [1m[35m (1.1ms)[0m  [1m[34mSELECT sqlite_version(*)[0m
  [1m[35m (0.6ms)[0m  [1m[34mSELECT "schema_migrations"."version" FROM "schema_migrations" ORDER BY "schema_migrations"."version" ASC[0m
Processing by UsersController#create as */*
  Parameters: {"xml"=>"<users><user><login>login</login><password>senha</password></user></users>"}
HTTP Origin header (http://localhost:63342) didn't match request.base_url (http://localhost:3000)
Completed 422 Unprocessable Entity in 0ms (ActiveRecord: 0.0ms | Allocations: 525)


  
ActionController::InvalidAuthenticityToken (ActionController::InvalidAuthenticityToken):
  
actionpack (6.0.1) lib/action_controller/metal/request_forgery_protection.rb:217:in `handle_unverified_request'
actionpack (6.0.1) lib/action_controller/metal/request_forgery_protection.rb:249:in `handle_unverified_request'
actionpack (6.0.1) lib/action_controller/metal/request_forgery_protection.rb:244:in `verify_authenticity_token'
activesupport (6.0.1) lib/active_support/callbacks.rb:429:in `block in make_lambda'
activesupport (6.0.1) lib/active_support/callbacks.rb:201:in `block (2 levels) in halting'
actionpack (6.0.1) lib/abstract_controller/callbacks.rb:34:in `block (2 levels) in <module:Callbacks>'
activesupport (6.0.1) lib/active_support/callbacks.rb:202:in `block in halting'
activesupport (6.0.1) lib/active_support/callbacks.rb:514:in `block in invoke_before'
activesupport (6.0.1) lib/active_support/callbacks.rb:514:in `each'
activesupport (6.0.1) lib/active_support/callbacks.rb:514:in `invoke_before'
activesupport (6.0.1) lib/active_support/callbacks.rb:134:in `run_callbacks'
actionpack (6.0.1) lib/abstract_controller/callbacks.rb:41:in `process_action'
actionpack (6.0.1) lib/action_controller/metal/rescue.rb:22:in `process_action'
actionpack (6.0.1) lib/action_controller/metal/instrumentation.rb:33:in `block in process_action'
activesupport (6.0.1) lib/active_support/notifications.rb:180:in `block in instrument'
activesupport (6.0.1) lib/active_support/notifications/instrumenter.rb:24:in `instrument'
activesupport (6.0.1) lib/active_support/notifications.rb:180:in `instrument'
actionpack (6.0.1) lib/action_controller/metal/instrumentation.rb:32:in `process_action'
actionpack (6.0.1) lib/action_controller/metal/params_wrapper.rb:245:in `process_action'
activerecord (6.0.1) lib/active_record/railties/controller_runtime.rb:27:in `process_action'
actionpack (6.0.1) lib/abstract_controller/base.rb:136:in `process'
actionview (6.0.1) lib/action_view/rendering.rb:39:in `process'
actionpack (6.0.1) lib/action_controller/metal.rb:191:in `dispatch'
actionpack (6.0.1) lib/action_controller/metal.rb:252:in `dispatch'
actionpack (6.0.1) lib/action_dispatch/routing/route_set.rb:51:in `dispatch'
actionpack (6.0.1) lib/action_dispatch/routing/route_set.rb:33:in `serve'
actionpack (6.0.1) lib/action_dispatch/journey/router.rb:49:in `block in serve'
actionpack (6.0.1) lib/action_dispatch/journey/router.rb:32:in `each'
actionpack (6.0.1) lib/action_dispatch/journey/router.rb:32:in `serve'
actionpack (6.0.1) lib/action_dispatch/routing/route_set.rb:837:in `call'
rack (2.0.7) lib/rack/tempfile_reaper.rb:15:in `call'
rack (2.0.7) lib/rack/etag.rb:25:in `call'
rack (2.0.7) lib/rack/conditional_get.rb:38:in `call'
rack (2.0.7) lib/rack/head.rb:12:in `call'
actionpack (6.0.1) lib/action_dispatch/http/content_security_policy.rb:18:in `call'
rack (2.0.7) lib/rack/session/abstract/id.rb:232:in `context'
rack (2.0.7) lib/rack/session/abstract/id.rb:226:in `call'
actionpack (6.0.1) lib/action_dispatch/middleware/cookies.rb:648:in `call'
activerecord (6.0.1) lib/active_record/migration.rb:567:in `call'
actionpack (6.0.1) lib/action_dispatch/middleware/callbacks.rb:27:in `block in call'
activesupport (6.0.1) lib/active_support/callbacks.rb:101:in `run_callbacks'
actionpack (6.0.1) lib/action_dispatch/middleware/callbacks.rb:26:in `call'
actionpack (6.0.1) lib/action_dispatch/middleware/executor.rb:14:in `call'
actionpack (6.0.1) lib/action_dispatch/middleware/actionable_exceptions.rb:17:in `call'
actionpack (6.0.1) lib/action_dispatch/middleware/debug_exceptions.rb:32:in `call'
web-console (4.0.1) lib/web_console/middleware.rb:132:in `call_app'
web-console (4.0.1) lib/web_console/middleware.rb:28:in `block in call'
web-console (4.0.1) lib/web_console/middleware.rb:17:in `catch'
web-console (4.0.1) lib/web_console/middleware.rb:17:in `call'
actionpack (6.0.1) lib/action_dispatch/middleware/show_exceptions.rb:33:in `call'
railties (6.0.1) lib/rails/rack/logger.rb:38:in `call_app'
railties (6.0.1) lib/rails/rack/logger.rb:26:in `block in call'
activesupport (6.0.1) lib/active_support/tagged_logging.rb:80:in `block in tagged'
activesupport (6.0.1) lib/active_support/tagged_logging.rb:28:in `tagged'
activesupport (6.0.1) lib/active_support/tagged_logging.rb:80:in `tagged'
railties (6.0.1) lib/rails/rack/logger.rb:26:in `call'
sprockets-rails (3.2.1) lib/sprockets/rails/quiet_assets.rb:13:in `call'
actionpack (6.0.1) lib/action_dispatch/middleware/remote_ip.rb:81:in `call'
actionpack (6.0.1) lib/action_dispatch/middleware/request_id.rb:27:in `call'
rack (2.0.7) lib/rack/method_override.rb:22:in `call'
rack (2.0.7) lib/rack/runtime.rb:22:in `call'
activesupport (6.0.1) lib/active_support/cache/strategy/local_cache_middleware.rb:29:in `call'
actionpack (6.0.1) lib/action_dispatch/middleware/executor.rb:14:in `call'
actionpack (6.0.1) lib/action_dispatch/middleware/static.rb:126:in `call'
rack (2.0.7) lib/rack/sendfile.rb:111:in `call'
actionpack (6.0.1) lib/action_dispatch/middleware/host_authorization.rb:83:in `call'
webpacker (4.2.0) lib/webpacker/dev_server_proxy.rb:23:in `perform_request'
rack-proxy (0.6.5) lib/rack/proxy.rb:57:in `call'
railties (6.0.1) lib/rails/engine.rb:526:in `call'
puma (4.3.0) lib/puma/configuration.rb:228:in `call'
puma (4.3.0) lib/puma/server.rb:667:in `handle_request'
puma (4.3.0) lib/puma/server.rb:470:in `process_client'
puma (4.3.0) lib/puma/server.rb:328:in `block in run'
puma (4.3.0) lib/puma/thread_pool.rb:134:in `block in spawn_thread'
Started POST "/users" for ::1 at 2019-11-20 17:21:42 -0300
  [1m[35m (0.1ms)[0m  [1m[34mSELECT sqlite_version(*)[0m
Processing by UsersController#create as */*
  Parameters: {"xml"=>"<users><user><login>login</login><password>senha</password></user></users>"}
HTTP Origin header (http://localhost:63342) didn't match request.base_url (http://localhost:3000)
Completed 422 Unprocessable Entity in 0ms (ActiveRecord: 0.0ms | Allocations: 461)


  
ActionController::InvalidAuthenticityToken (ActionController::InvalidAuthenticityToken):
  
actionpack (6.0.1) lib/action_controller/metal/request_forgery_protection.rb:217:in `handle_unverified_request'
actionpack (6.0.1) lib/action_controller/metal/request_forgery_protection.rb:249:in `handle_unverified_request'
actionpack (6.0.1) lib/action_controller/metal/request_forgery_protection.rb:244:in `verify_authenticity_token'
activesupport (6.0.1) lib/active_support/callbacks.rb:429:in `block in make_lambda'
activesupport (6.0.1) lib/active_support/callbacks.rb:201:in `block (2 levels) in halting'
actionpack (6.0.1) lib/abstract_controller/callbacks.rb:34:in `block (2 levels) in <module:Callbacks>'
activesupport (6.0.1) lib/active_support/callbacks.rb:202:in `block in halting'
activesupport (6.0.1) lib/active_support/callbacks.rb:514:in `block in invoke_before'
activesupport (6.0.1) lib/active_support/callbacks.rb:514:in `each'
activesupport (6.0.1) lib/active_support/callbacks.rb:514:in `invoke_before'
activesupport (6.0.1) lib/active_support/callbacks.rb:134:in `run_callbacks'
actionpack (6.0.1) lib/abstract_controller/callbacks.rb:41:in `process_action'
actionpack (6.0.1) lib/action_controller/metal/rescue.rb:22:in `process_action'
actionpack (6.0.1) lib/action_controller/metal/instrumentation.rb:33:in `block in process_action'
activesupport (6.0.1) lib/active_support/notifications.rb:180:in `block in instrument'
activesupport (6.0.1) lib/active_support/notifications/instrumenter.rb:24:in `instrument'
activesupport (6.0.1) lib/active_support/notifications.rb:180:in `instrument'
actionpack (6.0.1) lib/action_controller/metal/instrumentation.rb:32:in `process_action'
actionpack (6.0.1) lib/action_controller/metal/params_wrapper.rb:245:in `process_action'
activerecord (6.0.1) lib/active_record/railties/controller_runtime.rb:27:in `process_action'
actionpack (6.0.1) lib/abstract_controller/base.rb:136:in `process'
actionview (6.0.1) lib/action_view/rendering.rb:39:in `process'
actionpack (6.0.1) lib/action_controller/metal.rb:191:in `dispatch'
actionpack (6.0.1) lib/action_controller/metal.rb:252:in `dispatch'
actionpack (6.0.1) lib/action_dispatch/routing/route_set.rb:51:in `dispatch'
actionpack (6.0.1) lib/action_dispatch/routing/route_set.rb:33:in `serve'
actionpack (6.0.1) lib/action_dispatch/journey/router.rb:49:in `block in serve'
actionpack (6.0.1) lib/action_dispatch/journey/router.rb:32:in `each'
actionpack (6.0.1) lib/action_dispatch/journey/router.rb:32:in `serve'
actionpack (6.0.1) lib/action_dispatch/routing/route_set.rb:837:in `call'
rack (2.0.7) lib/rack/tempfile_reaper.rb:15:in `call'
rack (2.0.7) lib/rack/etag.rb:25:in `call'
rack (2.0.7) lib/rack/conditional_get.rb:38:in `call'
rack (2.0.7) lib/rack/head.rb:12:in `call'
actionpack (6.0.1) lib/action_dispatch/http/content_security_policy.rb:18:in `call'
rack (2.0.7) lib/rack/session/abstract/id.rb:232:in `context'
rack (2.0.7) lib/rack/session/abstract/id.rb:226:in `call'
actionpack (6.0.1) lib/action_dispatch/middleware/cookies.rb:648:in `call'
activerecord (6.0.1) lib/active_record/migration.rb:567:in `call'
actionpack (6.0.1) lib/action_dispatch/middleware/callbacks.rb:27:in `block in call'
activesupport (6.0.1) lib/active_support/callbacks.rb:101:in `run_callbacks'
actionpack (6.0.1) lib/action_dispatch/middleware/callbacks.rb:26:in `call'
actionpack (6.0.1) lib/action_dispatch/middleware/executor.rb:14:in `call'
actionpack (6.0.1) lib/action_dispatch/middleware/actionable_exceptions.rb:17:in `call'
actionpack (6.0.1) lib/action_dispatch/middleware/debug_exceptions.rb:32:in `call'
web-console (4.0.1) lib/web_console/middleware.rb:132:in `call_app'
web-console (4.0.1) lib/web_console/middleware.rb:28:in `block in call'
web-console (4.0.1) lib/web_console/middleware.rb:17:in `catch'
web-console (4.0.1) lib/web_console/middleware.rb:17:in `call'
actionpack (6.0.1) lib/action_dispatch/middleware/show_exceptions.rb:33:in `call'
railties (6.0.1) lib/rails/rack/logger.rb:38:in `call_app'
railties (6.0.1) lib/rails/rack/logger.rb:26:in `block in call'
activesupport (6.0.1) lib/active_support/tagged_logging.rb:80:in `block in tagged'
activesupport (6.0.1) lib/active_support/tagged_logging.rb:28:in `tagged'
activesupport (6.0.1) lib/active_support/tagged_logging.rb:80:in `tagged'
railties (6.0.1) lib/rails/rack/logger.rb:26:in `call'
sprockets-rails (3.2.1) lib/sprockets/rails/quiet_assets.rb:13:in `call'
actionpack (6.0.1) lib/action_dispatch/middleware/remote_ip.rb:81:in `call'
actionpack (6.0.1) lib/action_dispatch/middleware/request_id.rb:27:in `call'
rack (2.0.7) lib/rack/method_override.rb:22:in `call'
rack (2.0.7) lib/rack/runtime.rb:22:in `call'
activesupport (6.0.1) lib/active_support/cache/strategy/local_cache_middleware.rb:29:in `call'
actionpack (6.0.1) lib/action_dispatch/middleware/executor.rb:14:in `call'
actionpack (6.0.1) lib/action_dispatch/middleware/static.rb:126:in `call'
rack (2.0.7) lib/rack/sendfile.rb:111:in `call'
actionpack (6.0.1) lib/action_dispatch/middleware/host_authorization.rb:83:in `call'
webpacker (4.2.0) lib/webpacker/dev_server_proxy.rb:23:in `perform_request'
rack-proxy (0.6.5) lib/rack/proxy.rb:57:in `call'
railties (6.0.1) lib/rails/engine.rb:526:in `call'
puma (4.3.0) lib/puma/configuration.rb:228:in `call'
puma (4.3.0) lib/puma/server.rb:667:in `handle_request'
puma (4.3.0) lib/puma/server.rb:470:in `process_client'
puma (4.3.0) lib/puma/server.rb:328:in `block in run'
puma (4.3.0) lib/puma/thread_pool.rb:134:in `block in spawn_thread'
Started POST "/users" for ::1 at 2019-11-20 17:21:52 -0300
Processing by UsersController#create as */*
  Parameters: {"xml"=>"<users><user><login>login</login><password>senha</password></user></users>"}
HTTP Origin header (http://localhost:63342) didn't match request.base_url (http://localhost:3000)
Completed 422 Unprocessable Entity in 1ms (ActiveRecord: 0.0ms | Allocations: 456)


  
ActionController::InvalidAuthenticityToken (ActionController::InvalidAuthenticityToken):
  
actionpack (6.0.1) lib/action_controller/metal/request_forgery_protection.rb:217:in `handle_unverified_request'
actionpack (6.0.1) lib/action_controller/metal/request_forgery_protection.rb:249:in `handle_unverified_request'
actionpack (6.0.1) lib/action_controller/metal/request_forgery_protection.rb:244:in `verify_authenticity_token'
activesupport (6.0.1) lib/active_support/callbacks.rb:429:in `block in make_lambda'
activesupport (6.0.1) lib/active_support/callbacks.rb:201:in `block (2 levels) in halting'
actionpack (6.0.1) lib/abstract_controller/callbacks.rb:34:in `block (2 levels) in <module:Callbacks>'
activesupport (6.0.1) lib/active_support/callbacks.rb:202:in `block in halting'
activesupport (6.0.1) lib/active_support/callbacks.rb:514:in `block in invoke_before'
activesupport (6.0.1) lib/active_support/callbacks.rb:514:in `each'
activesupport (6.0.1) lib/active_support/callbacks.rb:514:in `invoke_before'
activesupport (6.0.1) lib/active_support/callbacks.rb:134:in `run_callbacks'
actionpack (6.0.1) lib/abstract_controller/callbacks.rb:41:in `process_action'
actionpack (6.0.1) lib/action_controller/metal/rescue.rb:22:in `process_action'
actionpack (6.0.1) lib/action_controller/metal/instrumentation.rb:33:in `block in process_action'
activesupport (6.0.1) lib/active_support/notifications.rb:180:in `block in instrument'
activesupport (6.0.1) lib/active_support/notifications/instrumenter.rb:24:in `instrument'
activesupport (6.0.1) lib/active_support/notifications.rb:180:in `instrument'
actionpack (6.0.1) lib/action_controller/metal/instrumentation.rb:32:in `process_action'
actionpack (6.0.1) lib/action_controller/metal/params_wrapper.rb:245:in `process_action'
activerecord (6.0.1) lib/active_record/railties/controller_runtime.rb:27:in `process_action'
actionpack (6.0.1) lib/abstract_controller/base.rb:136:in `process'
actionview (6.0.1) lib/action_view/rendering.rb:39:in `process'
actionpack (6.0.1) lib/action_controller/metal.rb:191:in `dispatch'
actionpack (6.0.1) lib/action_controller/metal.rb:252:in `dispatch'
actionpack (6.0.1) lib/action_dispatch/routing/route_set.rb:51:in `dispatch'
actionpack (6.0.1) lib/action_dispatch/routing/route_set.rb:33:in `serve'
actionpack (6.0.1) lib/action_dispatch/journey/router.rb:49:in `block in serve'
actionpack (6.0.1) lib/action_dispatch/journey/router.rb:32:in `each'
actionpack (6.0.1) lib/action_dispatch/journey/router.rb:32:in `serve'
actionpack (6.0.1) lib/action_dispatch/routing/route_set.rb:837:in `call'
rack (2.0.7) lib/rack/tempfile_reaper.rb:15:in `call'
rack (2.0.7) lib/rack/etag.rb:25:in `call'
rack (2.0.7) lib/rack/conditional_get.rb:38:in `call'
rack (2.0.7) lib/rack/head.rb:12:in `call'
actionpack (6.0.1) lib/action_dispatch/http/content_security_policy.rb:18:in `call'
rack (2.0.7) lib/rack/session/abstract/id.rb:232:in `context'
rack (2.0.7) lib/rack/session/abstract/id.rb:226:in `call'
actionpack (6.0.1) lib/action_dispatch/middleware/cookies.rb:648:in `call'
activerecord (6.0.1) lib/active_record/migration.rb:567:in `call'
actionpack (6.0.1) lib/action_dispatch/middleware/callbacks.rb:27:in `block in call'
activesupport (6.0.1) lib/active_support/callbacks.rb:101:in `run_callbacks'
actionpack (6.0.1) lib/action_dispatch/middleware/callbacks.rb:26:in `call'
actionpack (6.0.1) lib/action_dispatch/middleware/executor.rb:14:in `call'
actionpack (6.0.1) lib/action_dispatch/middleware/actionable_exceptions.rb:17:in `call'
actionpack (6.0.1) lib/action_dispatch/middleware/debug_exceptions.rb:32:in `call'
web-console (4.0.1) lib/web_console/middleware.rb:132:in `call_app'
web-console (4.0.1) lib/web_console/middleware.rb:28:in `block in call'
web-console (4.0.1) lib/web_console/middleware.rb:17:in `catch'
web-console (4.0.1) lib/web_console/middleware.rb:17:in `call'
actionpack (6.0.1) lib/action_dispatch/middleware/show_exceptions.rb:33:in `call'
railties (6.0.1) lib/rails/rack/logger.rb:38:in `call_app'
railties (6.0.1) lib/rails/rack/logger.rb:26:in `block in call'
activesupport (6.0.1) lib/active_support/tagged_logging.rb:80:in `block in tagged'
activesupport (6.0.1) lib/active_support/tagged_logging.rb:28:in `tagged'
activesupport (6.0.1) lib/active_support/tagged_logging.rb:80:in `tagged'
railties (6.0.1) lib/rails/rack/logger.rb:26:in `call'
sprockets-rails (3.2.1) lib/sprockets/rails/quiet_assets.rb:13:in `call'
actionpack (6.0.1) lib/action_dispatch/middleware/remote_ip.rb:81:in `call'
actionpack (6.0.1) lib/action_dispatch/middleware/request_id.rb:27:in `call'
rack (2.0.7) lib/rack/method_override.rb:22:in `call'
rack (2.0.7) lib/rack/runtime.rb:22:in `call'
activesupport (6.0.1) lib/active_support/cache/strategy/local_cache_middleware.rb:29:in `call'
actionpack (6.0.1) lib/action_dispatch/middleware/executor.rb:14:in `call'
actionpack (6.0.1) lib/action_dispatch/middleware/static.rb:126:in `call'
rack (2.0.7) lib/rack/sendfile.rb:111:in `call'
actionpack (6.0.1) lib/action_dispatch/middleware/host_authorization.rb:83:in `call'
webpacker (4.2.0) lib/webpacker/dev_server_proxy.rb:23:in `perform_request'
rack-proxy (0.6.5) lib/rack/proxy.rb:57:in `call'
railties (6.0.1) lib/rails/engine.rb:526:in `call'
puma (4.3.0) lib/puma/configuration.rb:228:in `call'
puma (4.3.0) lib/puma/server.rb:667:in `handle_request'
puma (4.3.0) lib/puma/server.rb:470:in `process_client'
puma (4.3.0) lib/puma/server.rb:328:in `block in run'
puma (4.3.0) lib/puma/thread_pool.rb:134:in `block in spawn_thread'
Started POST "/users" for ::1 at 2019-11-20 17:23:07 -0300
  [1m[35m (0.5ms)[0m  [1m[34mSELECT sqlite_version(*)[0m
  [1m[35m (0.1ms)[0m  [1m[34mSELECT "schema_migrations"."version" FROM "schema_migrations" ORDER BY "schema_migrations"."version" ASC[0m
Processing by UsersController#create as */*
  Parameters: {"xml"=>"<users><user><login>login</login><password>senha</password></user></users>"}
No template found for UsersController#create, rendering head :no_content
Completed 204 No Content in 7ms (ActiveRecord: 0.0ms | Allocations: 1867)


Started POST "/users" for ::1 at 2019-11-20 17:24:56 -0300
  [1m[35m (0.1ms)[0m  [1m[34mSELECT sqlite_version(*)[0m
Processing by UsersController#create as */*
  Parameters: {"xml"=>"<users><user><login>login</login><password>senha</password></user></users>"}
No template found for UsersController#create, rendering head :no_content
Completed 204 No Content in 147ms (ActiveRecord: 0.0ms | Allocations: 28395)


Started POST "/users" for ::1 at 2019-11-20 17:25:19 -0300
  [1m[35m (0.1ms)[0m  [1m[34mSELECT sqlite_version(*)[0m
Processing by UsersController#create as */*
  Parameters: {"xml"=>"<users><user><login>login</login><password>senha</password></user></users>"}
Completed 500 Internal Server Error in 5ms (ActiveRecord: 0.0ms | Allocations: 1536)


  
NoMethodError (undefined method `inject' for nil:NilClass):
  
app/controllers/users_controller.rb:7:in `create'
Started POST "/users" for ::1 at 2019-11-20 17:25:49 -0300
  [1m[35m (0.1ms)[0m  [1m[34mSELECT sqlite_version(*)[0m
Processing by UsersController#create as */*
  Parameters: {"xml"=>"<users><user><login>login</login><password>senha</password></user></users>"}
No template found for UsersController#create, rendering head :no_content
Completed 204 No Content in 2ms (ActiveRecord: 0.0ms | Allocations: 871)


Started POST "/users" for ::1 at 2019-11-20 17:26:05 -0300
  [1m[35m (6.8ms)[0m  [1m[34mSELECT sqlite_version(*)[0m
  [1m[35m (0.1ms)[0m  [1m[34mSELECT "schema_migrations"."version" FROM "schema_migrations" ORDER BY "schema_migrations"."version" ASC[0m
Processing by UsersController#create as */*
  Parameters: {"xml"=>"<users><user><login>login</login><password>senha</password></user></users>"}
No template found for UsersController#create, rendering head :no_content
Completed 204 No Content in 66ms (ActiveRecord: 0.0ms | Allocations: 13058)


Started POST "/users" for ::1 at 2019-11-20 17:26:36 -0300
  [1m[35m (0.1ms)[0m  [1m[34mSELECT sqlite_version(*)[0m
  
SyntaxError (/Users/rprandi/Documents/dev/rprandi/sql-injection-study/injection-backend/app/controllers/users_controller.rb:12: syntax error, unexpected end, expecting end-of-input):
  
app/controllers/users_controller.rb:12: syntax error, unexpected end, expecting end-of-input
app/controllers/users_controller.rb:12: syntax error, unexpected end, expecting end-of-input
app/controllers/users_controller.rb:12: syntax error, unexpected end, expecting end-of-input
Started POST "/users" for ::1 at 2019-11-20 17:26:52 -0300
  [1m[35m (0.1ms)[0m  [1m[34mSELECT sqlite_version(*)[0m
Processing by UsersController#create as */*
  Parameters: {"xml"=>"<users><user><login>login</login><password>senha</password></user></users>"}
No template found for UsersController#create, rendering head :no_content
Completed 204 No Content in 4ms (ActiveRecord: 0.0ms | Allocations: 2413)


Started POST "/users" for ::1 at 2019-11-20 17:27:24 -0300
  [1m[35m (0.1ms)[0m  [1m[34mSELECT sqlite_version(*)[0m
Processing by UsersController#create as */*
  Parameters: {"xml"=>"<users><user><login>login</login><password>senha</password></user></users>"}
Completed 500 Internal Server Error in 2ms (ActiveRecord: 0.0ms | Allocations: 1476)


  
NoMethodError (undefined method `each' for nil:NilClass):
  
app/controllers/users_controller.rb:11:in `create'
Started POST "/users" for ::1 at 2019-11-20 17:27:40 -0300
  [1m[35m (0.1ms)[0m  [1m[34mSELECT sqlite_version(*)[0m
Processing by UsersController#create as */*
  Parameters: {"xml"=>"<users><user><login>login</login><password>senha</password></user></users>"}
No template found for UsersController#create, rendering head :no_content
Completed 204 No Content in 1ms (ActiveRecord: 0.0ms | Allocations: 861)


Started POST "/users" for ::1 at 2019-11-20 17:28:10 -0300
  [1m[35m (0.1ms)[0m  [1m[34mSELECT sqlite_version(*)[0m
Processing by UsersController#create as */*
  Parameters: {"xml"=>"<users><user><login>login</login><password>senha</password></user></users>"}
Completed 500 Internal Server Error in 1ms (ActiveRecord: 0.0ms | Allocations: 1465)


  
NoMethodError (undefined method `keys' for nil:NilClass):
  
app/controllers/users_controller.rb:11:in `create'
Started POST "/users" for ::1 at 2019-11-20 17:28:14 -0300
Processing by UsersController#create as */*
  Parameters: {"xml"=>"<users><user><login>login</login><password>senha</password></user></users>"}
Completed 500 Internal Server Error in 3ms (ActiveRecord: 0.0ms | Allocations: 1456)


  
NoMethodError (undefined method `keys' for nil:NilClass):
  
app/controllers/users_controller.rb:11:in `create'
Started POST "/users" for ::1 at 2019-11-20 17:29:06 -0300
  [1m[35m (0.1ms)[0m  [1m[34mSELECT sqlite_version(*)[0m
Processing by UsersController#create as */*
  Parameters: {"xml"=>"<users><user><login>login</login><password>senha</password></user></users>"}
No template found for UsersController#create, rendering head :no_content
Completed 204 No Content in 1ms (ActiveRecord: 0.0ms | Allocations: 852)


Started POST "/users" for ::1 at 2019-11-20 17:29:19 -0300
  [1m[35m (0.1ms)[0m  [1m[34mSELECT sqlite_version(*)[0m
Processing by UsersController#create as */*
  Parameters: {"xml"=>"<users><user><login>login</login><password>senha</password></user></users>"}
No template found for UsersController#create, rendering head :no_content
Completed 204 No Content in 1ms (ActiveRecord: 0.0ms | Allocations: 860)


Started POST "/users" for ::1 at 2019-11-20 17:29:40 -0300
  [1m[35m (0.0ms)[0m  [1m[34mSELECT sqlite_version(*)[0m
Processing by UsersController#create as */*
  Parameters: {"xml"=>"<users><user><login>login</login><password>senha</password></user></users>"}
No template found for UsersController#create, rendering head :no_content
Completed 204 No Content in 2ms (ActiveRecord: 0.0ms | Allocations: 866)


Started POST "/users" for ::1 at 2019-11-20 17:30:08 -0300
  [1m[35m (0.1ms)[0m  [1m[34mSELECT sqlite_version(*)[0m
Processing by UsersController#create as */*
  Parameters: {"xml"=>"<users><user><login>login</login><password>senha</password></user></users>"}
No template found for UsersController#create, rendering head :no_content
Completed 204 No Content in 2ms (ActiveRecord: 0.0ms | Allocations: 877)


Started POST "/users" for ::1 at 2019-11-20 17:30:57 -0300
  [1m[35m (0.1ms)[0m  [1m[34mSELECT sqlite_version(*)[0m
Processing by UsersController#create as */*
  Parameters: {"xml"=>"<users><user><login>login</login><password>senha</password></user></users>"}
Completed 500 Internal Server Error in 1ms (ActiveRecord: 0.0ms | Allocations: 1098)


  
TypeError (no implicit conversion of Symbol into Integer):
  
app/controllers/users_controller.rb:13:in `block in create'
app/controllers/users_controller.rb:11:in `each'
app/controllers/users_controller.rb:11:in `create'
Started POST "/users" for ::1 at 2019-11-20 17:31:12 -0300
  [1m[35m (0.1ms)[0m  [1m[34mSELECT sqlite_version(*)[0m
Processing by UsersController#create as */*
  Parameters: {"xml"=>"<users><user><login>login</login><password>senha</password></user></users>"}
Completed 500 Internal Server Error in 1ms (ActiveRecord: 0.0ms | Allocations: 1133)


  
TypeError (no implicit conversion of Symbol into Integer):
  
app/controllers/users_controller.rb:12:in `block in create'
app/controllers/users_controller.rb:11:in `each'
app/controllers/users_controller.rb:11:in `create'
Started POST "/users" for ::1 at 2019-11-20 17:31:37 -0300
  [1m[35m (0.1ms)[0m  [1m[34mSELECT sqlite_version(*)[0m
Processing by UsersController#create as */*
  Parameters: {"xml"=>"<users><user><login>login</login><password>senha</password></user></users>"}
Completed 500 Internal Server Error in 1ms (ActiveRecord: 0.0ms | Allocations: 1106)


  
TypeError (no implicit conversion of Symbol into Integer):
  
app/controllers/users_controller.rb:12:in `block in create'
app/controllers/users_controller.rb:11:in `each'
app/controllers/users_controller.rb:11:in `create'
Started POST "/users" for ::1 at 2019-11-20 17:31:43 -0300
Processing by UsersController#create as */*
  Parameters: {"xml"=>"<users><user><login>login</login><password>senha</password></user></users>"}
Completed 500 Internal Server Error in 3ms (ActiveRecord: 0.0ms | Allocations: 1099)


  
TypeError (no implicit conversion of Symbol into Integer):
  
app/controllers/users_controller.rb:12:in `block in create'
app/controllers/users_controller.rb:11:in `each'
app/controllers/users_controller.rb:11:in `create'
Started POST "/users" for ::1 at 2019-11-20 17:32:04 -0300
  [1m[35m (0.1ms)[0m  [1m[34mSELECT sqlite_version(*)[0m
Processing by UsersController#create as */*
  Parameters: {"xml"=>"<users><user><login>login</login><password>senha</password></user></users>"}
Completed 500 Internal Server Error in 1ms (ActiveRecord: 0.0ms | Allocations: 1132)


  
TypeError (no implicit conversion of Symbol into Integer):
  
app/controllers/users_controller.rb:11:in `block in create'
app/controllers/users_controller.rb:9:in `each'
app/controllers/users_controller.rb:9:in `create'
Started POST "/users" for ::1 at 2019-11-20 17:32:09 -0300
Processing by UsersController#create as */*
  Parameters: {"xml"=>"<users><user><login>login</login><password>senha</password></user></users>"}
Completed 500 Internal Server Error in 4ms (ActiveRecord: 0.0ms | Allocations: 1086)


  
TypeError (no implicit conversion of Symbol into Integer):
  
app/controllers/users_controller.rb:11:in `block in create'
app/controllers/users_controller.rb:9:in `each'
app/controllers/users_controller.rb:9:in `create'
Started POST "/users" for ::1 at 2019-11-20 17:33:57 -0300
  [1m[35m (0.1ms)[0m  [1m[34mSELECT sqlite_version(*)[0m
Processing by UsersController#create as */*
  Parameters: {"xml"=>"<users><user><login>login</login><password>senha</password></user></users>"}
No template found for UsersController#create, rendering head :no_content
Completed 204 No Content in 1ms (ActiveRecord: 0.0ms | Allocations: 453)


Started POST "/users" for ::1 at 2019-11-20 17:34:37 -0300
  [1m[35m (0.1ms)[0m  [1m[34mSELECT sqlite_version(*)[0m
Processing by UsersController#create as */*
  Parameters: {"xml"=>"<users><user><login>login</login><password>senha</password></user></users>"}
No template found for UsersController#create, rendering head :no_content
Completed 204 No Content in 3ms (ActiveRecord: 0.0ms | Allocations: 412)


Started POST "/users" for ::1 at 2019-11-20 17:34:56 -0300
  [1m[35m (0.1ms)[0m  [1m[34mSELECT sqlite_version(*)[0m
Processing by UsersController#create as */*
  Parameters: {"xml"=>"<users><user><login>login</login><password>senha</password></user></users>"}
No template found for UsersController#create, rendering head :no_content
Completed 204 No Content in 1ms (ActiveRecord: 0.0ms | Allocations: 363)


Started POST "/users" for ::1 at 2019-11-20 17:36:04 -0300
Processing by UsersController#create as */*
  Parameters: {"xml"=>"<users><user><login>login</login><password>password</password><user><login>LoginMalicioso</login><password>SenhaMaliciosa</password></user></password></user></users>"}
No template found for UsersController#create, rendering head :no_content
Completed 204 No Content in 1ms (ActiveRecord: 0.0ms | Allocations: 396)


Started POST "/users" for ::1 at 2019-11-20 17:37:38 -0300
  [1m[35m (0.1ms)[0m  [1m[34mSELECT sqlite_version(*)[0m
Processing by UsersController#create as */*
  Parameters: {"xml"=>"<users><user><login>login</login><password>senha</password></user></users>"}
No template found for UsersController#create, rendering head :no_content
Completed 204 No Content in 1ms (ActiveRecord: 0.0ms | Allocations: 542)


Started POST "/users" for ::1 at 2019-11-20 17:38:44 -0300
  [1m[35m (0.1ms)[0m  [1m[34mSELECT sqlite_version(*)[0m
Processing by UsersController#create as */*
  Parameters: {"xml"=>"<users><user><login>login</login><password>senha</password></user></users>"}
Completed 500 Internal Server Error in 2ms (ActiveRecord: 0.0ms | Allocations: 1510)


  
NoMethodError (undefined method `css' for "loginsenha":String):
  
app/controllers/users_controller.rb:13:in `block in create'
app/controllers/users_controller.rb:9:in `create'
Started POST "/users" for ::1 at 2019-11-20 17:39:09 -0300
  [1m[35m (0.1ms)[0m  [1m[34mSELECT sqlite_version(*)[0m
Processing by UsersController#create as */*
  Parameters: {"xml"=>"<users><user><login>login</login><password>senha</password></user></users>"}
No template found for UsersController#create, rendering head :no_content
Completed 204 No Content in 10ms (ActiveRecord: 0.0ms | Allocations: 409)


Started POST "/users" for ::1 at 2019-11-20 17:39:25 -0300
  [1m[35m (0.1ms)[0m  [1m[34mSELECT sqlite_version(*)[0m
Processing by UsersController#create as */*
  Parameters: {"xml"=>"<users><user><login>login</login><password>senha</password></user></users>"}
No template found for UsersController#create, rendering head :no_content
Completed 204 No Content in 1ms (ActiveRecord: 0.0ms | Allocations: 589)


Started POST "/users" for ::1 at 2019-11-20 17:40:02 -0300
  [1m[35m (0.1ms)[0m  [1m[34mSELECT sqlite_version(*)[0m
Processing by UsersController#create as */*
  Parameters: {"xml"=>"<users><user><login>login</login><password>senha</password></user></users>"}
No template found for UsersController#create, rendering head :no_content
Completed 204 No Content in 1ms (ActiveRecord: 0.0ms | Allocations: 601)


Started POST "/users" for ::1 at 2019-11-20 17:40:14 -0300
Processing by UsersController#create as */*
  Parameters: {"xml"=>"<users><user><login>login</login><password>password</password><user><login>LoginMalicioso</login><password>SenhaMaliciosa</password></user></password></user></users>"}
No template found for UsersController#create, rendering head :no_content
Completed 204 No Content in 5ms (ActiveRecord: 0.0ms | Allocations: 690)


Started POST "/users" for ::1 at 2019-11-20 17:41:05 -0300
Processing by UsersController#create as */*
  Parameters: {"xml"=>"<users><user><login>login</login><password>password</password></user><user><login>LoginMalicioso</login><password>SenhaMaliciosa</password></user><user></password></user></users>"}
No template found for UsersController#create, rendering head :no_content
Completed 204 No Content in 4ms (ActiveRecord: 0.0ms | Allocations: 723)


Started POST "/users" for ::1 at 2019-11-20 17:41:46 -0300
Processing by UsersController#create as */*
  Parameters: {"xml"=>"<users><user><login>login</login><password>password</password></user><user><login>LoginMalicioso</login><password>SenhaMaliciosa</password></user><user><login></login><password></password></user></users>"}
No template found for UsersController#create, rendering head :no_content
Completed 204 No Content in 8ms (ActiveRecord: 0.0ms | Allocations: 772)


Started POST "/users" for ::1 at 2019-11-20 17:43:34 -0300
  [1m[35m (0.1ms)[0m  [1m[34mSELECT sqlite_version(*)[0m
Processing by UsersController#create as */*
  Parameters: {"xml"=>"<users><user><login>login</login><password>senha</password></user></users>"}
No template found for UsersController#create, rendering head :no_content
Completed 204 No Content in 1ms (ActiveRecord: 0.0ms | Allocations: 608)


Started POST "/users" for ::1 at 2019-11-20 17:44:02 -0300
  [1m[35m (0.1ms)[0m  [1m[34mSELECT sqlite_version(*)[0m
Processing by UsersController#create as */*
  Parameters: {"xml"=>"<users><user><login>login</login><password>senha</password></user></users>"}
No template found for UsersController#create, rendering head :no_content
Completed 204 No Content in 1ms (ActiveRecord: 0.0ms | Allocations: 616)


Started POST "/users" for ::1 at 2019-11-20 17:45:42 -0300
  [1m[35m (0.1ms)[0m  [1m[34mSELECT sqlite_version(*)[0m
Processing by UsersController#create as */*
  Parameters: {"xml"=>"<users><user><login>login</login><password>password</password></user><user><login>LoginMalicioso</login><password>SenhaMaliciosa</password></user><user><login></login><password></password></user></users>"}
No template found for UsersController#create, rendering head :no_content
Completed 204 No Content in 2ms (ActiveRecord: 0.0ms | Allocations: 840)


Started POST "/users" for ::1 at 2019-11-20 17:46:53 -0300
  [1m[35m (0.1ms)[0m  [1m[34mSELECT sqlite_version(*)[0m
Processing by UsersController#create as */*
  Parameters: {"xml"=>"<users><user><login>login</login><password>senha</password></user></users>"}
Completed 500 Internal Server Error in 217ms (ActiveRecord: 0.0ms | Allocations: 95945)


  
NameError (undefined local variable or method `x' for #<UsersController:0x00007fdf801454f8>):
  
app/controllers/users_controller.rb:7:in `create'
Started POST "/users" for ::1 at 2019-11-20 17:47:05 -0300
  [1m[35m (0.1ms)[0m  [1m[34mSELECT sqlite_version(*)[0m
Processing by UsersController#create as */*
  Parameters: {"xml"=>"<users><user><login>login</login><password>senha</password></user></users>"}
Completed 500 Internal Server Error in 2ms (ActiveRecord: 0.0ms | Allocations: 1489)


  
NoMethodError (undefined method `inject' for nil:NilClass):
  
app/controllers/users_controller.rb:7:in `create'
Started POST "/users" for ::1 at 2019-11-20 17:47:25 -0300
  [1m[35m (0.1ms)[0m  [1m[34mSELECT sqlite_version(*)[0m
Processing by UsersController#create as */*
  Parameters: {"xml"=>"<users><user><login>login</login><password>senha</password></user></users>"}
No template found for UsersController#create, rendering head :no_content
Completed 204 No Content in 5ms (ActiveRecord: 0.0ms | Allocations: 860)


Started POST "/users" for ::1 at 2019-11-20 17:47:39 -0300
  [1m[35m (0.1ms)[0m  [1m[34mSELECT sqlite_version(*)[0m
Processing by UsersController#create as */*
  Parameters: {"xml"=>"<users><user><login>login</login><password>senha</password></user></users>"}
No template found for UsersController#create, rendering head :no_content
Completed 204 No Content in 1ms (ActiveRecord: 0.0ms | Allocations: 872)


Started POST "/users" for ::1 at 2019-11-20 17:48:27 -0300
  [1m[35m (0.1ms)[0m  [1m[34mSELECT sqlite_version(*)[0m
Processing by UsersController#create as */*
  Parameters: {"xml"=>"<users><user><login>login</login><password>senha</password></user></users>"}
Completed 500 Internal Server Error in 1ms (ActiveRecord: 0.0ms | Allocations: 1088)


  
TypeError (no implicit conversion of String into Integer):
  
app/controllers/users_controller.rb:8:in `[]'
app/controllers/users_controller.rb:8:in `block in create'
app/controllers/users_controller.rb:7:in `each'
app/controllers/users_controller.rb:7:in `inject'
app/controllers/users_controller.rb:7:in `create'
Started POST "/users" for ::1 at 2019-11-20 17:49:12 -0300
  [1m[35m (0.0ms)[0m  [1m[34mSELECT sqlite_version(*)[0m
Processing by UsersController#create as */*
  Parameters: {"xml"=>"<users><user><login>login</login><password>senha</password></user></users>"}
Completed 500 Internal Server Error in 1ms (ActiveRecord: 0.0ms | Allocations: 1088)


  
TypeError (no implicit conversion of String into Integer):
  
app/controllers/users_controller.rb:8:in `[]'
app/controllers/users_controller.rb:8:in `block in create'
app/controllers/users_controller.rb:7:in `each'
app/controllers/users_controller.rb:7:in `inject'
app/controllers/users_controller.rb:7:in `create'
Started POST "/users" for ::1 at 2019-11-20 17:49:25 -0300
  [1m[35m (0.0ms)[0m  [1m[34mSELECT sqlite_version(*)[0m
Processing by UsersController#create as */*
  Parameters: {"xml"=>"<users><user><login>login</login><password>senha</password></user></users>"}
Completed 500 Internal Server Error in 1ms (ActiveRecord: 0.0ms | Allocations: 1127)


  
TypeError (no implicit conversion of String into Integer):
  
app/controllers/users_controller.rb:8:in `[]'
app/controllers/users_controller.rb:8:in `block in create'
app/controllers/users_controller.rb:7:in `each'
app/controllers/users_controller.rb:7:in `inject'
app/controllers/users_controller.rb:7:in `create'
Started POST "/users" for ::1 at 2019-11-20 17:49:33 -0300
Processing by UsersController#create as */*
  Parameters: {"xml"=>"<users><user><login>login</login><password>senha</password></user></users>"}
Completed 500 Internal Server Error in 3ms (ActiveRecord: 0.0ms | Allocations: 1081)


  
TypeError (no implicit conversion of String into Integer):
  
app/controllers/users_controller.rb:8:in `[]'
app/controllers/users_controller.rb:8:in `block in create'
app/controllers/users_controller.rb:7:in `each'
app/controllers/users_controller.rb:7:in `inject'
app/controllers/users_controller.rb:7:in `create'
Started POST "/users" for ::1 at 2019-11-20 17:49:40 -0300
Processing by UsersController#create as */*
  Parameters: {"xml"=>"<users><user><login>login</login><password>senha</password></user></users>"}
Completed 500 Internal Server Error in 3ms (ActiveRecord: 0.0ms | Allocations: 1081)


  
TypeError (no implicit conversion of String into Integer):
  
app/controllers/users_controller.rb:8:in `[]'
app/controllers/users_controller.rb:8:in `block in create'
app/controllers/users_controller.rb:7:in `each'
app/controllers/users_controller.rb:7:in `inject'
app/controllers/users_controller.rb:7:in `create'
Started POST "/users" for ::1 at 2019-11-20 17:50:06 -0300
  [1m[35m (0.1ms)[0m  [1m[34mSELECT sqlite_version(*)[0m
Processing by UsersController#create as */*
  Parameters: {"xml"=>"<users><user><login>login</login><password>senha</password></user></users>"}
Completed 500 Internal Server Error in 1ms (ActiveRecord: 0.0ms | Allocations: 1095)


  
TypeError (no implicit conversion of String into Integer):
  
app/controllers/users_controller.rb:9:in `[]'
app/controllers/users_controller.rb:9:in `block in create'
app/controllers/users_controller.rb:7:in `each'
app/controllers/users_controller.rb:7:in `inject'
app/controllers/users_controller.rb:7:in `create'
Started POST "/users" for ::1 at 2019-11-20 17:50:33 -0300
  [1m[35m (0.0ms)[0m  [1m[34mSELECT sqlite_version(*)[0m
Processing by UsersController#create as */*
  Parameters: {"xml"=>"<users><user><login>login</login><password>senha</password></user></users>"}
Completed 500 Internal Server Error in 1ms (ActiveRecord: 0.0ms | Allocations: 1133)


  
TypeError (no implicit conversion of String into Integer):
  
app/controllers/users_controller.rb:10:in `[]'
app/controllers/users_controller.rb:10:in `block in create'
app/controllers/users_controller.rb:7:in `each'
app/controllers/users_controller.rb:7:in `inject'
app/controllers/users_controller.rb:7:in `create'
Started POST "/users" for ::1 at 2019-11-20 17:51:11 -0300
  [1m[35m (0.0ms)[0m  [1m[34mSELECT sqlite_version(*)[0m
Processing by UsersController#create as */*
  Parameters: {"xml"=>"<users><user><login>login</login><password>senha</password></user></users>"}
No template found for UsersController#create, rendering head :no_content
Completed 204 No Content in 1ms (ActiveRecord: 0.0ms | Allocations: 882)


Started POST "/users" for ::1 at 2019-11-20 17:51:45 -0300
  [1m[35m (0.1ms)[0m  [1m[34mSELECT sqlite_version(*)[0m
Processing by UsersController#create as */*
  Parameters: {"xml"=>"<users><user><login>login</login><password>senha</password></user></users>"}
No template found for UsersController#create, rendering head :no_content
Completed 204 No Content in 1ms (ActiveRecord: 0.0ms | Allocations: 882)


Started POST "/users" for ::1 at 2019-11-20 17:52:14 -0300
  [1m[35m (0.1ms)[0m  [1m[34mSELECT sqlite_version(*)[0m
Processing by UsersController#create as */*
  Parameters: {"xml"=>"<users><user><login>login</login><password>senha</password></user></users>"}
Completed 500 Internal Server Error in 178ms (ActiveRecord: 0.0ms | Allocations: 96564)


  
NameError (undefined local variable or method `elemn' for #<UsersController:0x00007fdf800c0848>
Did you mean?  elem):
  
app/controllers/users_controller.rb:8:in `block in create'
app/controllers/users_controller.rb:7:in `each'
app/controllers/users_controller.rb:7:in `inject'
app/controllers/users_controller.rb:7:in `create'
Started POST "/users" for ::1 at 2019-11-20 17:52:23 -0300
  [1m[35m (0.1ms)[0m  [1m[34mSELECT sqlite_version(*)[0m
Processing by UsersController#create as */*
  Parameters: {"xml"=>"<users><user><login>login</login><password>senha</password></user></users>"}
No template found for UsersController#create, rendering head :no_content
Completed 204 No Content in 2ms (ActiveRecord: 0.0ms | Allocations: 864)


Started POST "/users" for ::1 at 2019-11-20 17:52:41 -0300
  [1m[35m (0.1ms)[0m  [1m[34mSELECT sqlite_version(*)[0m
Processing by UsersController#create as */*
  Parameters: {"xml"=>"<users><user><login>login</login><password>senha</password></user></users>"}
No template found for UsersController#create, rendering head :no_content
Completed 204 No Content in 1ms (ActiveRecord: 0.0ms | Allocations: 862)


Started POST "/users" for ::1 at 2019-11-20 17:52:54 -0300
  [1m[35m (0.0ms)[0m  [1m[34mSELECT sqlite_version(*)[0m
Processing by UsersController#create as */*
  Parameters: {"xml"=>"<users><user><login>login</login><password>senha</password></user></users>"}
No template found for UsersController#create, rendering head :no_content
Completed 204 No Content in 1ms (ActiveRecord: 0.0ms | Allocations: 862)


Started POST "/users" for ::1 at 2019-11-20 17:53:29 -0300
  [1m[35m (0.1ms)[0m  [1m[34mSELECT sqlite_version(*)[0m
Processing by UsersController#create as */*
  Parameters: {"xml"=>"<users><user><login>login</login><password>senha</password></user></users>"}
Completed 500 Internal Server Error in 1ms (ActiveRecord: 0.0ms | Allocations: 1090)


  
TypeError (no implicit conversion of nil into String):
  
app/controllers/users_controller.rb:9:in `+'
app/controllers/users_controller.rb:9:in `block in create'
app/controllers/users_controller.rb:7:in `each'
app/controllers/users_controller.rb:7:in `inject'
app/controllers/users_controller.rb:7:in `create'
Started POST "/users" for ::1 at 2019-11-20 17:54:02 -0300
  [1m[35m (0.1ms)[0m  [1m[34mSELECT sqlite_version(*)[0m
Processing by UsersController#create as */*
  Parameters: {"xml"=>"<users><user><login>login</login><password>senha</password></user></users>"}
Completed 500 Internal Server Error in 1ms (ActiveRecord: 0.0ms | Allocations: 1095)


  
TypeError (no implicit conversion of nil into String):
  
app/controllers/users_controller.rb:10:in `+'
app/controllers/users_controller.rb:10:in `block in create'
app/controllers/users_controller.rb:7:in `each'
app/controllers/users_controller.rb:7:in `inject'
app/controllers/users_controller.rb:7:in `create'
Started POST "/users" for ::1 at 2019-11-20 17:54:14 -0300
  [1m[35m (0.1ms)[0m  [1m[34mSELECT sqlite_version(*)[0m
Processing by UsersController#create as */*
  Parameters: {"xml"=>"<users><user><login>login</login><password>senha</password></user></users>"}
Completed 500 Internal Server Error in 1ms (ActiveRecord: 0.0ms | Allocations: 1143)


  
TypeError (no implicit conversion of nil into String):
  
app/controllers/users_controller.rb:11:in `+'
app/controllers/users_controller.rb:11:in `block in create'
app/controllers/users_controller.rb:7:in `each'
app/controllers/users_controller.rb:7:in `inject'
app/controllers/users_controller.rb:7:in `create'
Started POST "/users" for ::1 at 2019-11-20 17:54:25 -0300
  [1m[35m (0.0ms)[0m  [1m[34mSELECT sqlite_version(*)[0m
Processing by UsersController#create as */*
  Parameters: {"xml"=>"<users><user><login>login</login><password>senha</password></user></users>"}
No template found for UsersController#create, rendering head :no_content
Completed 204 No Content in 14ms (ActiveRecord: 0.0ms | Allocations: 867)


Started POST "/users" for ::1 at 2019-11-20 17:54:30 -0300
Processing by UsersController#create as */*
  Parameters: {"xml"=>"<users><user><login>login</login><password>password</password></user><user><login>LoginMalicioso</login><password>SenhaMaliciosa</password></user><user><login></login><password></password></user></users>"}
Completed 500 Internal Server Error in 3ms (ActiveRecord: 0.0ms | Allocations: 1754)


  
TypeError (no implicit conversion of String into Integer):
  
app/controllers/users_controller.rb:9:in `[]'
app/controllers/users_controller.rb:9:in `block in create'
app/controllers/users_controller.rb:7:in `each'
app/controllers/users_controller.rb:7:in `inject'
app/controllers/users_controller.rb:7:in `create'
Started POST "/users" for ::1 at 2019-11-20 17:54:46 -0300
  [1m[35m (0.1ms)[0m  [1m[34mSELECT sqlite_version(*)[0m
Processing by UsersController#create as */*
  Parameters: {"xml"=>"<users><user><login>login</login><password>password</password></user><user><login>LoginMalicioso</login><password>SenhaMaliciosa</password></user><user><login></login><password></password></user></users>"}
Completed 500 Internal Server Error in 1ms (ActiveRecord: 0.0ms | Allocations: 1781)


  
TypeError (no implicit conversion of String into Integer):
  
app/controllers/users_controller.rb:10:in `[]'
app/controllers/users_controller.rb:10:in `block in create'
app/controllers/users_controller.rb:7:in `each'
app/controllers/users_controller.rb:7:in `inject'
app/controllers/users_controller.rb:7:in `create'
Started POST "/users" for ::1 at 2019-11-20 17:55:11 -0300
  [1m[35m (0.1ms)[0m  [1m[34mSELECT sqlite_version(*)[0m
Processing by UsersController#create as */*
  Parameters: {"xml"=>"<users><user><login>login</login><password>password</password></user><user><login>LoginMalicioso</login><password>SenhaMaliciosa</password></user><user><login></login><password></password></user></users>"}
Completed 500 Internal Server Error in 1ms (ActiveRecord: 0.0ms | Allocations: 1818)


  
TypeError (no implicit conversion of String into Integer):
  
app/controllers/users_controller.rb:10:in `[]'
app/controllers/users_controller.rb:10:in `block in create'
app/controllers/users_controller.rb:7:in `each'
app/controllers/users_controller.rb:7:in `inject'
app/controllers/users_controller.rb:7:in `create'
Started POST "/users" for ::1 at 2019-11-20 17:55:37 -0300
  [1m[35m (0.1ms)[0m  [1m[34mSELECT sqlite_version(*)[0m
Processing by UsersController#create as */*
  Parameters: {"xml"=>"<users><user><login>login</login><password>p 'Novo Usuario:'       p 'Login: ' + elem.second['login']       p 'Senha: ' + elem.second['password']</password></user></users>"}
No template found for UsersController#create, rendering head :no_content
Completed 204 No Content in 1ms (ActiveRecord: 0.0ms | Allocations: 896)


Started POST "/users" for ::1 at 2019-11-20 17:56:02 -0300
  [1m[35m (0.1ms)[0m  [1m[34mSELECT sqlite_version(*)[0m
Processing by UsersController#create as */*
  Parameters: {"xml"=>"<users><user><login>login</login><password>p 'Novo Usuario:'       p 'Login: ' + elem.second['login']       p 'Senha: ' + elem.second['password']</password></user></users>"}
No template found for UsersController#create, rendering head :no_content
Completed 204 No Content in 1ms (ActiveRecord: 0.0ms | Allocations: 904)


Started POST "/users" for ::1 at 2019-11-20 17:56:23 -0300
  [1m[35m (0.1ms)[0m  [1m[34mSELECT sqlite_version(*)[0m
Processing by UsersController#create as */*
  Parameters: {"xml"=>"<users><user><login>login</login><password>p 'Novo Usuario:'       p 'Login: ' + elem.second['login']       p 'Senha: ' + elem.second['password']</password></user></users>"}
No template found for UsersController#create, rendering head :no_content
Completed 204 No Content in 2ms (ActiveRecord: 0.0ms | Allocations: 886)


Started POST "/users" for ::1 at 2019-11-20 17:56:35 -0300
Processing by UsersController#create as */*
  Parameters: {"xml"=>"<users><user><login>login</login><password>password</password></user><user><login>LoginMalicioso</login><password>SenhaMaliciosa</password></user><user><login></login><password></password></user></users>"}
No template found for UsersController#create, rendering head :no_content
Completed 204 No Content in 6ms (ActiveRecord: 0.0ms | Allocations: 1520)


Started POST "/users" for ::1 at 2019-11-20 17:56:53 -0300
  [1m[35m (0.1ms)[0m  [1m[34mSELECT sqlite_version(*)[0m
Processing by UsersController#create as */*
  Parameters: {"xml"=>"<users><user><login>login</login><password>password</password></user><user><login>LoginMalicioso</login><password>SenhaMaliciosa</password></user><user><login></login><password></password></user></users>"}
Completed 500 Internal Server Error in 2ms (ActiveRecord: 0.0ms | Allocations: 1808)


  
TypeError (no implicit conversion of String into Integer):
  
app/controllers/users_controller.rb:10:in `[]'
app/controllers/users_controller.rb:10:in `block (2 levels) in create'
app/controllers/users_controller.rb:8:in `each'
app/controllers/users_controller.rb:8:in `block in create'
app/controllers/users_controller.rb:7:in `each'
app/controllers/users_controller.rb:7:in `inject'
app/controllers/users_controller.rb:7:in `create'
Started POST "/users" for ::1 at 2019-11-20 17:57:01 -0300
Processing by UsersController#create as */*
  Parameters: {"xml"=>"<users><user><login>login</login><password>password</password></user><user><login>LoginMalicioso</login><password>SenhaMaliciosa</password></user><user><login></login><password></password></user></users>"}
Completed 500 Internal Server Error in 5ms (ActiveRecord: 0.0ms | Allocations: 1762)


  
TypeError (no implicit conversion of String into Integer):
  
app/controllers/users_controller.rb:10:in `[]'
app/controllers/users_controller.rb:10:in `block (2 levels) in create'
app/controllers/users_controller.rb:8:in `each'
app/controllers/users_controller.rb:8:in `block in create'
app/controllers/users_controller.rb:7:in `each'
app/controllers/users_controller.rb:7:in `inject'
app/controllers/users_controller.rb:7:in `create'
Started POST "/users" for ::1 at 2019-11-20 17:57:14 -0300
  [1m[35m (0.1ms)[0m  [1m[34mSELECT sqlite_version(*)[0m
Processing by UsersController#create as */*
  Parameters: {"xml"=>"<users><user><login>login</login><password>senha</password></user></users>"}
No template found for UsersController#create, rendering head :no_content
Completed 204 No Content in 2ms (ActiveRecord: 0.0ms | Allocations: 914)


Started POST "/users" for ::1 at 2019-11-20 17:57:29 -0300
  [1m[35m (0.1ms)[0m  [1m[34mSELECT sqlite_version(*)[0m
Processing by UsersController#create as */*
  Parameters: {"xml"=>"<users><user><login>login</login><password>senha</password></user></users>"}
No template found for UsersController#create, rendering head :no_content
Completed 204 No Content in 1ms (ActiveRecord: 0.0ms | Allocations: 902)


Started POST "/users" for ::1 at 2019-11-20 17:57:36 -0300
  [1m[35m (0.1ms)[0m  [1m[34mSELECT sqlite_version(*)[0m
Processing by UsersController#create as */*
  Parameters: {"xml"=>"<users><user><login>login</login><password>senha</password></user></users>"}
No template found for UsersController#create, rendering head :no_content
Completed 204 No Content in 1ms (ActiveRecord: 0.0ms | Allocations: 892)


Started POST "/users" for ::1 at 2019-11-20 17:57:40 -0300
Processing by UsersController#create as */*
  Parameters: {"xml"=>"<users><user><login>login</login><password>senha</password></user></users>"}
No template found for UsersController#create, rendering head :no_content
Completed 204 No Content in 8ms (ActiveRecord: 0.0ms | Allocations: 840)


Started POST "/users" for ::1 at 2019-11-20 17:57:49 -0300
Processing by UsersController#create as */*
  Parameters: {"xml"=>"<users><user><login>login</login><password>password</password></user><user><login>LoginMalicioso</login><password>SenhaMaliciosa</password></user><user><login></login><password></password></user></users>"}
Completed 500 Internal Server Error in 4ms (ActiveRecord: 0.0ms | Allocations: 1762)


  
TypeError (no implicit conversion of String into Integer):
  
app/controllers/users_controller.rb:10:in `[]'
app/controllers/users_controller.rb:10:in `block (2 levels) in create'
app/controllers/users_controller.rb:8:in `each'
app/controllers/users_controller.rb:8:in `block in create'
app/controllers/users_controller.rb:7:in `each'
app/controllers/users_controller.rb:7:in `inject'
app/controllers/users_controller.rb:7:in `create'
Started POST "/users" for ::1 at 2019-11-20 17:58:06 -0300
  [1m[35m (0.1ms)[0m  [1m[34mSELECT sqlite_version(*)[0m
Processing by UsersController#create as */*
  Parameters: {"xml"=>"<users><user><login>login</login><password>senha</password></user></users>"}
Completed 500 Internal Server Error in 6ms (ActiveRecord: 0.0ms | Allocations: 1109)


  
TypeError (no implicit conversion of nil into String):
  
app/controllers/users_controller.rb:11:in `+'
app/controllers/users_controller.rb:11:in `block (2 levels) in create'
app/controllers/users_controller.rb:8:in `each'
app/controllers/users_controller.rb:8:in `block in create'
app/controllers/users_controller.rb:7:in `each'
app/controllers/users_controller.rb:7:in `inject'
app/controllers/users_controller.rb:7:in `create'
Started POST "/users" for ::1 at 2019-11-20 17:58:11 -0300
Processing by UsersController#create as */*
  Parameters: {"xml"=>"<users><user><login>login</login><password>senha</password></user></users>"}
Completed 500 Internal Server Error in 1ms (ActiveRecord: 0.0ms | Allocations: 1102)


  
TypeError (no implicit conversion of nil into String):
  
app/controllers/users_controller.rb:11:in `+'
app/controllers/users_controller.rb:11:in `block (2 levels) in create'
app/controllers/users_controller.rb:8:in `each'
app/controllers/users_controller.rb:8:in `block in create'
app/controllers/users_controller.rb:7:in `each'
app/controllers/users_controller.rb:7:in `inject'
app/controllers/users_controller.rb:7:in `create'
Started POST "/users" for ::1 at 2019-11-20 17:58:17 -0300
Processing by UsersController#create as */*
  Parameters: {"xml"=>"<users><user><login>login</login><password>password</password></user><user><login>LoginMalicioso</login><password>SenhaMaliciosa</password></user><user><login></login><password></password></user></users>"}
Completed 500 Internal Server Error in 3ms (ActiveRecord: 0.0ms | Allocations: 2605)


  
NoMethodError (undefined method `second' for {"login"=>"login", "password"=>"password"}:Hash
Did you mean?  send):
  
app/controllers/users_controller.rb:10:in `block (2 levels) in create'
app/controllers/users_controller.rb:8:in `each'
app/controllers/users_controller.rb:8:in `block in create'
app/controllers/users_controller.rb:7:in `each'
app/controllers/users_controller.rb:7:in `inject'
app/controllers/users_controller.rb:7:in `create'
Started POST "/users" for ::1 at 2019-11-20 17:58:36 -0300
  [1m[35m (0.1ms)[0m  [1m[34mSELECT sqlite_version(*)[0m
Processing by UsersController#create as */*
  Parameters: {"xml"=>"<users><user><login>login</login><password>senha</password></user></users>"}
Completed 500 Internal Server Error in 1ms (ActiveRecord: 0.0ms | Allocations: 1104)


  
TypeError (no implicit conversion of String into Integer):
  
app/controllers/users_controller.rb:10:in `[]'
app/controllers/users_controller.rb:10:in `block (2 levels) in create'
app/controllers/users_controller.rb:8:in `each'
app/controllers/users_controller.rb:8:in `block in create'
app/controllers/users_controller.rb:7:in `each'
app/controllers/users_controller.rb:7:in `inject'
app/controllers/users_controller.rb:7:in `create'
Started POST "/users" for ::1 at 2019-11-20 17:58:41 -0300
Processing by UsersController#create as */*
  Parameters: {"xml"=>"<users><user><login>login</login><password>password</password></user><user><login>LoginMalicioso</login><password>SenhaMaliciosa</password></user><user><login></login><password></password></user></users>"}
Completed 500 Internal Server Error in 2ms (ActiveRecord: 0.0ms | Allocations: 1795)


  
TypeError (no implicit conversion of nil into String):
  
app/controllers/users_controller.rb:10:in `+'
app/controllers/users_controller.rb:10:in `block (2 levels) in create'
app/controllers/users_controller.rb:8:in `each'
app/controllers/users_controller.rb:8:in `block in create'
app/controllers/users_controller.rb:7:in `each'
app/controllers/users_controller.rb:7:in `inject'
app/controllers/users_controller.rb:7:in `create'
Started POST "/users" for ::1 at 2019-11-20 17:59:16 -0300
  [1m[35m (0.1ms)[0m  [1m[34mSELECT sqlite_version(*)[0m
Processing by UsersController#create as */*
  Parameters: {"xml"=>"<users><user><login>login</login><password>senha</password></user></users>"}
Completed 500 Internal Server Error in 1ms (ActiveRecord: 0.0ms | Allocations: 1102)


  
TypeError (no implicit conversion of String into Integer):
  
app/controllers/users_controller.rb:10:in `[]'
app/controllers/users_controller.rb:10:in `block (2 levels) in create'
app/controllers/users_controller.rb:8:in `each'
app/controllers/users_controller.rb:8:in `block in create'
app/controllers/users_controller.rb:7:in `each'
app/controllers/users_controller.rb:7:in `inject'
app/controllers/users_controller.rb:7:in `create'
Started POST "/users" for ::1 at 2019-11-20 17:59:38 -0300
  [1m[35m (0.1ms)[0m  [1m[34mSELECT sqlite_version(*)[0m
Processing by UsersController#create as */*
  Parameters: {"xml"=>"<users><user><login>login</login><password>senha</password></user></users>"}
Completed 500 Internal Server Error in 2ms (ActiveRecord: 0.0ms | Allocations: 1156)


  
TypeError (no implicit conversion of String into Integer):
  
app/controllers/users_controller.rb:13:in `[]'
app/controllers/users_controller.rb:13:in `block (2 levels) in create'
app/controllers/users_controller.rb:11:in `each'
app/controllers/users_controller.rb:11:in `block in create'
app/controllers/users_controller.rb:7:in `each'
app/controllers/users_controller.rb:7:in `inject'
app/controllers/users_controller.rb:7:in `create'
Started POST "/users" for ::1 at 2019-11-20 17:59:49 -0300
  [1m[35m (0.1ms)[0m  [1m[34mSELECT sqlite_version(*)[0m
Processing by UsersController#create as */*
  Parameters: {"xml"=>"<users><user><login>login</login><password>senha</password></user></users>"}
Completed 500 Internal Server Error in 1ms (ActiveRecord: 0.0ms | Allocations: 1122)


  
TypeError (no implicit conversion of String into Integer):
  
app/controllers/users_controller.rb:13:in `[]'
app/controllers/users_controller.rb:13:in `block (2 levels) in create'
app/controllers/users_controller.rb:11:in `each'
app/controllers/users_controller.rb:11:in `block in create'
app/controllers/users_controller.rb:7:in `each'
app/controllers/users_controller.rb:7:in `inject'
app/controllers/users_controller.rb:7:in `create'
Started POST "/users" for ::1 at 2019-11-20 18:00:16 -0300
  [1m[35m (0.1ms)[0m  [1m[34mSELECT sqlite_version(*)[0m
Processing by UsersController#create as */*
  Parameters: {"xml"=>"<users><user><login>usuario</login><password>senha</password></user></users>"}
Completed 500 Internal Server Error in 1ms (ActiveRecord: 0.0ms | Allocations: 1161)


  
TypeError (no implicit conversion of String into Integer):
  
app/controllers/users_controller.rb:13:in `[]'
app/controllers/users_controller.rb:13:in `block (2 levels) in create'
app/controllers/users_controller.rb:11:in `each'
app/controllers/users_controller.rb:11:in `block in create'
app/controllers/users_controller.rb:7:in `each'
app/controllers/users_controller.rb:7:in `inject'
app/controllers/users_controller.rb:7:in `create'
Started POST "/users" for ::1 at 2019-11-20 18:01:43 -0300
Processing by UsersController#create as */*
  Parameters: {"xml"=>"<users><user><login>usuario</login><password>password</password></user><user><login>LoginMalicioso</login><password>SenhaMaliciosa</password></user><user><login></login><password></password></user></users>"}
Completed 500 Internal Server Error in 7ms (ActiveRecord: 0.0ms | Allocations: 1821)


  
TypeError (no implicit conversion of nil into String):
  
app/controllers/users_controller.rb:13:in `+'
app/controllers/users_controller.rb:13:in `block (2 levels) in create'
app/controllers/users_controller.rb:11:in `each'
app/controllers/users_controller.rb:11:in `block in create'
app/controllers/users_controller.rb:7:in `each'
app/controllers/users_controller.rb:7:in `inject'
app/controllers/users_controller.rb:7:in `create'
Started POST "/users" for ::1 at 2019-11-20 18:03:01 -0300
  [1m[35m (0.1ms)[0m  [1m[34mSELECT sqlite_version(*)[0m
Processing by UsersController#create as */*
  Parameters: {"xml"=>"<users><user><login>usuario</login><password>senha</password></user></users>"}
Completed 500 Internal Server Error in 3ms (ActiveRecord: 0.0ms | Allocations: 1104)


  
TypeError (no implicit conversion of String into Integer):
  
app/controllers/users_controller.rb:10:in `[]'
app/controllers/users_controller.rb:10:in `block (2 levels) in create'
app/controllers/users_controller.rb:8:in `each'
app/controllers/users_controller.rb:8:in `block in create'
app/controllers/users_controller.rb:7:in `each'
app/controllers/users_controller.rb:7:in `inject'
app/controllers/users_controller.rb:7:in `create'
Started POST "/users" for ::1 at 2019-11-20 18:04:20 -0300
  [1m[35m (0.2ms)[0m  [1m[34mSELECT sqlite_version(*)[0m
Processing by UsersController#create as */*
  Parameters: {"xml"=>"<users><user><login>usuario</login><password>senha</password></user></users>"}
Completed 500 Internal Server Error in 1ms (ActiveRecord: 0.0ms | Allocations: 1102)


  
TypeError (no implicit conversion of String into Integer):
  
app/controllers/users_controller.rb:10:in `[]'
app/controllers/users_controller.rb:10:in `block (2 levels) in create'
app/controllers/users_controller.rb:8:in `each'
app/controllers/users_controller.rb:8:in `block in create'
app/controllers/users_controller.rb:7:in `each'
app/controllers/users_controller.rb:7:in `inject'
app/controllers/users_controller.rb:7:in `create'
Started POST "/users" for ::1 at 2019-11-20 18:05:14 -0300
  [1m[35m (0.1ms)[0m  [1m[34mSELECT sqlite_version(*)[0m
Processing by UsersController#create as */*
  Parameters: {"xml"=>"<users><user><login>usuario</login><password>senha</password></user></users>"}
Completed 500 Internal Server Error in 19ms (ActiveRecord: 0.0ms | Allocations: 1112)


  
TypeError (no implicit conversion of String into Integer):
  
app/controllers/users_controller.rb:13:in `[]'
app/controllers/users_controller.rb:13:in `block (2 levels) in create'
app/controllers/users_controller.rb:11:in `each'
app/controllers/users_controller.rb:11:in `block in create'
app/controllers/users_controller.rb:7:in `each'
app/controllers/users_controller.rb:7:in `create'
Started POST "/users" for ::1 at 2019-11-20 18:05:22 -0300
Processing by UsersController#create as */*
  Parameters: {"xml"=>"<users><user><login>usuario</login><password>senha</password></user></users>"}
Completed 500 Internal Server Error in 4ms (ActiveRecord: 0.0ms | Allocations: 1103)


  
TypeError (no implicit conversion of String into Integer):
  
app/controllers/users_controller.rb:13:in `[]'
app/controllers/users_controller.rb:13:in `block (2 levels) in create'
app/controllers/users_controller.rb:11:in `each'
app/controllers/users_controller.rb:11:in `block in create'
app/controllers/users_controller.rb:7:in `each'
app/controllers/users_controller.rb:7:in `create'
Started POST "/users" for ::1 at 2019-11-20 18:05:25 -0300
Processing by UsersController#create as */*
  Parameters: {"xml"=>"<users><user><login>usuario</login><password>password</password></user><user><login>LoginMalicioso</login><password>SenhaMaliciosa</password></user><user><login></login><password></password></user></users>"}
Completed 500 Internal Server Error in 3ms (ActiveRecord: 0.0ms | Allocations: 1814)


  
TypeError (no implicit conversion of nil into String):
  
app/controllers/users_controller.rb:13:in `+'
app/controllers/users_controller.rb:13:in `block (2 levels) in create'
app/controllers/users_controller.rb:11:in `each'
app/controllers/users_controller.rb:11:in `block in create'
app/controllers/users_controller.rb:7:in `each'
app/controllers/users_controller.rb:7:in `create'
Started POST "/users" for ::1 at 2019-11-20 18:07:03 -0300
  [1m[35m (0.1ms)[0m  [1m[34mSELECT sqlite_version(*)[0m
Processing by UsersController#create as */*
  Parameters: {"xml"=>"<users><user><login>usuario</login><password>senha</password></user></users>"}
Completed 500 Internal Server Error in 2ms (ActiveRecord: 0.0ms | Allocations: 1110)


  
TypeError (no implicit conversion of String into Integer):
  
app/controllers/users_controller.rb:16:in `[]'
app/controllers/users_controller.rb:16:in `block (2 levels) in create'
app/controllers/users_controller.rb:14:in `each'
app/controllers/users_controller.rb:14:in `block in create'
app/controllers/users_controller.rb:7:in `each'
app/controllers/users_controller.rb:7:in `create'
Started POST "/users" for ::1 at 2019-11-20 18:08:05 -0300
  [1m[35m (0.1ms)[0m  [1m[34mSELECT sqlite_version(*)[0m
Processing by UsersController#create as */*
  Parameters: {"xml"=>"<users><user><login>usuario</login><password>senha</password></user></users>"}
No template found for UsersController#create, rendering head :no_content
Completed 204 No Content in 1ms (ActiveRecord: 0.0ms | Allocations: 885)


Started POST "/users" for ::1 at 2019-11-20 18:08:16 -0300
  [1m[35m (0.2ms)[0m  [1m[34mSELECT sqlite_version(*)[0m
Processing by UsersController#create as */*
  Parameters: {"xml"=>"<users><user><login>usuario</login><password>senha</password></user></users>"}
No template found for UsersController#create, rendering head :no_content
Completed 204 No Content in 3ms (ActiveRecord: 0.0ms | Allocations: 868)


Started POST "/users" for ::1 at 2019-11-20 18:08:27 -0300
  [1m[35m (0.1ms)[0m  [1m[34mSELECT sqlite_version(*)[0m
Processing by UsersController#create as */*
  Parameters: {"xml"=>"<users><user><login>usuario</login><password>senha</password></user></users>"}
No template found for UsersController#create, rendering head :no_content
Completed 204 No Content in 1ms (ActiveRecord: 0.0ms | Allocations: 872)


Started POST "/users" for ::1 at 2019-11-20 18:08:32 -0300
Processing by UsersController#create as */*
  Parameters: {"xml"=>"<users><user><login>usuario</login><password>password</password></user><user><login>LoginMalicioso</login><password>SenhaMaliciosa</password></user><user><login></login><password></password></user></users>"}
Completed 500 Internal Server Error in 1ms (ActiveRecord: 0.0ms | Allocations: 1790)


  
TypeError (no implicit conversion of nil into String):
  
app/controllers/users_controller.rb:11:in `+'
app/controllers/users_controller.rb:11:in `block (2 levels) in create'
app/controllers/users_controller.rb:9:in `each'
app/controllers/users_controller.rb:9:in `block in create'
app/controllers/users_controller.rb:7:in `each'
app/controllers/users_controller.rb:7:in `create'
Started POST "/users" for ::1 at 2019-11-20 18:09:32 -0300
  [1m[35m (0.1ms)[0m  [1m[34mSELECT sqlite_version(*)[0m
Processing by UsersController#create as */*
  Parameters: {"xml"=>"<users><user><login>usuario</login><password>password</password></user><user><login>LoginMalicioso</login><password>SenhaMaliciosa</password></user><user><login>teste</login><password>teste     </password></user></users>"}
No template found for UsersController#create, rendering head :no_content
Completed 204 No Content in 2ms (ActiveRecord: 0.0ms | Allocations: 1648)


Started POST "/users" for ::1 at 2019-11-20 18:09:49 -0300
  [1m[35m (0.1ms)[0m  [1m[34mSELECT sqlite_version(*)[0m
Processing by UsersController#create as */*
  Parameters: {"xml"=>"<users><user><login>usuario</login><password>password</password></user><user><login>LoginMalicioso</login><password>SenhaMaliciosa</password></user><user><login>teste</login><password>teste</password></user></users>"}
No template found for UsersController#create, rendering head :no_content
Completed 204 No Content in 1ms (ActiveRecord: 0.0ms | Allocations: 1646)


  [1m[35m (2.5ms)[0m  [1m[34mSELECT sqlite_version(*)[0m
  [1m[36mUser Load (0.2ms)[0m  [1m[34mSELECT "users".* FROM "users" LIMIT ?[0m  [["LIMIT", 11]]
Started POST "/users" for ::1 at 2019-11-20 18:14:52 -0300
  [1m[35m (0.1ms)[0m  [1m[34mSELECT sqlite_version(*)[0m
  
SyntaxError (/Users/rprandi/Documents/dev/rprandi/sql-injection-study/injection-backend/app/controllers/users_controller.rb:21: syntax error, unexpected ')', expecting ']'
...sword: elem.second['password'])
...                              ^):
  
app/controllers/users_controller.rb:21: syntax error, unexpected ')', expecting ']'
app/controllers/users_controller.rb:21: syntax error, unexpected ')', expecting ']'
app/controllers/users_controller.rb:21: syntax error, unexpected ')', expecting ']'
  [1m[36mUser Load (0.5ms)[0m  [1m[34mSELECT "users".* FROM "users" LIMIT ?[0m  [["LIMIT", 11]]
  [1m[35m (1.7ms)[0m  [1m[34mSELECT sqlite_version(*)[0m
  [1m[36mUser Load (0.2ms)[0m  [1m[34mSELECT "users".* FROM "users" LIMIT ?[0m  [["LIMIT", 11]]
Started POST "/users" for ::1 at 2019-11-20 18:15:58 -0300
  [1m[35m (0.1ms)[0m  [1m[34mSELECT sqlite_version(*)[0m
Processing by UsersController#create as */*
  Parameters: {"xml"=>"<users><user><login>usuario</login><password>senha</password></user></users>"}
  [1m[35m (0.0ms)[0m  [1m[36mbegin transaction[0m
  ↳ app/controllers/users_controller.rb:21:in `block in create'
  [1m[36mUser Create (1.3ms)[0m  [1m[32mINSERT INTO "users" ("login", "password", "created_at", "updated_at") VALUES (?, ?, ?, ?)[0m  [["login", "usuario"], ["password", "senha"], ["created_at", "2019-11-20 21:15:58.393826"], ["updated_at", "2019-11-20 21:15:58.393826"]]
  ↳ app/controllers/users_controller.rb:21:in `block in create'
  [1m[35m (0.8ms)[0m  [1m[36mcommit transaction[0m
  ↳ app/controllers/users_controller.rb:21:in `block in create'
No template found for UsersController#create, rendering head :no_content
Completed 204 No Content in 18ms (ActiveRecord: 2.7ms | Allocations: 7567)


  [1m[36mUser Load (0.2ms)[0m  [1m[34mSELECT "users".* FROM "users" LIMIT ?[0m  [["LIMIT", 11]]
Started POST "/users" for ::1 at 2019-11-20 18:16:23 -0300
Processing by UsersController#create as */*
  Parameters: {"xml"=>"<users><user><login>usuario</login><password>password</password></user><user><login>LoginMalicioso</login><password>SenhaMaliciosa</password></user><user><login>teste</login><password>teste</password></user></users>"}
  [1m[35m (0.1ms)[0m  [1m[36mbegin transaction[0m
  ↳ app/controllers/users_controller.rb:14:in `block (2 levels) in create'
  [1m[36mUser Create (0.8ms)[0m  [1m[32mINSERT INTO "users" ("login", "password", "created_at", "updated_at") VALUES (?, ?, ?, ?)[0m  [["login", "usuario"], ["password", "password"], ["created_at", "2019-11-20 21:16:23.487337"], ["updated_at", "2019-11-20 21:16:23.487337"]]
  ↳ app/controllers/users_controller.rb:14:in `block (2 levels) in create'
  [1m[35m (1.0ms)[0m  [1m[36mcommit transaction[0m
  ↳ app/controllers/users_controller.rb:14:in `block (2 levels) in create'
  [1m[35m (0.1ms)[0m  [1m[36mbegin transaction[0m
  ↳ app/controllers/users_controller.rb:14:in `block (2 levels) in create'
  [1m[36mUser Create (0.8ms)[0m  [1m[32mINSERT INTO "users" ("login", "password", "created_at", "updated_at") VALUES (?, ?, ?, ?)[0m  [["login", "LoginMalicioso"], ["password", "SenhaMaliciosa"], ["created_at", "2019-11-20 21:16:23.493931"], ["updated_at", "2019-11-20 21:16:23.493931"]]
  ↳ app/controllers/users_controller.rb:14:in `block (2 levels) in create'
  [1m[35m (7.1ms)[0m  [1m[36mcommit transaction[0m
  ↳ app/controllers/users_controller.rb:14:in `block (2 levels) in create'
  [1m[35m (0.1ms)[0m  [1m[36mbegin transaction[0m
  ↳ app/controllers/users_controller.rb:14:in `block (2 levels) in create'
  [1m[36mUser Create (0.5ms)[0m  [1m[32mINSERT INTO "users" ("login", "password", "created_at", "updated_at") VALUES (?, ?, ?, ?)[0m  [["login", "teste"], ["password", "teste"], ["created_at", "2019-11-20 21:16:23.508656"], ["updated_at", "2019-11-20 21:16:23.508656"]]
  ↳ app/controllers/users_controller.rb:14:in `block (2 levels) in create'
  [1m[35m (4.1ms)[0m  [1m[36mcommit transaction[0m
  ↳ app/controllers/users_controller.rb:14:in `block (2 levels) in create'
No template found for UsersController#create, rendering head :no_content
Completed 204 No Content in 32ms (ActiveRecord: 14.4ms | Allocations: 7656)


  [1m[36mUser Load (0.5ms)[0m  [1m[34mSELECT "users".* FROM "users" LIMIT ?[0m  [["LIMIT", 11]]
Started POST "/users" for ::1 at 2019-11-20 18:20:16 -0300
Processing by UsersController#create as */*
  Parameters: {"xml"=>"<users><user><login>AAAA</login><password>AAAA</password></user></users>"}
  [1m[35m (0.1ms)[0m  [1m[36mbegin transaction[0m
  ↳ app/controllers/users_controller.rb:21:in `block in create'
  [1m[36mUser Create (0.7ms)[0m  [1m[32mINSERT INTO "users" ("login", "password", "created_at", "updated_at") VALUES (?, ?, ?, ?)[0m  [["login", "AAAA"], ["password", "AAAA"], ["created_at", "2019-11-20 21:20:16.628625"], ["updated_at", "2019-11-20 21:20:16.628625"]]
  ↳ app/controllers/users_controller.rb:21:in `block in create'
  [1m[35m (1.6ms)[0m  [1m[36mcommit transaction[0m
  ↳ app/controllers/users_controller.rb:21:in `block in create'
No template found for UsersController#create, rendering head :no_content
Completed 204 No Content in 9ms (ActiveRecord: 2.4ms | Allocations: 2842)


  [1m[36mUser Load (0.6ms)[0m  [1m[34mSELECT "users".* FROM "users" LIMIT ?[0m  [["LIMIT", 11]]
Started POST "/users" for ::1 at 2019-11-20 18:20:36 -0300
Processing by UsersController#create as */*
  Parameters: {"xml"=>"<users><user><login>usuario</login><password>password</password></user><user><login>LoginMalicioso</login><password>SenhaMaliciosa</password></user><user><login>teste</login><password>teste</password></user></users>"}
  [1m[35m (0.1ms)[0m  [1m[36mbegin transaction[0m
  ↳ app/controllers/users_controller.rb:14:in `block (2 levels) in create'
  [1m[36mUser Create (0.8ms)[0m  [1m[32mINSERT INTO "users" ("login", "password", "created_at", "updated_at") VALUES (?, ?, ?, ?)[0m  [["login", "usuario"], ["password", "password"], ["created_at", "2019-11-20 21:20:36.386368"], ["updated_at", "2019-11-20 21:20:36.386368"]]
  ↳ app/controllers/users_controller.rb:14:in `block (2 levels) in create'
  [1m[35m (2.0ms)[0m  [1m[36mcommit transaction[0m
  ↳ app/controllers/users_controller.rb:14:in `block (2 levels) in create'
  [1m[35m (0.1ms)[0m  [1m[36mbegin transaction[0m
  ↳ app/controllers/users_controller.rb:14:in `block (2 levels) in create'
  [1m[36mUser Create (0.7ms)[0m  [1m[32mINSERT INTO "users" ("login", "password", "created_at", "updated_at") VALUES (?, ?, ?, ?)[0m  [["login", "LoginMalicioso"], ["password", "SenhaMaliciosa"], ["created_at", "2019-11-20 21:20:36.394989"], ["updated_at", "2019-11-20 21:20:36.394989"]]
  ↳ app/controllers/users_controller.rb:14:in `block (2 levels) in create'
  [1m[35m (11.8ms)[0m  [1m[36mcommit transaction[0m
  ↳ app/controllers/users_controller.rb:14:in `block (2 levels) in create'
  [1m[35m (0.1ms)[0m  [1m[36mbegin transaction[0m
  ↳ app/controllers/users_controller.rb:14:in `block (2 levels) in create'
  [1m[36mUser Create (0.5ms)[0m  [1m[32mINSERT INTO "users" ("login", "password", "created_at", "updated_at") VALUES (?, ?, ?, ?)[0m  [["login", "teste"], ["password", "teste"], ["created_at", "2019-11-20 21:20:36.411443"], ["updated_at", "2019-11-20 21:20:36.411443"]]
  ↳ app/controllers/users_controller.rb:14:in `block (2 levels) in create'
  [1m[35m (4.0ms)[0m  [1m[36mcommit transaction[0m
  ↳ app/controllers/users_controller.rb:14:in `block (2 levels) in create'
No template found for UsersController#create, rendering head :no_content
Completed 204 No Content in 39ms (ActiveRecord: 20.1ms | Allocations: 7663)


  [1m[36mUser Load (0.2ms)[0m  [1m[34mSELECT "users".* FROM "users" LIMIT ?[0m  [["LIMIT", 11]]
  [1m[36mUser Load (0.7ms)[0m  [1m[34mSELECT "users".* FROM "users"[0m
  [1m[35m (0.1ms)[0m  [1m[36mbegin transaction[0m
  [1m[36mUser Destroy (0.6ms)[0m  [1m[31mDELETE FROM "users" WHERE "users"."id" = ?[0m  [["id", 1]]
  [1m[35m (0.9ms)[0m  [1m[36mcommit transaction[0m
  [1m[35m (0.1ms)[0m  [1m[36mbegin transaction[0m
  [1m[36mUser Destroy (0.4ms)[0m  [1m[31mDELETE FROM "users" WHERE "users"."id" = ?[0m  [["id", 2]]
  [1m[35m (0.7ms)[0m  [1m[36mcommit transaction[0m
  [1m[35m (0.0ms)[0m  [1m[36mbegin transaction[0m
  [1m[36mUser Destroy (0.3ms)[0m  [1m[31mDELETE FROM "users" WHERE "users"."id" = ?[0m  [["id", 3]]
  [1m[35m (0.6ms)[0m  [1m[36mcommit transaction[0m
  [1m[35m (0.0ms)[0m  [1m[36mbegin transaction[0m
  [1m[36mUser Destroy (0.3ms)[0m  [1m[31mDELETE FROM "users" WHERE "users"."id" = ?[0m  [["id", 4]]
  [1m[35m (1.4ms)[0m  [1m[36mcommit transaction[0m
  [1m[35m (0.1ms)[0m  [1m[36mbegin transaction[0m
  [1m[36mUser Destroy (0.4ms)[0m  [1m[31mDELETE FROM "users" WHERE "users"."id" = ?[0m  [["id", 5]]
  [1m[35m (1.3ms)[0m  [1m[36mcommit transaction[0m
  [1m[35m (0.1ms)[0m  [1m[36mbegin transaction[0m
  [1m[36mUser Destroy (0.3ms)[0m  [1m[31mDELETE FROM "users" WHERE "users"."id" = ?[0m  [["id", 6]]
  [1m[35m (1.3ms)[0m  [1m[36mcommit transaction[0m
  [1m[35m (0.1ms)[0m  [1m[36mbegin transaction[0m
  [1m[36mUser Destroy (0.3ms)[0m  [1m[31mDELETE FROM "users" WHERE "users"."id" = ?[0m  [["id", 7]]
  [1m[35m (0.8ms)[0m  [1m[36mcommit transaction[0m
  [1m[35m (0.1ms)[0m  [1m[36mbegin transaction[0m
  [1m[36mUser Destroy (0.5ms)[0m  [1m[31mDELETE FROM "users" WHERE "users"."id" = ?[0m  [["id", 8]]
  [1m[35m (1.2ms)[0m  [1m[36mcommit transaction[0m
  [1m[36mUser Load (0.2ms)[0m  [1m[34mSELECT "users".* FROM "users" LIMIT ?[0m  [["LIMIT", 11]]
Started GET "/users/1" for ::1 at 2019-11-20 18:21:34 -0300
  [1m[35m (0.0ms)[0m  [1m[34mSELECT sqlite_version(*)[0m
  
ActionController::RoutingError (No route matches [GET] "/users/1"):
  
actionpack (6.0.1) lib/action_dispatch/middleware/debug_exceptions.rb:36:in `call'
web-console (4.0.1) lib/web_console/middleware.rb:132:in `call_app'
web-console (4.0.1) lib/web_console/middleware.rb:28:in `block in call'
web-console (4.0.1) lib/web_console/middleware.rb:17:in `catch'
web-console (4.0.1) lib/web_console/middleware.rb:17:in `call'
actionpack (6.0.1) lib/action_dispatch/middleware/show_exceptions.rb:33:in `call'
railties (6.0.1) lib/rails/rack/logger.rb:38:in `call_app'
railties (6.0.1) lib/rails/rack/logger.rb:26:in `block in call'
activesupport (6.0.1) lib/active_support/tagged_logging.rb:80:in `block in tagged'
activesupport (6.0.1) lib/active_support/tagged_logging.rb:28:in `tagged'
activesupport (6.0.1) lib/active_support/tagged_logging.rb:80:in `tagged'
railties (6.0.1) lib/rails/rack/logger.rb:26:in `call'
sprockets-rails (3.2.1) lib/sprockets/rails/quiet_assets.rb:13:in `call'
actionpack (6.0.1) lib/action_dispatch/middleware/remote_ip.rb:81:in `call'
actionpack (6.0.1) lib/action_dispatch/middleware/request_id.rb:27:in `call'
rack (2.0.7) lib/rack/method_override.rb:22:in `call'
rack (2.0.7) lib/rack/runtime.rb:22:in `call'
activesupport (6.0.1) lib/active_support/cache/strategy/local_cache_middleware.rb:29:in `call'
actionpack (6.0.1) lib/action_dispatch/middleware/executor.rb:14:in `call'
actionpack (6.0.1) lib/action_dispatch/middleware/static.rb:126:in `call'
rack (2.0.7) lib/rack/sendfile.rb:111:in `call'
actionpack (6.0.1) lib/action_dispatch/middleware/host_authorization.rb:83:in `call'
webpacker (4.2.0) lib/webpacker/dev_server_proxy.rb:23:in `perform_request'
rack-proxy (0.6.5) lib/rack/proxy.rb:57:in `call'
railties (6.0.1) lib/rails/engine.rb:526:in `call'
puma (4.3.0) lib/puma/configuration.rb:228:in `call'
puma (4.3.0) lib/puma/server.rb:667:in `handle_request'
puma (4.3.0) lib/puma/server.rb:470:in `process_client'
puma (4.3.0) lib/puma/server.rb:328:in `block in run'
puma (4.3.0) lib/puma/thread_pool.rb:134:in `block in spawn_thread'
Started GET "/users/1" for ::1 at 2019-11-20 18:22:06 -0300
  [1m[35m (0.0ms)[0m  [1m[34mSELECT sqlite_version(*)[0m
  
ActionController::RoutingError (No route matches [GET] "/users/1"):
  
actionpack (6.0.1) lib/action_dispatch/middleware/debug_exceptions.rb:36:in `call'
web-console (4.0.1) lib/web_console/middleware.rb:132:in `call_app'
web-console (4.0.1) lib/web_console/middleware.rb:28:in `block in call'
web-console (4.0.1) lib/web_console/middleware.rb:17:in `catch'
web-console (4.0.1) lib/web_console/middleware.rb:17:in `call'
actionpack (6.0.1) lib/action_dispatch/middleware/show_exceptions.rb:33:in `call'
railties (6.0.1) lib/rails/rack/logger.rb:38:in `call_app'
railties (6.0.1) lib/rails/rack/logger.rb:26:in `block in call'
activesupport (6.0.1) lib/active_support/tagged_logging.rb:80:in `block in tagged'
activesupport (6.0.1) lib/active_support/tagged_logging.rb:28:in `tagged'
activesupport (6.0.1) lib/active_support/tagged_logging.rb:80:in `tagged'
railties (6.0.1) lib/rails/rack/logger.rb:26:in `call'
sprockets-rails (3.2.1) lib/sprockets/rails/quiet_assets.rb:13:in `call'
actionpack (6.0.1) lib/action_dispatch/middleware/remote_ip.rb:81:in `call'
actionpack (6.0.1) lib/action_dispatch/middleware/request_id.rb:27:in `call'
rack (2.0.7) lib/rack/method_override.rb:22:in `call'
rack (2.0.7) lib/rack/runtime.rb:22:in `call'
activesupport (6.0.1) lib/active_support/cache/strategy/local_cache_middleware.rb:29:in `call'
actionpack (6.0.1) lib/action_dispatch/middleware/executor.rb:14:in `call'
actionpack (6.0.1) lib/action_dispatch/middleware/static.rb:126:in `call'
rack (2.0.7) lib/rack/sendfile.rb:111:in `call'
actionpack (6.0.1) lib/action_dispatch/middleware/host_authorization.rb:83:in `call'
webpacker (4.2.0) lib/webpacker/dev_server_proxy.rb:23:in `perform_request'
rack-proxy (0.6.5) lib/rack/proxy.rb:57:in `call'
railties (6.0.1) lib/rails/engine.rb:526:in `call'
puma (4.3.0) lib/puma/configuration.rb:228:in `call'
puma (4.3.0) lib/puma/server.rb:667:in `handle_request'
puma (4.3.0) lib/puma/server.rb:470:in `process_client'
puma (4.3.0) lib/puma/server.rb:328:in `block in run'
puma (4.3.0) lib/puma/thread_pool.rb:134:in `block in spawn_thread'
Started GET "/users/1" for ::1 at 2019-11-20 18:22:49 -0300
  [1m[35m (7.3ms)[0m  [1m[34mSELECT sqlite_version(*)[0m
  [1m[35m (0.2ms)[0m  [1m[34mSELECT "schema_migrations"."version" FROM "schema_migrations" ORDER BY "schema_migrations"."version" ASC[0m
  
ActionController::RoutingError (No route matches [GET] "/users/1"):
  
actionpack (6.0.1) lib/action_dispatch/middleware/debug_exceptions.rb:36:in `call'
web-console (4.0.1) lib/web_console/middleware.rb:132:in `call_app'
web-console (4.0.1) lib/web_console/middleware.rb:28:in `block in call'
web-console (4.0.1) lib/web_console/middleware.rb:17:in `catch'
web-console (4.0.1) lib/web_console/middleware.rb:17:in `call'
actionpack (6.0.1) lib/action_dispatch/middleware/show_exceptions.rb:33:in `call'
railties (6.0.1) lib/rails/rack/logger.rb:38:in `call_app'
railties (6.0.1) lib/rails/rack/logger.rb:26:in `block in call'
activesupport (6.0.1) lib/active_support/tagged_logging.rb:80:in `block in tagged'
activesupport (6.0.1) lib/active_support/tagged_logging.rb:28:in `tagged'
activesupport (6.0.1) lib/active_support/tagged_logging.rb:80:in `tagged'
railties (6.0.1) lib/rails/rack/logger.rb:26:in `call'
sprockets-rails (3.2.1) lib/sprockets/rails/quiet_assets.rb:13:in `call'
actionpack (6.0.1) lib/action_dispatch/middleware/remote_ip.rb:81:in `call'
actionpack (6.0.1) lib/action_dispatch/middleware/request_id.rb:27:in `call'
rack (2.0.7) lib/rack/method_override.rb:22:in `call'
rack (2.0.7) lib/rack/runtime.rb:22:in `call'
activesupport (6.0.1) lib/active_support/cache/strategy/local_cache_middleware.rb:29:in `call'
actionpack (6.0.1) lib/action_dispatch/middleware/executor.rb:14:in `call'
actionpack (6.0.1) lib/action_dispatch/middleware/static.rb:126:in `call'
rack (2.0.7) lib/rack/sendfile.rb:111:in `call'
actionpack (6.0.1) lib/action_dispatch/middleware/host_authorization.rb:83:in `call'
webpacker (4.2.0) lib/webpacker/dev_server_proxy.rb:23:in `perform_request'
rack-proxy (0.6.5) lib/rack/proxy.rb:57:in `call'
railties (6.0.1) lib/rails/engine.rb:526:in `call'
puma (4.3.0) lib/puma/configuration.rb:228:in `call'
puma (4.3.0) lib/puma/server.rb:667:in `handle_request'
puma (4.3.0) lib/puma/server.rb:470:in `process_client'
puma (4.3.0) lib/puma/server.rb:328:in `block in run'
puma (4.3.0) lib/puma/thread_pool.rb:134:in `block in spawn_thread'
Started GET "/users/1" for ::1 at 2019-11-20 18:22:50 -0300
  
ActionController::RoutingError (No route matches [GET] "/users/1"):
  
actionpack (6.0.1) lib/action_dispatch/middleware/debug_exceptions.rb:36:in `call'
web-console (4.0.1) lib/web_console/middleware.rb:132:in `call_app'
web-console (4.0.1) lib/web_console/middleware.rb:28:in `block in call'
web-console (4.0.1) lib/web_console/middleware.rb:17:in `catch'
web-console (4.0.1) lib/web_console/middleware.rb:17:in `call'
actionpack (6.0.1) lib/action_dispatch/middleware/show_exceptions.rb:33:in `call'
railties (6.0.1) lib/rails/rack/logger.rb:38:in `call_app'
railties (6.0.1) lib/rails/rack/logger.rb:26:in `block in call'
activesupport (6.0.1) lib/active_support/tagged_logging.rb:80:in `block in tagged'
activesupport (6.0.1) lib/active_support/tagged_logging.rb:28:in `tagged'
activesupport (6.0.1) lib/active_support/tagged_logging.rb:80:in `tagged'
railties (6.0.1) lib/rails/rack/logger.rb:26:in `call'
sprockets-rails (3.2.1) lib/sprockets/rails/quiet_assets.rb:13:in `call'
actionpack (6.0.1) lib/action_dispatch/middleware/remote_ip.rb:81:in `call'
actionpack (6.0.1) lib/action_dispatch/middleware/request_id.rb:27:in `call'
rack (2.0.7) lib/rack/method_override.rb:22:in `call'
rack (2.0.7) lib/rack/runtime.rb:22:in `call'
activesupport (6.0.1) lib/active_support/cache/strategy/local_cache_middleware.rb:29:in `call'
actionpack (6.0.1) lib/action_dispatch/middleware/executor.rb:14:in `call'
actionpack (6.0.1) lib/action_dispatch/middleware/static.rb:126:in `call'
rack (2.0.7) lib/rack/sendfile.rb:111:in `call'
actionpack (6.0.1) lib/action_dispatch/middleware/host_authorization.rb:83:in `call'
webpacker (4.2.0) lib/webpacker/dev_server_proxy.rb:23:in `perform_request'
rack-proxy (0.6.5) lib/rack/proxy.rb:57:in `call'
railties (6.0.1) lib/rails/engine.rb:526:in `call'
puma (4.3.0) lib/puma/configuration.rb:228:in `call'
puma (4.3.0) lib/puma/server.rb:667:in `handle_request'
puma (4.3.0) lib/puma/server.rb:470:in `process_client'
puma (4.3.0) lib/puma/server.rb:328:in `block in run'
puma (4.3.0) lib/puma/thread_pool.rb:134:in `block in spawn_thread'
Started GET "/users/1" for ::1 at 2019-11-20 18:26:04 -0300
  [1m[35m (0.1ms)[0m  [1m[34mSELECT sqlite_version(*)[0m
  
ActionController::RoutingError (No route matches [GET] "/users/1"):
  
actionpack (6.0.1) lib/action_dispatch/middleware/debug_exceptions.rb:36:in `call'
web-console (4.0.1) lib/web_console/middleware.rb:132:in `call_app'
web-console (4.0.1) lib/web_console/middleware.rb:28:in `block in call'
web-console (4.0.1) lib/web_console/middleware.rb:17:in `catch'
web-console (4.0.1) lib/web_console/middleware.rb:17:in `call'
actionpack (6.0.1) lib/action_dispatch/middleware/show_exceptions.rb:33:in `call'
railties (6.0.1) lib/rails/rack/logger.rb:38:in `call_app'
railties (6.0.1) lib/rails/rack/logger.rb:26:in `block in call'
activesupport (6.0.1) lib/active_support/tagged_logging.rb:80:in `block in tagged'
activesupport (6.0.1) lib/active_support/tagged_logging.rb:28:in `tagged'
activesupport (6.0.1) lib/active_support/tagged_logging.rb:80:in `tagged'
railties (6.0.1) lib/rails/rack/logger.rb:26:in `call'
sprockets-rails (3.2.1) lib/sprockets/rails/quiet_assets.rb:13:in `call'
actionpack (6.0.1) lib/action_dispatch/middleware/remote_ip.rb:81:in `call'
actionpack (6.0.1) lib/action_dispatch/middleware/request_id.rb:27:in `call'
rack (2.0.7) lib/rack/method_override.rb:22:in `call'
rack (2.0.7) lib/rack/runtime.rb:22:in `call'
activesupport (6.0.1) lib/active_support/cache/strategy/local_cache_middleware.rb:29:in `call'
actionpack (6.0.1) lib/action_dispatch/middleware/executor.rb:14:in `call'
actionpack (6.0.1) lib/action_dispatch/middleware/static.rb:126:in `call'
rack (2.0.7) lib/rack/sendfile.rb:111:in `call'
actionpack (6.0.1) lib/action_dispatch/middleware/host_authorization.rb:83:in `call'
webpacker (4.2.0) lib/webpacker/dev_server_proxy.rb:23:in `perform_request'
rack-proxy (0.6.5) lib/rack/proxy.rb:57:in `call'
railties (6.0.1) lib/rails/engine.rb:526:in `call'
puma (4.3.0) lib/puma/configuration.rb:228:in `call'
puma (4.3.0) lib/puma/server.rb:667:in `handle_request'
puma (4.3.0) lib/puma/server.rb:470:in `process_client'
puma (4.3.0) lib/puma/server.rb:328:in `block in run'
puma (4.3.0) lib/puma/thread_pool.rb:134:in `block in spawn_thread'
Started GET "/users/1" for ::1 at 2019-11-20 18:29:41 -0300
  [1m[35m (0.4ms)[0m  [1m[34mSELECT sqlite_version(*)[0m
  [1m[35m (0.1ms)[0m  [1m[34mSELECT "schema_migrations"."version" FROM "schema_migrations" ORDER BY "schema_migrations"."version" ASC[0m
  
ActionController::RoutingError (No route matches [GET] "/users/1"):
  
actionpack (6.0.1) lib/action_dispatch/middleware/debug_exceptions.rb:36:in `call'
web-console (4.0.1) lib/web_console/middleware.rb:132:in `call_app'
web-console (4.0.1) lib/web_console/middleware.rb:28:in `block in call'
web-console (4.0.1) lib/web_console/middleware.rb:17:in `catch'
web-console (4.0.1) lib/web_console/middleware.rb:17:in `call'
actionpack (6.0.1) lib/action_dispatch/middleware/show_exceptions.rb:33:in `call'
railties (6.0.1) lib/rails/rack/logger.rb:38:in `call_app'
railties (6.0.1) lib/rails/rack/logger.rb:26:in `block in call'
activesupport (6.0.1) lib/active_support/tagged_logging.rb:80:in `block in tagged'
activesupport (6.0.1) lib/active_support/tagged_logging.rb:28:in `tagged'
activesupport (6.0.1) lib/active_support/tagged_logging.rb:80:in `tagged'
railties (6.0.1) lib/rails/rack/logger.rb:26:in `call'
sprockets-rails (3.2.1) lib/sprockets/rails/quiet_assets.rb:13:in `call'
actionpack (6.0.1) lib/action_dispatch/middleware/remote_ip.rb:81:in `call'
actionpack (6.0.1) lib/action_dispatch/middleware/request_id.rb:27:in `call'
rack (2.0.7) lib/rack/method_override.rb:22:in `call'
rack (2.0.7) lib/rack/runtime.rb:22:in `call'
activesupport (6.0.1) lib/active_support/cache/strategy/local_cache_middleware.rb:29:in `call'
actionpack (6.0.1) lib/action_dispatch/middleware/executor.rb:14:in `call'
actionpack (6.0.1) lib/action_dispatch/middleware/static.rb:126:in `call'
rack (2.0.7) lib/rack/sendfile.rb:111:in `call'
actionpack (6.0.1) lib/action_dispatch/middleware/host_authorization.rb:83:in `call'
webpacker (4.2.0) lib/webpacker/dev_server_proxy.rb:23:in `perform_request'
rack-proxy (0.6.5) lib/rack/proxy.rb:57:in `call'
railties (6.0.1) lib/rails/engine.rb:526:in `call'
puma (4.3.0) lib/puma/configuration.rb:228:in `call'
puma (4.3.0) lib/puma/server.rb:667:in `handle_request'
puma (4.3.0) lib/puma/server.rb:470:in `process_client'
puma (4.3.0) lib/puma/server.rb:328:in `block in run'
puma (4.3.0) lib/puma/thread_pool.rb:134:in `block in spawn_thread'
Started GET "/users/1" for ::1 at 2019-11-20 18:31:54 -0300
  [1m[35m (0.1ms)[0m  [1m[34mSELECT sqlite_version(*)[0m
Processing by UsersController#show as HTML
  Parameters: {"id"=>"1"}
  Rendering users/show.html.erb within layouts/application
  [1m[36mUser Load (0.2ms)[0m  [1m[34mSELECT "users".* FROM "users" WHERE (id = 1) LIMIT ?[0m  [["LIMIT", 11]]
  Rendered users/show.html.erb within layouts/application (Duration: 5.1ms | Allocations: 4224)
Completed 500 Internal Server Error in 12ms (ActiveRecord: 0.4ms | Allocations: 5850)


  
ActionView::Template::Error (undefined method `login' for #<ActiveRecord::Relation []>):
    1: Login: <%= @user.login %>
    2: Login: <%= @user.password %>
  
app/views/users/show.html.erb:1
  [1m[36mUser Load (0.4ms)[0m  [1m[34mSELECT "users".* FROM "users" LIMIT ?[0m  [["LIMIT", 11]]
  [1m[36mUser Load (0.4ms)[0m  [1m[34mSELECT "users".* FROM "users" LIMIT ?[0m  [["LIMIT", 11]]
Started POST "/users" for ::1 at 2019-11-20 18:32:12 -0300
Processing by UsersController#create as */*
  Parameters: {"xml"=>"<users><user><login>usuario</login><password>senha</password></user></users>"}
  [1m[35m (0.1ms)[0m  [1m[36mbegin transaction[0m
  ↳ app/controllers/users_controller.rb:25:in `block in create'
  [1m[36mUser Create (0.5ms)[0m  [1m[32mINSERT INTO "users" ("login", "password", "created_at", "updated_at") VALUES (?, ?, ?, ?)[0m  [["login", "usuario"], ["password", "senha"], ["created_at", "2019-11-20 21:32:13.082405"], ["updated_at", "2019-11-20 21:32:13.082405"]]
  ↳ app/controllers/users_controller.rb:25:in `block in create'
  [1m[35m (1.0ms)[0m  [1m[36mcommit transaction[0m
  ↳ app/controllers/users_controller.rb:25:in `block in create'
No template found for UsersController#create, rendering head :no_content
Completed 204 No Content in 221ms (ActiveRecord: 1.9ms | Allocations: 18888)


  [1m[36mUser Load (0.4ms)[0m  [1m[34mSELECT "users".* FROM "users" LIMIT ?[0m  [["LIMIT", 11]]
Started GET "/users/1" for ::1 at 2019-11-20 18:32:22 -0300
Processing by UsersController#show as HTML
  Parameters: {"id"=>"1"}
  Rendering users/show.html.erb within layouts/application
  [1m[36mUser Load (0.3ms)[0m  [1m[34mSELECT "users".* FROM "users" WHERE (id = 1) LIMIT ?[0m  [["LIMIT", 11]]
  Rendered users/show.html.erb within layouts/application (Duration: 7.3ms | Allocations: 3666)
Completed 500 Internal Server Error in 10ms (ActiveRecord: 0.3ms | Allocations: 4149)


  
ActionView::Template::Error (undefined method `login' for #<ActiveRecord::Relation []>):
    1: Login: <%= @user.login %>
    2: Login: <%= @user.password %>
  
app/views/users/show.html.erb:1
Started GET "/users/1" for ::1 at 2019-11-20 18:34:05 -0300
  [1m[35m (0.1ms)[0m  [1m[34mSELECT sqlite_version(*)[0m
Processing by UsersController#show as HTML
  Parameters: {"id"=>"1"}
  Rendering users/show.html.erb within layouts/application
  [1m[36mUser Load (0.2ms)[0m  [1m[34mSELECT "users".* FROM "users" WHERE (id = 1) LIMIT ?[0m  [["LIMIT", 11]]
  Rendered users/show.html.erb within layouts/application (Duration: 5.5ms | Allocations: 4144)
Completed 500 Internal Server Error in 16ms (ActiveRecord: 0.4ms | Allocations: 6116)


  
ActionView::Template::Error (undefined method `login' for #<ActiveRecord::Relation []>):
    1: Login: <%= @user.login %>
    2: Password: <%= @user.password %>
  
app/views/users/show.html.erb:1
Started GET "/users/1" for ::1 at 2019-11-20 18:34:23 -0300
  [1m[35m (1.0ms)[0m  [1m[34mSELECT sqlite_version(*)[0m
  [1m[35m (0.2ms)[0m  [1m[34mSELECT "schema_migrations"."version" FROM "schema_migrations" ORDER BY "schema_migrations"."version" ASC[0m
Processing by UsersController#show as HTML
  Parameters: {"id"=>"1"}
  Rendering users/show.html.erb within layouts/application
  [1m[36mUser Load (0.3ms)[0m  [1m[34mSELECT "users".* FROM "users" WHERE (id = 1) LIMIT ?[0m  [["LIMIT", 11]]
  Rendered users/show.html.erb within layouts/application (Duration: 11.0ms | Allocations: 4588)
Completed 500 Internal Server Error in 28ms (ActiveRecord: 0.5ms | Allocations: 6890)


  
ActionView::Template::Error (undefined method `login' for #<ActiveRecord::Relation []>):
    1: Login: <%= @user.login %>
    2: Password: <%= @user.password %>
  
app/views/users/show.html.erb:1
Started GET "/users/1" for ::1 at 2019-11-20 18:34:35 -0300
  [1m[35m (0.1ms)[0m  [1m[34mSELECT sqlite_version(*)[0m
Processing by UsersController#show as HTML
  Parameters: {"id"=>"1"}
  [1m[36mUser Load (0.1ms)[0m  [1m[34mSELECT "users".* FROM "users" WHERE (id = 1) ORDER BY "users"."id" ASC LIMIT ?[0m  [["LIMIT", 1]]
  ↳ app/controllers/users_controller.rb:5:in `show'
  Rendering users/show.html.erb within layouts/application
  Rendered users/show.html.erb within layouts/application (Duration: 0.8ms | Allocations: 1251)
Completed 500 Internal Server Error in 5ms (ActiveRecord: 0.5ms | Allocations: 3579)


  
ActionView::Template::Error (undefined method `login' for nil:NilClass):
    1: Login: <%= @user.login %>
    2: Password: <%= @user.password %>
  
app/views/users/show.html.erb:1
Started GET "/users/1" for ::1 at 2019-11-20 18:34:50 -0300
Processing by UsersController#show as HTML
  Parameters: {"id"=>"1"}
  [1m[36mUser Load (0.2ms)[0m  [1m[34mSELECT "users".* FROM "users" WHERE (id = 1) ORDER BY "users"."id" ASC LIMIT ?[0m  [["LIMIT", 1]]
  ↳ app/controllers/users_controller.rb:5:in `show'
  Rendering users/show.html.erb within layouts/application
  Rendered users/show.html.erb within layouts/application (Duration: 1.6ms | Allocations: 108)
[Webpacker] Compiling...
Started POST "/users" for ::1 at 2019-11-20 18:34:56 -0300
  [1m[35m (0.1ms)[0m  [1m[34mSELECT sqlite_version(*)[0m
Processing by UsersController#create as */*
  Parameters: {"xml"=>"<users><user><login>usuario</login><password>senha</password></user></users>"}
  [1m[35m (0.1ms)[0m  [1m[36mbegin transaction[0m
  ↳ app/controllers/users_controller.rb:25:in `block in create'
  [1m[36mUser Create (1.0ms)[0m  [1m[32mINSERT INTO "users" ("login", "password", "created_at", "updated_at") VALUES (?, ?, ?, ?)[0m  [["login", "usuario"], ["password", "senha"], ["created_at", "2019-11-20 21:34:57.298188"], ["updated_at", "2019-11-20 21:34:57.298188"]]
  ↳ app/controllers/users_controller.rb:25:in `block in create'
  [1m[35m (1.5ms)[0m  [1m[36mcommit transaction[0m
  ↳ app/controllers/users_controller.rb:25:in `block in create'
No template found for UsersController#create, rendering head :no_content
Completed 204 No Content in 461ms (ActiveRecord: 2.7ms | Allocations: 18695)


[Webpacker] Compiled all packs in /Users/rprandi/Documents/dev/rprandi/sql-injection-study/injection-backend/public/packs
[Webpacker] Hash: 53154d7baad00c6a1252
Version: webpack 4.41.2
Time: 2798ms
Built at: 11/20/2019 7:34:58 PM
                                     Asset       Size       Chunks                         Chunk Names
    js/application-0b67a3cc2fcde6055024.js    124 KiB  application  [emitted] [immutable]  application
js/application-0b67a3cc2fcde6055024.js.map    139 KiB  application  [emitted] [dev]        application
                             manifest.json  364 bytes               [emitted]              
Entrypoint application = js/application-0b67a3cc2fcde6055024.js js/application-0b67a3cc2fcde6055024.js.map
[./app/javascript/channels sync recursive _channel\.js$] ./app/javascript/channels sync _channel\.js$ 160 bytes {application} [built]
[./app/javascript/channels/index.js] 211 bytes {application} [built]
[./app/javascript/packs/application.js] 749 bytes {application} [built]
[./node_modules/webpack/buildin/module.js] (webpack)/buildin/module.js 552 bytes {application} [built]
    + 3 hidden modules

Completed 200 OK in 7828ms (Views: 7820.2ms | ActiveRecord: 0.2ms | Allocations: 50452)


Started GET "/users/1" for ::1 at 2019-11-20 18:34:59 -0300
Processing by UsersController#show as HTML
  Parameters: {"id"=>"1"}
  [1m[36mUser Load (0.4ms)[0m  [1m[34mSELECT "users".* FROM "users" WHERE (id = 1) ORDER BY "users"."id" ASC LIMIT ?[0m  [["LIMIT", 1]]
  ↳ app/controllers/users_controller.rb:5:in `show'
  Rendering users/show.html.erb within layouts/application
  Rendered users/show.html.erb within layouts/application (Duration: 0.0ms | Allocations: 5)
[Webpacker] Everything's up-to-date. Nothing to do
Completed 200 OK in 17ms (Views: 10.3ms | ActiveRecord: 0.4ms | Allocations: 4777)


Started GET "/users/1" for ::1 at 2019-11-20 18:35:07 -0300
Processing by UsersController#show as HTML
  Parameters: {"id"=>"1"}
  [1m[36mUser Load (0.3ms)[0m  [1m[34mSELECT "users".* FROM "users" WHERE (id = 1) ORDER BY "users"."id" ASC LIMIT ?[0m  [["LIMIT", 1]]
  ↳ app/controllers/users_controller.rb:5:in `show'
  Rendering users/show.html.erb within layouts/application
  Rendered users/show.html.erb within layouts/application (Duration: 3.6ms | Allocations: 111)
[Webpacker] Everything's up-to-date. Nothing to do
Completed 200 OK in 24ms (Views: 18.0ms | ActiveRecord: 0.3ms | Allocations: 5631)


Started GET "/users/1" for ::1 at 2019-11-20 18:35:08 -0300
Processing by UsersController#show as HTML
  Parameters: {"id"=>"1"}
  [1m[36mUser Load (0.4ms)[0m  [1m[34mSELECT "users".* FROM "users" WHERE (id = 1) ORDER BY "users"."id" ASC LIMIT ?[0m  [["LIMIT", 1]]
  ↳ app/controllers/users_controller.rb:5:in `show'
  Rendering users/show.html.erb within layouts/application
  Rendered users/show.html.erb within layouts/application (Duration: 0.0ms | Allocations: 5)
[Webpacker] Everything's up-to-date. Nothing to do
Completed 200 OK in 13ms (Views: 10.2ms | ActiveRecord: 0.4ms | Allocations: 4604)


  [1m[36mUser Load (0.4ms)[0m  [1m[34mSELECT "users".* FROM "users" LIMIT ?[0m  [["LIMIT", 11]]
Started GET "/users/9" for ::1 at 2019-11-20 18:35:21 -0300
Processing by UsersController#show as HTML
  Parameters: {"id"=>"9"}
  [1m[36mUser Load (0.3ms)[0m  [1m[34mSELECT "users".* FROM "users" WHERE (id = 9) ORDER BY "users"."id" ASC LIMIT ?[0m  [["LIMIT", 1]]
  ↳ app/controllers/users_controller.rb:5:in `show'
  Rendering users/show.html.erb within layouts/application
  Rendered users/show.html.erb within layouts/application (Duration: 0.2ms | Allocations: 12)
[Webpacker] Everything's up-to-date. Nothing to do
Completed 200 OK in 32ms (Views: 25.0ms | ActiveRecord: 0.3ms | Allocations: 4613)


Started GET "/users/9'" for ::1 at 2019-11-20 18:35:26 -0300
Processing by UsersController#show as HTML
  Parameters: {"id"=>"9'"}
  [1m[36mUser Load (0.6ms)[0m  [1m[34mSELECT "users".* FROM "users" WHERE (id = 9') ORDER BY "users"."id" ASC LIMIT ?[0m  [["LIMIT", 1]]
  ↳ app/controllers/users_controller.rb:5:in `show'
Completed 500 Internal Server Error in 9ms (ActiveRecord: 0.6ms | Allocations: 1657)


  
ActiveRecord::StatementInvalid (SQLite3::SQLException: unrecognized token: "') ORDER BY "users"."id" ASC LIMIT ?"):
  
app/controllers/users_controller.rb:5:in `show'
Started GET "/users/9';select%20*%20from%20users;%20--" for ::1 at 2019-11-20 18:36:15 -0300
Processing by UsersController#show as HTML
  Parameters: {"id"=>"9';select * from users; --"}
  [1m[36mUser Load (1.3ms)[0m  [1m[34mSELECT "users".* FROM "users" WHERE (id = 9';select * from users; --) ORDER BY "users"."id" ASC LIMIT ?[0m  [["LIMIT", 1]]
  ↳ app/controllers/users_controller.rb:5:in `show'
Completed 500 Internal Server Error in 5ms (ActiveRecord: 1.3ms | Allocations: 1652)


  
ActiveRecord::StatementInvalid (SQLite3::SQLException: unrecognized token: "';select * from users; --) ORDER BY "users"."id" ASC LIMIT ?"):
  
app/controllers/users_controller.rb:5:in `show'
Started GET "/users/9%20OR%201=1" for ::1 at 2019-11-20 18:37:48 -0300
Processing by UsersController#show as HTML
  Parameters: {"id"=>"9 OR 1=1"}
  [1m[36mUser Load (0.3ms)[0m  [1m[34mSELECT "users".* FROM "users" WHERE (id = 9 OR 1=1) ORDER BY "users"."id" ASC LIMIT ?[0m  [["LIMIT", 1]]
  ↳ app/controllers/users_controller.rb:5:in `show'
  Rendering users/show.html.erb within layouts/application
  Rendered users/show.html.erb within layouts/application (Duration: 0.1ms | Allocations: 10)
[Webpacker] Everything's up-to-date. Nothing to do
Completed 200 OK in 24ms (Views: 21.6ms | ActiveRecord: 0.3ms | Allocations: 4601)


Started GET "/users/9%20or%201=1" for ::1 at 2019-11-20 18:38:03 -0300
Processing by UsersController#show as HTML
  Parameters: {"id"=>"9 or 1=1"}
  [1m[36mUser Load (0.4ms)[0m  [1m[34mSELECT "users".* FROM "users" WHERE (id = 9 or 1=1) ORDER BY "users"."id" ASC LIMIT ?[0m  [["LIMIT", 1]]
  ↳ app/controllers/users_controller.rb:5:in `show'
  Rendering users/show.html.erb within layouts/application
  Rendered users/show.html.erb within layouts/application (Duration: 0.1ms | Allocations: 10)
[Webpacker] Everything's up-to-date. Nothing to do
Completed 200 OK in 14ms (Views: 10.2ms | ActiveRecord: 0.4ms | Allocations: 4600)


Started GET "/users/9';%20select*%20form%20users;%20--" for ::1 at 2019-11-20 18:38:21 -0300
Processing by UsersController#show as HTML
  Parameters: {"id"=>"9'; select* form users; --"}
  [1m[36mUser Load (0.5ms)[0m  [1m[34mSELECT "users".* FROM "users" WHERE (id = 9'; select* form users; --) ORDER BY "users"."id" ASC LIMIT ?[0m  [["LIMIT", 1]]
  ↳ app/controllers/users_controller.rb:5:in `show'
Completed 500 Internal Server Error in 3ms (ActiveRecord: 0.5ms | Allocations: 1649)


  
ActiveRecord::StatementInvalid (SQLite3::SQLException: unrecognized token: "'; select* form users; --) ORDER BY "users"."id" ASC LIMIT ?"):
  
app/controllers/users_controller.rb:5:in `show'
Started GET "/users/9';%20select*%20from%20users;%20--" for ::1 at 2019-11-20 18:38:28 -0300
Processing by UsersController#show as HTML
  Parameters: {"id"=>"9'; select* from users; --"}
  [1m[36mUser Load (1.2ms)[0m  [1m[34mSELECT "users".* FROM "users" WHERE (id = 9'; select* from users; --) ORDER BY "users"."id" ASC LIMIT ?[0m  [["LIMIT", 1]]
  ↳ app/controllers/users_controller.rb:5:in `show'
Completed 500 Internal Server Error in 3ms (ActiveRecord: 1.2ms | Allocations: 1648)


  
ActiveRecord::StatementInvalid (SQLite3::SQLException: unrecognized token: "'; select* from users; --) ORDER BY "users"."id" ASC LIMIT ?"):
  
app/controllers/users_controller.rb:5:in `show'
Started GET "/users/9;%20select*%20from%20users;%20--" for ::1 at 2019-11-20 18:38:38 -0300
Processing by UsersController#show as HTML
  Parameters: {"id"=>"9; select* from users; --"}
  [1m[36mUser Load (1.0ms)[0m  [1m[34mSELECT "users".* FROM "users" WHERE (id = 9; select* from users; --) ORDER BY "users"."id" ASC LIMIT ?[0m  [["LIMIT", 1]]
  ↳ app/controllers/users_controller.rb:5:in `show'
Completed 500 Internal Server Error in 3ms (ActiveRecord: 1.0ms | Allocations: 1648)


  
ActiveRecord::StatementInvalid (SQLite3::SQLException: near ";": syntax error):
  
app/controllers/users_controller.rb:5:in `show'
Started GET "/users/')%20OR%201--" for ::1 at 2019-11-20 18:39:11 -0300
Processing by UsersController#show as HTML
  Parameters: {"id"=>"') OR 1--"}
  [1m[36mUser Load (0.5ms)[0m  [1m[34mSELECT "users".* FROM "users" WHERE (id = ') OR 1--) ORDER BY "users"."id" ASC LIMIT ?[0m  [["LIMIT", 1]]
  ↳ app/controllers/users_controller.rb:5:in `show'
Completed 500 Internal Server Error in 3ms (ActiveRecord: 0.5ms | Allocations: 1647)


  
ActiveRecord::StatementInvalid (SQLite3::SQLException: unrecognized token: "') OR 1--) ORDER BY "users"."id" ASC LIMIT ?"):
  
app/controllers/users_controller.rb:5:in `show'
Started GET "/users/9')%20OR%201--" for ::1 at 2019-11-20 18:39:18 -0300
Processing by UsersController#show as HTML
  Parameters: {"id"=>"9') OR 1--"}
  [1m[36mUser Load (0.6ms)[0m  [1m[34mSELECT "users".* FROM "users" WHERE (id = 9') OR 1--) ORDER BY "users"."id" ASC LIMIT ?[0m  [["LIMIT", 1]]
  ↳ app/controllers/users_controller.rb:5:in `show'
Completed 500 Internal Server Error in 3ms (ActiveRecord: 0.6ms | Allocations: 1647)


  
ActiveRecord::StatementInvalid (SQLite3::SQLException: unrecognized token: "') OR 1--) ORDER BY "users"."id" ASC LIMIT ?"):
  
app/controllers/users_controller.rb:5:in `show'
Started POST "/__web_console/repl_sessions/1dc06b95a5473993ed8aaf1339c51e51/trace" for ::1 at 2019-11-20 18:39:22 -0300
Started GET "/users/10" for ::1 at 2019-11-20 18:40:02 -0300
Processing by UsersController#show as HTML
  Parameters: {"id"=>"10"}
  [1m[36mUser Load (0.2ms)[0m  [1m[34mSELECT "users".* FROM "users" WHERE (id = 10) ORDER BY "users"."id" ASC LIMIT ?[0m  [["LIMIT", 1]]
  ↳ app/controllers/users_controller.rb:5:in `show'
  Rendering users/show.html.erb within layouts/application
  Rendered users/show.html.erb within layouts/application (Duration: 0.1ms | Allocations: 10)
[Webpacker] Everything's up-to-date. Nothing to do
Completed 200 OK in 22ms (Views: 20.3ms | ActiveRecord: 0.2ms | Allocations: 4598)


Started GET "/users/11" for ::1 at 2019-11-20 18:40:05 -0300
Processing by UsersController#show as HTML
  Parameters: {"id"=>"11"}
  [1m[36mUser Load (0.3ms)[0m  [1m[34mSELECT "users".* FROM "users" WHERE (id = 11) ORDER BY "users"."id" ASC LIMIT ?[0m  [["LIMIT", 1]]
  ↳ app/controllers/users_controller.rb:5:in `show'
  Rendering users/show.html.erb within layouts/application
  Rendered users/show.html.erb within layouts/application (Duration: 0.0ms | Allocations: 4)
[Webpacker] Everything's up-to-date. Nothing to do
Completed 200 OK in 12ms (Views: 8.5ms | ActiveRecord: 0.3ms | Allocations: 4581)


Started GET "/users/')%20OR%201--" for ::1 at 2019-11-20 18:40:07 -0300
Processing by UsersController#show as HTML
  Parameters: {"id"=>"') OR 1--"}
  [1m[36mUser Load (0.3ms)[0m  [1m[34mSELECT "users".* FROM "users" WHERE (id = ') OR 1--) ORDER BY "users"."id" ASC LIMIT ?[0m  [["LIMIT", 1]]
  ↳ app/controllers/users_controller.rb:5:in `show'
Completed 500 Internal Server Error in 2ms (ActiveRecord: 0.3ms | Allocations: 1652)


  
ActiveRecord::StatementInvalid (SQLite3::SQLException: unrecognized token: "') OR 1--) ORDER BY "users"."id" ASC LIMIT ?"):
  
app/controllers/users_controller.rb:5:in `show'
Started GET "/users/10')%20OR%201--" for ::1 at 2019-11-20 18:40:15 -0300
Processing by UsersController#show as HTML
  Parameters: {"id"=>"10') OR 1--"}
  [1m[36mUser Load (0.3ms)[0m  [1m[34mSELECT "users".* FROM "users" WHERE (id = 10') OR 1--) ORDER BY "users"."id" ASC LIMIT ?[0m  [["LIMIT", 1]]
  ↳ app/controllers/users_controller.rb:5:in `show'
Completed 500 Internal Server Error in 1ms (ActiveRecord: 0.3ms | Allocations: 1651)


  
ActiveRecord::StatementInvalid (SQLite3::SQLException: unrecognized token: "') OR 1--) ORDER BY "users"."id" ASC LIMIT ?"):
  
app/controllers/users_controller.rb:5:in `show'
Started GET "/users/')%20or%201=1--" for ::1 at 2019-11-20 18:41:25 -0300
Processing by UsersController#show as HTML
  Parameters: {"id"=>"') or 1=1--"}
  [1m[36mUser Load (0.5ms)[0m  [1m[34mSELECT "users".* FROM "users" WHERE (id = ') or 1=1--) ORDER BY "users"."id" ASC LIMIT ?[0m  [["LIMIT", 1]]
  ↳ app/controllers/users_controller.rb:5:in `show'
Completed 500 Internal Server Error in 3ms (ActiveRecord: 0.5ms | Allocations: 1651)


  
ActiveRecord::StatementInvalid (SQLite3::SQLException: unrecognized token: "') or 1=1--) ORDER BY "users"."id" ASC LIMIT ?"):
  
app/controllers/users_controller.rb:5:in `show'
Started GET "/users/rafa" for ::1 at 2019-11-20 18:44:05 -0300
Processing by UsersController#show as HTML
  Parameters: {"id"=>"rafa"}
  [1m[36mUser Load (1.2ms)[0m  [1m[34mSELECT "users".* FROM "users" WHERE (id = rafa) ORDER BY "users"."id" ASC LIMIT ?[0m  [["LIMIT", 1]]
  ↳ app/controllers/users_controller.rb:5:in `show'
Completed 500 Internal Server Error in 3ms (ActiveRecord: 1.2ms | Allocations: 1651)


  
ActiveRecord::StatementInvalid (SQLite3::SQLException: no such column: rafa):
  
app/controllers/users_controller.rb:5:in `show'
Started GET "/users/1=1" for ::1 at 2019-11-20 18:44:18 -0300
Processing by UsersController#show as HTML
  Parameters: {"id"=>"1=1"}
  [1m[36mUser Load (0.3ms)[0m  [1m[34mSELECT "users".* FROM "users" WHERE (id = 1=1) ORDER BY "users"."id" ASC LIMIT ?[0m  [["LIMIT", 1]]
  ↳ app/controllers/users_controller.rb:5:in `show'
  Rendering users/show.html.erb within layouts/application
  Rendered users/show.html.erb within layouts/application (Duration: 0.1ms | Allocations: 4)
[Webpacker] Everything's up-to-date. Nothing to do
Completed 200 OK in 46ms (Views: 43.1ms | ActiveRecord: 0.3ms | Allocations: 4584)


Started GET "/users" for ::1 at 2019-11-20 18:45:41 -0300
  [1m[35m (6.2ms)[0m  [1m[34mSELECT sqlite_version(*)[0m
  [1m[35m (0.2ms)[0m  [1m[34mSELECT "schema_migrations"."version" FROM "schema_migrations" ORDER BY "schema_migrations"."version" ASC[0m
Processing by UsersController#show as HTML
  Rendering users/show.html.erb within layouts/application
  Rendered users/show.html.erb within layouts/application (Duration: 2.2ms | Allocations: 228)
[Webpacker] Everything's up-to-date. Nothing to do
Completed 200 OK in 57ms (Views: 53.0ms | ActiveRecord: 0.0ms | Allocations: 7959)


Started GET "/users?login=usuario" for ::1 at 2019-11-20 18:45:49 -0300
Processing by UsersController#show as HTML
  Parameters: {"login"=>"usuario"}
  Rendering users/show.html.erb within layouts/application
  Rendered users/show.html.erb within layouts/application (Duration: 0.1ms | Allocations: 5)
[Webpacker] Everything's up-to-date. Nothing to do
Completed 200 OK in 15ms (Views: 13.3ms | ActiveRecord: 0.0ms | Allocations: 3913)


Started GET "/users?login=usuario" for ::1 at 2019-11-20 18:46:17 -0300
  [1m[35m (0.1ms)[0m  [1m[34mSELECT sqlite_version(*)[0m
Processing by UsersController#show as HTML
  Parameters: {"login"=>"usuario"}
  Rendering users/show.html.erb within layouts/application
  Rendered users/show.html.erb within layouts/application (Duration: 0.1ms | Allocations: 5)
[Webpacker] Everything's up-to-date. Nothing to do
Completed 200 OK in 7ms (Views: 6.6ms | ActiveRecord: 0.0ms | Allocations: 4077)


Started GET "/users?login=usuario" for ::1 at 2019-11-20 18:46:28 -0300
  [1m[35m (0.5ms)[0m  [1m[34mSELECT sqlite_version(*)[0m
  [1m[35m (0.1ms)[0m  [1m[34mSELECT "schema_migrations"."version" FROM "schema_migrations" ORDER BY "schema_migrations"."version" ASC[0m
Processing by UsersController#show as HTML
  Parameters: {"login"=>"usuario"}
  Rendering users/show.html.erb within layouts/application
  Rendered users/show.html.erb within layouts/application (Duration: 1.2ms | Allocations: 228)
[Webpacker] Everything's up-to-date. Nothing to do
Completed 200 OK in 37ms (Views: 33.0ms | ActiveRecord: 0.0ms | Allocations: 8086)


Started GET "/users?login=usuario" for ::1 at 2019-11-20 18:46:42 -0300
  [1m[35m (0.1ms)[0m  [1m[34mSELECT sqlite_version(*)[0m
Processing by UsersController#show as HTML
  Parameters: {"login"=>"usuario"}
  [1m[36mUser Load (0.4ms)[0m  [1m[34mSELECT "users".* FROM "users" WHERE (login = usuario) ORDER BY "users"."id" ASC LIMIT ?[0m  [["LIMIT", 1]]
  ↳ app/controllers/users_controller.rb:6:in `show'
Completed 500 Internal Server Error in 6ms (ActiveRecord: 0.7ms | Allocations: 2377)


  
ActiveRecord::StatementInvalid (SQLite3::SQLException: no such column: usuario):
  
app/controllers/users_controller.rb:6:in `show'
  [1m[36mUser Load (0.4ms)[0m  [1m[34mSELECT "users".* FROM "users" LIMIT ?[0m  [["LIMIT", 11]]
Started GET "/users?login=usuario" for ::1 at 2019-11-20 18:47:08 -0300
  [1m[35m (0.1ms)[0m  [1m[34mSELECT sqlite_version(*)[0m
Processing by UsersController#show as HTML
  Parameters: {"login"=>"usuario"}
  [1m[36mUser Load (0.3ms)[0m  [1m[34mSELECT "users".* FROM "users" WHERE (login = usuario) ORDER BY "users"."id" ASC LIMIT ?[0m  [["LIMIT", 1]]
  ↳ app/controllers/users_controller.rb:6:in `show'
Completed 500 Internal Server Error in 3ms (ActiveRecord: 0.6ms | Allocations: 2245)


  
ActiveRecord::StatementInvalid (SQLite3::SQLException: no such column: usuario):
  
app/controllers/users_controller.rb:6:in `show'
Started GET "/users?login=%27)%20OR%201--" for ::1 at 2019-11-20 18:47:19 -0300
Processing by UsersController#show as HTML
  Parameters: {"login"=>"') OR 1--"}
  [1m[36mUser Load (0.5ms)[0m  [1m[34mSELECT "users".* FROM "users" WHERE (login = ') OR 1--) ORDER BY "users"."id" ASC LIMIT ?[0m  [["LIMIT", 1]]
  ↳ app/controllers/users_controller.rb:6:in `show'
Completed 500 Internal Server Error in 8ms (ActiveRecord: 0.5ms | Allocations: 1667)


  
ActiveRecord::StatementInvalid (SQLite3::SQLException: unrecognized token: "') OR 1--) ORDER BY "users"."id" ASC LIMIT ?"):
  
app/controllers/users_controller.rb:6:in `show'
Started GET "/users?login=%27)%20OR%201--" for ::1 at 2019-11-20 18:48:08 -0300
Processing by UsersController#show as HTML
  Parameters: {"login"=>"') OR 1--"}
  [1m[36mUser Load (1.6ms)[0m  [1m[34mSELECT "users".* FROM "users" WHERE (login = ') OR 1--) ORDER BY "users"."id" ASC LIMIT ?[0m  [["LIMIT", 1]]
  ↳ app/controllers/users_controller.rb:6:in `show'
Completed 500 Internal Server Error in 5ms (ActiveRecord: 1.6ms | Allocations: 1651)


  
ActiveRecord::StatementInvalid (SQLite3::SQLException: unrecognized token: "') OR 1--) ORDER BY "users"."id" ASC LIMIT ?"):
  
app/controllers/users_controller.rb:6:in `show'
Started GET "/users?login=%27)%20OR%201--" for ::1 at 2019-11-20 18:48:19 -0300
  [1m[35m (0.0ms)[0m  [1m[34mSELECT sqlite_version(*)[0m
Processing by UsersController#show as HTML
  Parameters: {"login"=>"') OR 1--"}
  [1m[36mUser Load (0.3ms)[0m  [1m[34mSELECT "users".* FROM "users" WHERE (login = ') OR 1--) ORDER BY "users"."id" ASC LIMIT ?[0m  [["LIMIT", 1]]
  ↳ app/controllers/users_controller.rb:7:in `show'
Completed 500 Internal Server Error in 4ms (ActiveRecord: 0.8ms | Allocations: 2205)


  
ActiveRecord::StatementInvalid (SQLite3::SQLException: unrecognized token: "') OR 1--) ORDER BY "users"."id" ASC LIMIT ?"):
  
app/controllers/users_controller.rb:7:in `show'
Started GET "/users?login=1%27)%20OR%201--" for ::1 at 2019-11-20 18:48:49 -0300
Processing by UsersController#show as HTML
  Parameters: {"login"=>"1') OR 1--"}
  [1m[36mUser Load (0.6ms)[0m  [1m[34mSELECT "users".* FROM "users" WHERE (login = 1') OR 1--) ORDER BY "users"."id" ASC LIMIT ?[0m  [["LIMIT", 1]]
  ↳ app/controllers/users_controller.rb:7:in `show'
Completed 500 Internal Server Error in 4ms (ActiveRecord: 0.6ms | Allocations: 1654)


  
ActiveRecord::StatementInvalid (SQLite3::SQLException: unrecognized token: "') OR 1--) ORDER BY "users"."id" ASC LIMIT ?"):
  
app/controllers/users_controller.rb:7:in `show'
Started GET "/users?login=usuario%27)%20OR%201--" for ::1 at 2019-11-20 18:49:11 -0300
Processing by UsersController#show as HTML
  Parameters: {"login"=>"usuario') OR 1--"}
  [1m[36mUser Load (0.6ms)[0m  [1m[34mSELECT "users".* FROM "users" WHERE (login = usuario') OR 1--) ORDER BY "users"."id" ASC LIMIT ?[0m  [["LIMIT", 1]]
  ↳ app/controllers/users_controller.rb:7:in `show'
Completed 500 Internal Server Error in 5ms (ActiveRecord: 0.6ms | Allocations: 1656)


  
ActiveRecord::StatementInvalid (SQLite3::SQLException: unrecognized token: "') OR 1--) ORDER BY "users"."id" ASC LIMIT ?"):
  
app/controllers/users_controller.rb:7:in `show'
Started GET "/users?login=usuario)%20OR%201--" for ::1 at 2019-11-20 18:49:27 -0300
Processing by UsersController#show as HTML
  Parameters: {"login"=>"usuario) OR 1--"}
  [1m[36mUser Load (0.8ms)[0m  [1m[34mSELECT "users".* FROM "users" WHERE (login = usuario) OR 1--) ORDER BY "users"."id" ASC LIMIT ?[0m  [["LIMIT", 1]]
  ↳ app/controllers/users_controller.rb:7:in `show'
Completed 500 Internal Server Error in 8ms (ActiveRecord: 0.8ms | Allocations: 1654)


  
ActiveRecord::StatementInvalid (SQLite3::SQLException: no such column: usuario):
  
app/controllers/users_controller.rb:7:in `show'
Started GET "/users?login=%27usuario%27)%20OR%201--" for ::1 at 2019-11-20 18:49:36 -0300
Processing by UsersController#show as HTML
  Parameters: {"login"=>"'usuario') OR 1--"}
  [1m[36mUser Load (1.5ms)[0m  [1m[34mSELECT "users".* FROM "users" WHERE (login = 'usuario') OR 1--) ORDER BY "users"."id" ASC LIMIT ?[0m  [["LIMIT", 1]]
  ↳ app/controllers/users_controller.rb:7:in `show'
Completed 500 Internal Server Error in 7ms (ActiveRecord: 1.5ms | Allocations: 1678)


  
ActiveRecord::StatementInvalid (SQLite3::RangeException: column index out of range):
  
app/controllers/users_controller.rb:7:in `show'
Started GET "/users?login=usuario" for ::1 at 2019-11-20 18:50:06 -0300
Processing by UsersController#show as HTML
  Parameters: {"login"=>"usuario"}
  [1m[36mUser Load (1.0ms)[0m  [1m[34mSELECT "users".* FROM "users" WHERE (login = usuario) ORDER BY "users"."id" ASC LIMIT ?[0m  [["LIMIT", 1]]
  ↳ app/controllers/users_controller.rb:7:in `show'
Completed 500 Internal Server Error in 5ms (ActiveRecord: 1.0ms | Allocations: 1654)


  
ActiveRecord::StatementInvalid (SQLite3::SQLException: no such column: usuario):
  
app/controllers/users_controller.rb:7:in `show'
Started GET "/users?id=1" for ::1 at 2019-11-20 18:50:34 -0300
  [1m[35m (0.0ms)[0m  [1m[34mSELECT sqlite_version(*)[0m
Processing by UsersController#show as HTML
  Parameters: {"id"=>"1"}
  [1m[36mUser Load (0.2ms)[0m  [1m[34mSELECT "users".* FROM "users" WHERE (id = 1) ORDER BY "users"."id" ASC LIMIT ?[0m  [["LIMIT", 1]]
  ↳ app/controllers/users_controller.rb:6:in `show'
  Rendering users/show.html.erb within layouts/application
  Rendered users/show.html.erb within layouts/application (Duration: 0.0ms | Allocations: 4)
[Webpacker] Everything's up-to-date. Nothing to do
Completed 200 OK in 17ms (Views: 12.0ms | ActiveRecord: 1.0ms | Allocations: 5779)


Started GET "/users?id=%27)%20OR%201--" for ::1 at 2019-11-20 18:50:38 -0300
Processing by UsersController#show as HTML
  Parameters: {"id"=>"') OR 1--"}
  [1m[36mUser Load (1.3ms)[0m  [1m[34mSELECT "users".* FROM "users" WHERE (id = ') OR 1--) ORDER BY "users"."id" ASC LIMIT ?[0m  [["LIMIT", 1]]
  ↳ app/controllers/users_controller.rb:6:in `show'
Completed 500 Internal Server Error in 5ms (ActiveRecord: 1.3ms | Allocations: 1644)


  
ActiveRecord::StatementInvalid (SQLite3::SQLException: unrecognized token: "') OR 1--) ORDER BY "users"."id" ASC LIMIT ?"):
  
app/controllers/users_controller.rb:6:in `show'
Started GET "/users?id=1%27)%20OR%201--" for ::1 at 2019-11-20 18:50:44 -0300
Processing by UsersController#show as HTML
  Parameters: {"id"=>"1') OR 1--"}
  [1m[36mUser Load (0.6ms)[0m  [1m[34mSELECT "users".* FROM "users" WHERE (id = 1') OR 1--) ORDER BY "users"."id" ASC LIMIT ?[0m  [["LIMIT", 1]]
  ↳ app/controllers/users_controller.rb:6:in `show'
Completed 500 Internal Server Error in 3ms (ActiveRecord: 0.6ms | Allocations: 1643)


  
ActiveRecord::StatementInvalid (SQLite3::SQLException: unrecognized token: "') OR 1--) ORDER BY "users"."id" ASC LIMIT ?"):
  
app/controllers/users_controller.rb:6:in `show'
Started GET "/users?id=1)%20OR%201--" for ::1 at 2019-11-20 18:51:12 -0300
Processing by UsersController#show as HTML
  Parameters: {"id"=>"1) OR 1--"}
  [1m[36mUser Load (0.8ms)[0m  [1m[34mSELECT "users".* FROM "users" WHERE (id = 1) OR 1--) ORDER BY "users"."id" ASC LIMIT ?[0m  [["LIMIT", 1]]
  ↳ app/controllers/users_controller.rb:6:in `show'
Completed 500 Internal Server Error in 3ms (ActiveRecord: 0.8ms | Allocations: 1666)


  
ActiveRecord::StatementInvalid (SQLite3::RangeException: column index out of range):
  
app/controllers/users_controller.rb:6:in `show'
Started GET "/users?id=%27)%20or%201=1--" for ::1 at 2019-11-20 18:51:42 -0300
Processing by UsersController#show as HTML
  Parameters: {"id"=>"') or 1=1--"}
  [1m[36mUser Load (0.6ms)[0m  [1m[34mSELECT "users".* FROM "users" WHERE (id = ') or 1=1--) ORDER BY "users"."id" ASC LIMIT ?[0m  [["LIMIT", 1]]
  ↳ app/controllers/users_controller.rb:6:in `show'
Completed 500 Internal Server Error in 3ms (ActiveRecord: 0.6ms | Allocations: 1643)


  
ActiveRecord::StatementInvalid (SQLite3::SQLException: unrecognized token: "') or 1=1--) ORDER BY "users"."id" ASC LIMIT ?"):
  
app/controllers/users_controller.rb:6:in `show'
Started GET "/users?id=%27)%20or%201=1--" for ::1 at 2019-11-20 18:52:18 -0300
  [1m[35m (0.0ms)[0m  [1m[34mSELECT sqlite_version(*)[0m
Processing by UsersController#show as HTML
  Parameters: {"id"=>"') or 1=1--"}
  [1m[36mUser Load (0.1ms)[0m  [1m[34mSELECT "users".* FROM "users" WHERE (login = '') ORDER BY "users"."id" ASC LIMIT ?[0m  [["LIMIT", 1]]
  ↳ app/controllers/users_controller.rb:6:in `show'
  Rendering users/show.html.erb within layouts/application
  Rendered users/show.html.erb within layouts/application (Duration: 0.1ms | Allocations: 4)
[Webpacker] Everything's up-to-date. Nothing to do
Completed 200 OK in 28ms (Views: 23.7ms | ActiveRecord: 0.7ms | Allocations: 5725)


Started GET "/users?login=%27)%20or%201=1--" for ::1 at 2019-11-20 18:52:22 -0300
Processing by UsersController#show as HTML
  Parameters: {"login"=>"') or 1=1--"}
  [1m[36mUser Load (2.9ms)[0m  [1m[34mSELECT "users".* FROM "users" WHERE (login = '') or 1=1--') ORDER BY "users"."id" ASC LIMIT ?[0m  [["LIMIT", 1]]
  ↳ app/controllers/users_controller.rb:6:in `show'
Completed 500 Internal Server Error in 8ms (ActiveRecord: 2.9ms | Allocations: 1663)


  
ActiveRecord::StatementInvalid (SQLite3::RangeException: column index out of range):
  
app/controllers/users_controller.rb:6:in `show'
Started GET "/users?user=usuario" for ::1 at 2019-11-20 18:53:13 -0300
Processing by UsersController#show as HTML
  Parameters: {"user"=>"usuario"}
  [1m[36mUser Load (0.3ms)[0m  [1m[34mSELECT "users".* FROM "users" WHERE (login = '') ORDER BY "users"."id" ASC LIMIT ?[0m  [["LIMIT", 1]]
  ↳ app/controllers/users_controller.rb:6:in `show'
  Rendering users/show.html.erb within layouts/application
  Rendered users/show.html.erb within layouts/application (Duration: 1.2ms | Allocations: 90)
[Webpacker] Everything's up-to-date. Nothing to do
Completed 200 OK in 25ms (Views: 20.9ms | ActiveRecord: 0.3ms | Allocations: 5599)


Started GET "/users?login=usuario" for ::1 at 2019-11-20 18:53:20 -0300
Processing by UsersController#show as HTML
  Parameters: {"login"=>"usuario"}
  [1m[36mUser Load (0.3ms)[0m  [1m[34mSELECT "users".* FROM "users" WHERE (login = 'usuario') ORDER BY "users"."id" ASC LIMIT ?[0m  [["LIMIT", 1]]
  ↳ app/controllers/users_controller.rb:6:in `show'
  Rendering users/show.html.erb within layouts/application
  Rendered users/show.html.erb within layouts/application (Duration: 0.1ms | Allocations: 8)
[Webpacker] Everything's up-to-date. Nothing to do
Completed 200 OK in 18ms (Views: 9.2ms | ActiveRecord: 0.3ms | Allocations: 8064)


Started GET "/users?login=usuario" for ::1 at 2019-11-20 18:53:30 -0300
Processing by UsersController#show as HTML
  Parameters: {"login"=>"usuario"}
  [1m[36mUser Load (0.2ms)[0m  [1m[34mSELECT "users".* FROM "users" WHERE (login = 'usuario') ORDER BY "users"."id" ASC LIMIT ?[0m  [["LIMIT", 1]]
  ↳ app/controllers/users_controller.rb:6:in `show'
  Rendering users/show.html.erb within layouts/application
  Rendered users/show.html.erb within layouts/application (Duration: 5.6ms | Allocations: 181)
[Webpacker] Everything's up-to-date. Nothing to do
Completed 200 OK in 19ms (Views: 16.4ms | ActiveRecord: 0.2ms | Allocations: 5694)


Started GET "/users?login=usuario%27)%20or%201=1--" for ::1 at 2019-11-20 18:53:35 -0300
Processing by UsersController#show as HTML
  Parameters: {"login"=>"usuario') or 1=1--"}
  [1m[36mUser Load (0.6ms)[0m  [1m[34mSELECT "users".* FROM "users" WHERE (login = 'usuario') or 1=1--') ORDER BY "users"."id" ASC LIMIT ?[0m  [["LIMIT", 1]]
  ↳ app/controllers/users_controller.rb:6:in `show'
Completed 500 Internal Server Error in 2ms (ActiveRecord: 0.6ms | Allocations: 1672)


  
ActiveRecord::StatementInvalid (SQLite3::RangeException: column index out of range):
  
app/controllers/users_controller.rb:6:in `show'
Started GET "/users?login=%27)%20or%201=1--" for ::1 at 2019-11-20 18:53:38 -0300
Processing by UsersController#show as HTML
  Parameters: {"login"=>"') or 1=1--"}
  [1m[36mUser Load (0.8ms)[0m  [1m[34mSELECT "users".* FROM "users" WHERE (login = '') or 1=1--') ORDER BY "users"."id" ASC LIMIT ?[0m  [["LIMIT", 1]]
  ↳ app/controllers/users_controller.rb:6:in `show'
Completed 500 Internal Server Error in 3ms (ActiveRecord: 0.8ms | Allocations: 1670)


  
ActiveRecord::StatementInvalid (SQLite3::RangeException: column index out of range):
  
app/controllers/users_controller.rb:6:in `show'
Started GET "/users?login=%27)%20OR%201--" for ::1 at 2019-11-20 18:55:32 -0300
Processing by UsersController#show as HTML
  Parameters: {"login"=>"') OR 1--"}
  [1m[36mUser Load (0.6ms)[0m  [1m[34mSELECT "users".* FROM "users" WHERE (login = '') OR 1--') ORDER BY "users"."id" ASC LIMIT ?[0m  [["LIMIT", 1]]
  ↳ app/controllers/users_controller.rb:6:in `show'
Completed 500 Internal Server Error in 3ms (ActiveRecord: 0.6ms | Allocations: 1670)


  
ActiveRecord::StatementInvalid (SQLite3::RangeException: column index out of range):
  
app/controllers/users_controller.rb:6:in `show'
Started GET "/users?login=%27)%20OR%201--" for ::1 at 2019-11-20 18:56:05 -0300
  [1m[35m (0.0ms)[0m  [1m[34mSELECT sqlite_version(*)[0m
Processing by UsersController#show as HTML
  Parameters: {"login"=>"') OR 1--"}
  [1m[36mUser Load (1.1ms)[0m  [1m[34mSELECT "users".* FROM "users" WHERE (login = '') OR 1--') ORDER BY "users"."id" ASC LIMIT ?[0m  [["LIMIT", 1]]
  ↳ app/controllers/users_controller.rb:10:in `show'
Completed 500 Internal Server Error in 5ms (ActiveRecord: 1.5ms | Allocations: 2222)


  
ActiveRecord::StatementInvalid (SQLite3::RangeException: column index out of range):
  
app/controllers/users_controller.rb:10:in `show'
Started GET "/users?login=%27)%20OR%201=1--" for ::1 at 2019-11-20 18:56:34 -0300
Processing by UsersController#show as HTML
  Parameters: {"login"=>"') OR 1=1--"}
  [1m[36mUser Load (0.6ms)[0m  [1m[34mSELECT "users".* FROM "users" WHERE (login = '') OR 1=1--') ORDER BY "users"."id" ASC LIMIT ?[0m  [["LIMIT", 1]]
  ↳ app/controllers/users_controller.rb:10:in `show'
Completed 500 Internal Server Error in 4ms (ActiveRecord: 0.6ms | Allocations: 1681)


  
ActiveRecord::StatementInvalid (SQLite3::RangeException: column index out of range):
  
app/controllers/users_controller.rb:10:in `show'
Started GET "/users?login=%27)%20OR%201=1--" for ::1 at 2019-11-20 18:58:28 -0300
  [1m[35m (0.0ms)[0m  [1m[34mSELECT sqlite_version(*)[0m
Processing by UsersController#show as HTML
  Parameters: {"login"=>"') OR 1=1--"}
  [1m[36mUser Load (0.3ms)[0m  [1m[34mSELECT "users".* FROM "users" WHERE (login = '') OR 1--') ORDER BY "users"."id" ASC LIMIT ?[0m  [["LIMIT", 1]]
  ↳ app/controllers/users_controller.rb:12:in `show'
Completed 500 Internal Server Error in 3ms (ActiveRecord: 0.6ms | Allocations: 2223)


  
ActiveRecord::StatementInvalid (SQLite3::RangeException: column index out of range):
  
app/controllers/users_controller.rb:12:in `show'
Started GET "/users?login=10" for ::1 at 2019-11-20 18:58:31 -0300
Processing by UsersController#show as HTML
  Parameters: {"login"=>"10"}
  [1m[36mUser Load (0.7ms)[0m  [1m[34mSELECT "users".* FROM "users" WHERE (login = '') OR 1--') ORDER BY "users"."id" ASC LIMIT ?[0m  [["LIMIT", 1]]
  ↳ app/controllers/users_controller.rb:12:in `show'
Completed 500 Internal Server Error in 3ms (ActiveRecord: 0.7ms | Allocations: 1682)


  
ActiveRecord::StatementInvalid (SQLite3::RangeException: column index out of range):
  
app/controllers/users_controller.rb:12:in `show'
Started GET "/users?login=usuario" for ::1 at 2019-11-20 18:58:34 -0300
Processing by UsersController#show as HTML
  Parameters: {"login"=>"usuario"}
  [1m[36mUser Load (0.5ms)[0m  [1m[34mSELECT "users".* FROM "users" WHERE (login = '') OR 1--') ORDER BY "users"."id" ASC LIMIT ?[0m  [["LIMIT", 1]]
  ↳ app/controllers/users_controller.rb:12:in `show'
Completed 500 Internal Server Error in 2ms (ActiveRecord: 0.5ms | Allocations: 1682)


  
ActiveRecord::StatementInvalid (SQLite3::RangeException: column index out of range):
  
app/controllers/users_controller.rb:12:in `show'
Started GET "/users?login=usuario" for ::1 at 2019-11-20 19:01:13 -0300
  [1m[35m (0.1ms)[0m  [1m[34mSELECT sqlite_version(*)[0m
Processing by UsersController#show as HTML
  Parameters: {"login"=>"usuario"}
  [1m[36mUser Load (0.3ms)[0m  [1m[34mSELECT "users".* FROM "users" WHERE (login = '' OR 1 --) ORDER BY "users"."id" ASC LIMIT ?[0m  [["LIMIT", 1]]
  ↳ app/controllers/users_controller.rb:12:in `show'
Completed 500 Internal Server Error in 5ms (ActiveRecord: 0.7ms | Allocations: 2201)


  
ActiveRecord::StatementInvalid (SQLite3::SQLException: incomplete input):
  
app/controllers/users_controller.rb:12:in `show'
Started GET "/users?login=usuario" for ::1 at 2019-11-20 19:01:28 -0300
  [1m[35m (0.1ms)[0m  [1m[34mSELECT sqlite_version(*)[0m
Processing by UsersController#show as HTML
  Parameters: {"login"=>"usuario"}
  [1m[36mUser Load (0.1ms)[0m  [1m[34mSELECT "users".* FROM "users" WHERE (login = '' OR 1) ORDER BY "users"."id" ASC LIMIT ?[0m  [["LIMIT", 1]]
  ↳ app/controllers/users_controller.rb:12:in `show'
  Rendering users/show.html.erb within layouts/application
  Rendered users/show.html.erb within layouts/application (Duration: 0.3ms | Allocations: 82)
[Webpacker] Everything's up-to-date. Nothing to do
Completed 200 OK in 41ms (Views: 29.6ms | ActiveRecord: 0.9ms | Allocations: 9100)


Started POST "/users" for ::1 at 2019-11-20 19:01:43 -0300
Processing by UsersController#create as */*
  Parameters: {"xml"=>"<users><user><login>usuario</login><password>password</password></user><user><login>LoginMalicioso</login><password>SenhaMaliciosa</password></user><user><login>teste</login><password>teste</password></user></users>"}
  [1m[35m (0.1ms)[0m  [1m[36mbegin transaction[0m
  ↳ app/controllers/users_controller.rb:25:in `block (2 levels) in create'
  [1m[36mUser Create (0.4ms)[0m  [1m[32mINSERT INTO "users" ("login", "password", "created_at", "updated_at") VALUES (?, ?, ?, ?)[0m  [["login", "usuario"], ["password", "password"], ["created_at", "2019-11-20 22:01:43.439159"], ["updated_at", "2019-11-20 22:01:43.439159"]]
  ↳ app/controllers/users_controller.rb:25:in `block (2 levels) in create'
  [1m[35m (0.7ms)[0m  [1m[36mcommit transaction[0m
  ↳ app/controllers/users_controller.rb:25:in `block (2 levels) in create'
  [1m[35m (0.0ms)[0m  [1m[36mbegin transaction[0m
  ↳ app/controllers/users_controller.rb:25:in `block (2 levels) in create'
  [1m[36mUser Create (0.3ms)[0m  [1m[32mINSERT INTO "users" ("login", "password", "created_at", "updated_at") VALUES (?, ?, ?, ?)[0m  [["login", "LoginMalicioso"], ["password", "SenhaMaliciosa"], ["created_at", "2019-11-20 22:01:43.442923"], ["updated_at", "2019-11-20 22:01:43.442923"]]
  ↳ app/controllers/users_controller.rb:25:in `block (2 levels) in create'
  [1m[35m (0.8ms)[0m  [1m[36mcommit transaction[0m
  ↳ app/controllers/users_controller.rb:25:in `block (2 levels) in create'
  [1m[35m (0.0ms)[0m  [1m[36mbegin transaction[0m
  ↳ app/controllers/users_controller.rb:25:in `block (2 levels) in create'
  [1m[36mUser Create (0.3ms)[0m  [1m[32mINSERT INTO "users" ("login", "password", "created_at", "updated_at") VALUES (?, ?, ?, ?)[0m  [["login", "teste"], ["password", "teste"], ["created_at", "2019-11-20 22:01:43.446458"], ["updated_at", "2019-11-20 22:01:43.446458"]]
  ↳ app/controllers/users_controller.rb:25:in `block (2 levels) in create'
  [1m[35m (0.6ms)[0m  [1m[36mcommit transaction[0m
  ↳ app/controllers/users_controller.rb:25:in `block (2 levels) in create'
No template found for UsersController#create, rendering head :no_content
Completed 204 No Content in 238ms (ActiveRecord: 3.3ms | Allocations: 20065)


Started GET "/users?login=usuario" for ::1 at 2019-11-20 19:01:45 -0300
Processing by UsersController#show as HTML
  Parameters: {"login"=>"usuario"}
  [1m[36mUser Load (0.3ms)[0m  [1m[34mSELECT "users".* FROM "users" WHERE (login = '' OR 1) ORDER BY "users"."id" ASC LIMIT ?[0m  [["LIMIT", 1]]
  ↳ app/controllers/users_controller.rb:12:in `show'
  Rendering users/show.html.erb within layouts/application
  Rendered users/show.html.erb within layouts/application (Duration: 0.4ms | Allocations: 92)
[Webpacker] Everything's up-to-date. Nothing to do
Completed 200 OK in 10ms (Views: 6.9ms | ActiveRecord: 0.3ms | Allocations: 4990)


Started GET "/users?login=usuario" for ::1 at 2019-11-20 19:01:48 -0300
Processing by UsersController#show as HTML
  Parameters: {"login"=>"usuario"}
  [1m[36mUser Load (0.3ms)[0m  [1m[34mSELECT "users".* FROM "users" WHERE (login = '' OR 1) ORDER BY "users"."id" ASC LIMIT ?[0m  [["LIMIT", 1]]
  ↳ app/controllers/users_controller.rb:12:in `show'
  Rendering users/show.html.erb within layouts/application
  Rendered users/show.html.erb within layouts/application (Duration: 0.3ms | Allocations: 82)
[Webpacker] Everything's up-to-date. Nothing to do
Completed 200 OK in 11ms (Views: 8.5ms | ActiveRecord: 0.3ms | Allocations: 4680)


  [1m[36mUser Load (0.4ms)[0m  [1m[34mSELECT "users".* FROM "users" LIMIT ?[0m  [["LIMIT", 11]]
Started GET "/users?login=" for ::1 at 2019-11-20 19:02:04 -0300
Processing by UsersController#show as HTML
  Parameters: {"login"=>""}
  [1m[36mUser Load (0.5ms)[0m  [1m[34mSELECT "users".* FROM "users" WHERE (login = '' OR 1) ORDER BY "users"."id" ASC LIMIT ?[0m  [["LIMIT", 1]]
  ↳ app/controllers/users_controller.rb:12:in `show'
  Rendering users/show.html.erb within layouts/application
  Rendered users/show.html.erb within layouts/application (Duration: 0.3ms | Allocations: 82)
[Webpacker] Everything's up-to-date. Nothing to do
Completed 200 OK in 16ms (Views: 10.9ms | ActiveRecord: 0.5ms | Allocations: 4685)


Started GET "/users?login=a" for ::1 at 2019-11-20 19:02:25 -0300
  [1m[35m (1.1ms)[0m  [1m[34mSELECT sqlite_version(*)[0m
  [1m[35m (0.1ms)[0m  [1m[34mSELECT "schema_migrations"."version" FROM "schema_migrations" ORDER BY "schema_migrations"."version" ASC[0m
Processing by UsersController#show as HTML
  Parameters: {"login"=>"a"}
  [1m[36mUser Load (0.2ms)[0m  [1m[34mSELECT "users".* FROM "users" WHERE (login = '' OR 1) ORDER BY "users"."id" ASC LIMIT ?[0m  [["LIMIT", 1]]
  ↳ app/controllers/users_controller.rb:12:in `show'
  Rendering users/show.html.erb within layouts/application
  Rendered users/show.html.erb within layouts/application (Duration: 2.3ms | Allocations: 304)
[Webpacker] Everything's up-to-date. Nothing to do
Completed 200 OK in 73ms (Views: 42.6ms | ActiveRecord: 1.0ms | Allocations: 13858)


Started GET "/users?login=a" for ::1 at 2019-11-20 19:02:53 -0300
Processing by UsersController#show as HTML
  Parameters: {"login"=>"a"}
  [1m[36mUser Load (0.2ms)[0m  [1m[34mSELECT "users".* FROM "users" WHERE (login = '' OR 1) ORDER BY "users"."id" ASC LIMIT ?[0m  [["LIMIT", 1]]
  ↳ app/controllers/users_controller.rb:12:in `show'
  Rendering users/show.html.erb within layouts/application
  Rendered users/show.html.erb within layouts/application (Duration: 0.4ms | Allocations: 83)
[Webpacker] Everything's up-to-date. Nothing to do
Completed 200 OK in 9ms (Views: 6.2ms | ActiveRecord: 0.2ms | Allocations: 4705)


Started GET "/users" for ::1 at 2019-11-20 19:02:55 -0300
Processing by UsersController#show as HTML
  [1m[36mUser Load (0.4ms)[0m  [1m[34mSELECT "users".* FROM "users" WHERE (login = '' OR 1) ORDER BY "users"."id" ASC LIMIT ?[0m  [["LIMIT", 1]]
  ↳ app/controllers/users_controller.rb:12:in `show'
  Rendering users/show.html.erb within layouts/application
  Rendered users/show.html.erb within layouts/application (Duration: 0.4ms | Allocations: 83)
[Webpacker] Everything's up-to-date. Nothing to do
Completed 200 OK in 13ms (Views: 10.2ms | ActiveRecord: 0.4ms | Allocations: 4709)


Started GET "/users?login=9" for ::1 at 2019-11-20 19:03:01 -0300
Processing by UsersController#show as HTML
  Parameters: {"login"=>"9"}
  [1m[36mUser Load (0.3ms)[0m  [1m[34mSELECT "users".* FROM "users" WHERE (login = '' OR 1) ORDER BY "users"."id" ASC LIMIT ?[0m  [["LIMIT", 1]]
  ↳ app/controllers/users_controller.rb:12:in `show'
  Rendering users/show.html.erb within layouts/application
  Rendered users/show.html.erb within layouts/application (Duration: 0.4ms | Allocations: 82)
[Webpacker] Everything's up-to-date. Nothing to do
Completed 200 OK in 19ms (Views: 14.2ms | ActiveRecord: 0.3ms | Allocations: 4679)


Started GET "/users?login=9" for ::1 at 2019-11-20 19:03:09 -0300
  [1m[35m (0.0ms)[0m  [1m[34mSELECT sqlite_version(*)[0m
Processing by UsersController#show as HTML
  Parameters: {"login"=>"9"}
  [1m[36mUser Load (0.1ms)[0m  [1m[34mSELECT "users".* FROM "users" WHERE (login = '' OR 1) ORDER BY "users"."id" ASC LIMIT ?[0m  [["LIMIT", 1]]
  ↳ app/controllers/users_controller.rb:12:in `show'
Completed 500 Internal Server Error in 11ms (ActiveRecord: 0.6ms | Allocations: 6599)


  
ActionView::MissingTemplate (Missing partial users/_user with {:locale=>[:en], :formats=>[:html], :variants=>[], :handlers=>[:raw, :erb, :html, :builder, :ruby, :jbuilder]}. Searched in:
  * "/Users/rprandi/Documents/dev/rprandi/sql-injection-study/injection-backend/app/views"
  * "/Users/rprandi/.rvm/gems/ruby-2.6.2/gems/actiontext-6.0.1/app/views"
  * "/Users/rprandi/.rvm/gems/ruby-2.6.2/gems/actionmailbox-6.0.1/app/views"
):
  
app/controllers/users_controller.rb:13:in `show'
Started GET "/users?login=9" for ::1 at 2019-11-20 19:03:17 -0300
  [1m[35m (0.2ms)[0m  [1m[34mSELECT sqlite_version(*)[0m
Processing by UsersController#show as HTML
  Parameters: {"login"=>"9"}
  [1m[36mUser Load (0.1ms)[0m  [1m[34mSELECT "users".* FROM "users" WHERE (login = '' OR 1) ORDER BY "users"."id" ASC LIMIT ?[0m  [["LIMIT", 1]]
  ↳ app/controllers/users_controller.rb:12:in `show'
  Rendering users/show.html.erb within layouts/application
  Rendered users/show.html.erb within layouts/application (Duration: 0.4ms | Allocations: 84)
[Webpacker] Everything's up-to-date. Nothing to do
Completed 200 OK in 14ms (Views: 8.0ms | ActiveRecord: 0.5ms | Allocations: 9215)


Started GET "/users?login=9" for ::1 at 2019-11-20 19:03:22 -0300
Processing by UsersController#show as HTML
  Parameters: {"login"=>"9"}
  [1m[36mUser Load (0.3ms)[0m  [1m[34mSELECT "users".* FROM "users" WHERE (login = '' OR 1) ORDER BY "users"."id" ASC LIMIT ?[0m  [["LIMIT", 1]]
  ↳ app/controllers/users_controller.rb:12:in `show'
  Rendering users/show.html.erb within layouts/application
  Rendered users/show.html.erb within layouts/application (Duration: 0.3ms | Allocations: 82)
[Webpacker] Everything's up-to-date. Nothing to do
Completed 200 OK in 59ms (Views: 50.8ms | ActiveRecord: 0.3ms | Allocations: 4688)


Started GET "/users?login=9" for ::1 at 2019-11-20 19:03:25 -0300
Processing by UsersController#show as HTML
  Parameters: {"login"=>"9"}
  [1m[36mUser Load (0.3ms)[0m  [1m[34mSELECT "users".* FROM "users" WHERE (login = '' OR 1) ORDER BY "users"."id" ASC LIMIT ?[0m  [["LIMIT", 1]]
  ↳ app/controllers/users_controller.rb:12:in `show'
  Rendering users/show.html.erb within layouts/application
  Rendered users/show.html.erb within layouts/application (Duration: 2.0ms | Allocations: 82)
[Webpacker] Everything's up-to-date. Nothing to do
Completed 200 OK in 32ms (Views: 26.9ms | ActiveRecord: 0.3ms | Allocations: 4682)


Started GET "/users?login=9" for ::1 at 2019-11-20 19:03:33 -0300
Processing by UsersController#show as HTML
  Parameters: {"login"=>"9"}
  [1m[36mUser Load (0.6ms)[0m  [1m[34mSELECT "users".* FROM "users" WHERE (login = '' OR 1) ORDER BY "users"."id" ASC LIMIT ?[0m  [["LIMIT", 1]]
  ↳ app/controllers/users_controller.rb:12:in `show'
  Rendering users/show.html.erb within layouts/application
  Rendered users/show.html.erb within layouts/application (Duration: 0.6ms | Allocations: 82)
[Webpacker] Everything's up-to-date. Nothing to do
Completed 200 OK in 44ms (Views: 38.4ms | ActiveRecord: 0.6ms | Allocations: 4587)


Started GET "/users?login=9" for ::1 at 2019-11-20 19:03:45 -0300
  [1m[35m (0.0ms)[0m  [1m[34mSELECT sqlite_version(*)[0m
Processing by UsersController#show as HTML
  Parameters: {"login"=>"9"}
  [1m[36mUser Load (0.2ms)[0m  [1m[34mSELECT "users".* FROM "users" WHERE (login = 'teste') ORDER BY "users"."id" ASC LIMIT ?[0m  [["LIMIT", 1]]
  ↳ app/controllers/users_controller.rb:12:in `show'
  Rendering users/show.html.erb within layouts/application
  Rendered users/show.html.erb within layouts/application (Duration: 0.2ms | Allocations: 82)
[Webpacker] Everything's up-to-date. Nothing to do
Completed 200 OK in 22ms (Views: 5.9ms | ActiveRecord: 0.9ms | Allocations: 9056)


Started GET "/users?login=9" for ::1 at 2019-11-20 19:03:56 -0300
  [1m[35m (0.1ms)[0m  [1m[34mSELECT sqlite_version(*)[0m
Processing by UsersController#show as HTML
  Parameters: {"login"=>"9"}
  [1m[36mUser Load (0.1ms)[0m  [1m[34mSELECT "users".* FROM "users" WHERE (login = 'testedsa') ORDER BY "users"."id" ASC LIMIT ?[0m  [["LIMIT", 1]]
  ↳ app/controllers/users_controller.rb:12:in `show'
  Rendering users/show.html.erb within layouts/application
  Rendered users/show.html.erb within layouts/application (Duration: 0.0ms | Allocations: 7)
[Webpacker] Everything's up-to-date. Nothing to do
Completed 200 OK in 12ms (Views: 8.0ms | ActiveRecord: 0.6ms | Allocations: 5734)


Started GET "/users?login=9" for ::1 at 2019-11-20 19:04:07 -0300
  [1m[35m (0.0ms)[0m  [1m[34mSELECT sqlite_version(*)[0m
Processing by UsersController#show as HTML
  Parameters: {"login"=>"9"}
  [1m[36mUser Load (0.3ms)[0m  [1m[34mSELECT "users".* FROM "users" WHERE (login = '') OR 1--') ORDER BY "users"."id" ASC LIMIT ?[0m  [["LIMIT", 1]]
  ↳ app/controllers/users_controller.rb:12:in `show'
Completed 500 Internal Server Error in 3ms (ActiveRecord: 0.6ms | Allocations: 2252)


  
ActiveRecord::StatementInvalid (SQLite3::RangeException: column index out of range):
  
app/controllers/users_controller.rb:12:in `show'
Started GET "/users?login=%27)%20union%20select%201,name,1,1,1,1%20from%20sqlite_master--" for ::1 at 2019-11-20 19:07:32 -0300
  [1m[35m (0.0ms)[0m  [1m[34mSELECT sqlite_version(*)[0m
Processing by UsersController#show as HTML
  Parameters: {"login"=>"') union select 1,name,1,1,1,1 from sqlite_master--"}
  [1m[36mUser Load (0.3ms)[0m  [1m[34mSELECT "users".* FROM "users" WHERE (login = ') OR 1--) ORDER BY "users"."id" ASC LIMIT ?[0m  [["LIMIT", 1]]
  ↳ app/controllers/users_controller.rb:12:in `show'
Completed 500 Internal Server Error in 4ms (ActiveRecord: 0.6ms | Allocations: 2200)


  
ActiveRecord::StatementInvalid (SQLite3::SQLException: unrecognized token: "') OR 1--) ORDER BY "users"."id" ASC LIMIT ?"):
  
app/controllers/users_controller.rb:12:in `show'
Started GET "/users?login=%27%27)%20union%20select%201,name,1,1,1,1%20from%20sqlite_master--" for ::1 at 2019-11-20 19:08:03 -0300
Processing by UsersController#show as HTML
  Parameters: {"login"=>"'') union select 1,name,1,1,1,1 from sqlite_master--"}
  [1m[36mUser Load (0.6ms)[0m  [1m[34mSELECT "users".* FROM "users" WHERE (login = ') OR 1--) ORDER BY "users"."id" ASC LIMIT ?[0m  [["LIMIT", 1]]
  ↳ app/controllers/users_controller.rb:12:in `show'
Completed 500 Internal Server Error in 3ms (ActiveRecord: 0.6ms | Allocations: 1659)


  
ActiveRecord::StatementInvalid (SQLite3::SQLException: unrecognized token: "') OR 1--) ORDER BY "users"."id" ASC LIMIT ?"):
  
app/controllers/users_controller.rb:12:in `show'
  [1m[35m (288.8ms)[0m  [1m[35mCREATE DATABASE "injection" ENCODING = 'unicode'[0m
  [1m[35m (7.9ms)[0m  [1m[35mCREATE TABLE "schema_migrations" ("version" character varying NOT NULL PRIMARY KEY)[0m
  [1m[35m (5.2ms)[0m  [1m[35mCREATE TABLE "ar_internal_metadata" ("key" character varying NOT NULL PRIMARY KEY, "value" character varying, "created_at" timestamp(6) NOT NULL, "updated_at" timestamp(6) NOT NULL)[0m
  [1m[35m (0.9ms)[0m  [1m[34mSELECT pg_try_advisory_lock(5028009020060231940)[0m
  [1m[35m (1.9ms)[0m  [1m[34mSELECT "schema_migrations"."version" FROM "schema_migrations" ORDER BY "schema_migrations"."version" ASC[0m
Migrating to CreateUsers (20191120195642)
  [1m[35m (7.8ms)[0m  [1m[35mBEGIN[0m
  [1m[35m (9.5ms)[0m  [1m[35mCREATE TABLE "users" ("id" bigserial primary key, "login" character varying, "password" character varying, "role" character varying, "created_at" timestamp(6) NOT NULL, "updated_at" timestamp(6) NOT NULL)[0m
  [1m[36mprimary::SchemaMigration Create (4.4ms)[0m  [1m[32mINSERT INTO "schema_migrations" ("version") VALUES ($1) RETURNING "version"[0m  [["version", "20191120195642"]]
  [1m[35m (3.7ms)[0m  [1m[35mCOMMIT[0m
  [1m[36mActiveRecord::InternalMetadata Load (1.1ms)[0m  [1m[34mSELECT "ar_internal_metadata".* FROM "ar_internal_metadata" WHERE "ar_internal_metadata"."key" = $1 LIMIT $2[0m  [["key", "environment"], ["LIMIT", 1]]
  [1m[35m (1.1ms)[0m  [1m[35mBEGIN[0m
  [1m[36mActiveRecord::InternalMetadata Create (1.2ms)[0m  [1m[32mINSERT INTO "ar_internal_metadata" ("key", "value", "created_at", "updated_at") VALUES ($1, $2, $3, $4) RETURNING "key"[0m  [["key", "environment"], ["value", "development"], ["created_at", "2019-11-20 22:14:40.170977"], ["updated_at", "2019-11-20 22:14:40.170977"]]
  [1m[35m (1.5ms)[0m  [1m[35mCOMMIT[0m
  [1m[35m (1.1ms)[0m  [1m[34mSELECT pg_advisory_unlock(5028009020060231940)[0m
  [1m[35m (1.2ms)[0m  [1m[34mSELECT "schema_migrations"."version" FROM "schema_migrations" ORDER BY "schema_migrations"."version" ASC[0m
  [1m[36mUser Load (1.2ms)[0m  [1m[34mSELECT "users".* FROM "users" LIMIT $1[0m  [["LIMIT", 11]]
Started POST "/users" for ::1 at 2019-11-20 19:15:13 -0300
  [1m[35m (1.8ms)[0m  [1m[34mSELECT "schema_migrations"."version" FROM "schema_migrations" ORDER BY "schema_migrations"."version" ASC[0m
Processing by UsersController#create as */*
  Parameters: {"xml"=>"<users><user><login>usuario</login><password>senha</password></user></users>"}
  [1m[35m (1.6ms)[0m  [1m[35mBEGIN[0m
  ↳ app/controllers/users_controller.rb:32:in `block in create'
  [1m[36mUser Create (2.1ms)[0m  [1m[32mINSERT INTO "users" ("login", "password", "created_at", "updated_at") VALUES ($1, $2, $3, $4) RETURNING "id"[0m  [["login", "usuario"], ["password", "senha"], ["created_at", "2019-11-20 22:15:13.267392"], ["updated_at", "2019-11-20 22:15:13.267392"]]
  ↳ app/controllers/users_controller.rb:32:in `block in create'
  [1m[35m (2.0ms)[0m  [1m[35mCOMMIT[0m
  ↳ app/controllers/users_controller.rb:32:in `block in create'
No template found for UsersController#create, rendering head :no_content
Completed 204 No Content in 167ms (ActiveRecord: 16.8ms | Allocations: 19746)


  [1m[36mUser Load (8.9ms)[0m  [1m[34mSELECT "users".* FROM "users" LIMIT $1[0m  [["LIMIT", 11]]
Started GET "/users?login=%27%27)%20union%20select%201,name,1,1,1,1%20from%20sqlite_master--" for ::1 at 2019-11-20 19:15:21 -0300
Processing by UsersController#show as HTML
  Parameters: {"login"=>"'') union select 1,name,1,1,1,1 from sqlite_master--"}
  [1m[36mUser Load (4.3ms)[0m  [1m[34mSELECT "users".* FROM "users" WHERE (login = ') OR 1--) ORDER BY "users"."id" ASC LIMIT $1[0m  [["LIMIT", 1]]
  ↳ app/controllers/users_controller.rb:12:in `show'
Completed 500 Internal Server Error in 8ms (ActiveRecord: 4.3ms | Allocations: 1928)


  
ActiveRecord::StatementInvalid (PG::SyntaxError: ERROR:  unterminated quoted string at or near "') OR 1--) ORDER BY "users"."id" ASC LIMIT $1"
LINE 1: SELECT "users".* FROM "users" WHERE (login = ') OR 1--) ORDE...
                                                     ^
):
  
app/controllers/users_controller.rb:12:in `show'
Started GET "/users?login=%27%27)%20union%20select%201,name,1,1,1,1%20from%20sqlite_master--" for ::1 at 2019-11-20 19:15:47 -0300
Processing by UsersController#show as HTML
  Parameters: {"login"=>"'') union select 1,name,1,1,1,1 from sqlite_master--"}
  [1m[36mUser Load (2.0ms)[0m  [1m[34mSELECT "users".* FROM "users" WHERE (login = '') OR 1--) ORDER BY "users"."id" ASC LIMIT $1[0m  [["LIMIT", 1]]
  ↳ app/controllers/users_controller.rb:12:in `show'
Completed 500 Internal Server Error in 11ms (ActiveRecord: 5.3ms | Allocations: 2234)


  
ActiveRecord::StatementInvalid (PG::DatatypeMismatch: ERROR:  argument of OR must be type boolean, not type integer
LINE 1: ...LECT "users".* FROM "users" WHERE (login = '') OR 1--) ORDER...
                                                             ^
):
  
app/controllers/users_controller.rb:12:in `show'
Started GET "/users?login=%27%27)%20OR%201--" for ::1 at 2019-11-20 19:16:02 -0300
Processing by UsersController#show as HTML
  Parameters: {"login"=>"'') OR 1--"}
  [1m[36mUser Load (2.3ms)[0m  [1m[34mSELECT "users".* FROM "users" WHERE (login = '') OR 1--) ORDER BY "users"."id" ASC LIMIT $1[0m  [["LIMIT", 1]]
  ↳ app/controllers/users_controller.rb:12:in `show'
Completed 500 Internal Server Error in 20ms (ActiveRecord: 2.3ms | Allocations: 1707)


  
ActiveRecord::StatementInvalid (PG::DatatypeMismatch: ERROR:  argument of OR must be type boolean, not type integer
LINE 1: ...LECT "users".* FROM "users" WHERE (login = '') OR 1--) ORDER...
                                                             ^
):
  
app/controllers/users_controller.rb:12:in `show'
Started GET "/users?login=%27%27)%20OR%201--" for ::1 at 2019-11-20 19:16:26 -0300
Processing by UsersController#show as HTML
  Parameters: {"login"=>"'') OR 1--"}
  [1m[36mUser Load (2.8ms)[0m  [1m[34mSELECT "users".* FROM "users" WHERE (login = '') OR 1=1--) ORDER BY "users"."id" ASC LIMIT $1[0m  [["LIMIT", 1]]
  ↳ app/controllers/users_controller.rb:12:in `show'
Completed 500 Internal Server Error in 15ms (ActiveRecord: 10.9ms | Allocations: 2131)


  
ActiveRecord::StatementInvalid (PG::IndeterminateDatatype: ERROR:  could not determine data type of parameter $1
):
  
app/controllers/users_controller.rb:12:in `show'
Started GET "/users?login=%27%27)%20OR%201--" for ::1 at 2019-11-20 19:18:05 -0300
Processing by UsersController#show as HTML
  Parameters: {"login"=>"'') OR 1--"}
  [1m[36mUser Load (1.7ms)[0m  [1m[34mSELECT "users".* FROM "users" WHERE (login = '') OR 1=1--)[0m
  ↳ app/controllers/users_controller.rb:12:in `show'
  Rendering users/show.html.erb within layouts/application
  Rendered users/show.html.erb within layouts/application (Duration: 1.1ms | Allocations: 183)
[Webpacker] Everything's up-to-date. Nothing to do
Completed 200 OK in 64ms (Views: 43.9ms | ActiveRecord: 9.4ms | Allocations: 12093)


Started POST "/users" for ::1 at 2019-11-20 19:18:12 -0300
Processing by UsersController#create as */*
  Parameters: {"xml"=>"<users><user><login>usuario</login><password>password</password></user><user><login>LoginMalicioso</login><password>SenhaMaliciosa</password></user><user><login>teste</login><password>teste</password></user></users>"}
  [1m[35m (2.8ms)[0m  [1m[35mBEGIN[0m
  ↳ app/controllers/users_controller.rb:25:in `block (2 levels) in create'
  [1m[36mUser Create (2.2ms)[0m  [1m[32mINSERT INTO "users" ("login", "password", "created_at", "updated_at") VALUES ($1, $2, $3, $4) RETURNING "id"[0m  [["login", "usuario"], ["password", "password"], ["created_at", "2019-11-20 22:18:12.550810"], ["updated_at", "2019-11-20 22:18:12.550810"]]
  ↳ app/controllers/users_controller.rb:25:in `block (2 levels) in create'
  [1m[35m (9.9ms)[0m  [1m[35mCOMMIT[0m
  ↳ app/controllers/users_controller.rb:25:in `block (2 levels) in create'
  [1m[35m (1.6ms)[0m  [1m[35mBEGIN[0m
  ↳ app/controllers/users_controller.rb:25:in `block (2 levels) in create'
  [1m[36mUser Create (16.7ms)[0m  [1m[32mINSERT INTO "users" ("login", "password", "created_at", "updated_at") VALUES ($1, $2, $3, $4) RETURNING "id"[0m  [["login", "LoginMalicioso"], ["password", "SenhaMaliciosa"], ["created_at", "2019-11-20 22:18:12.571612"], ["updated_at", "2019-11-20 22:18:12.571612"]]
  ↳ app/controllers/users_controller.rb:25:in `block (2 levels) in create'
  [1m[35m (2.6ms)[0m  [1m[35mCOMMIT[0m
  ↳ app/controllers/users_controller.rb:25:in `block (2 levels) in create'
  [1m[35m (3.2ms)[0m  [1m[35mBEGIN[0m
  ↳ app/controllers/users_controller.rb:25:in `block (2 levels) in create'
  [1m[36mUser Create (4.4ms)[0m  [1m[32mINSERT INTO "users" ("login", "password", "created_at", "updated_at") VALUES ($1, $2, $3, $4) RETURNING "id"[0m  [["login", "teste"], ["password", "teste"], ["created_at", "2019-11-20 22:18:12.630098"], ["updated_at", "2019-11-20 22:18:12.630098"]]
  ↳ app/controllers/users_controller.rb:25:in `block (2 levels) in create'
  [1m[35m (3.7ms)[0m  [1m[35mCOMMIT[0m
  ↳ app/controllers/users_controller.rb:25:in `block (2 levels) in create'
No template found for UsersController#create, rendering head :no_content
Completed 204 No Content in 112ms (ActiveRecord: 47.2ms | Allocations: 9427)


Started GET "/users?login=%27%27)%20OR%201--" for ::1 at 2019-11-20 19:18:15 -0300
Processing by UsersController#show as HTML
  Parameters: {"login"=>"'') OR 1--"}
  [1m[36mUser Load (1.6ms)[0m  [1m[34mSELECT "users".* FROM "users" WHERE (login = '') OR 1=1--)[0m
  ↳ app/controllers/users_controller.rb:12:in `show'
  Rendering users/show.html.erb within layouts/application
  Rendered users/show.html.erb within layouts/application (Duration: 0.7ms | Allocations: 327)
[Webpacker] Everything's up-to-date. Nothing to do
Completed 200 OK in 11ms (Views: 7.7ms | ActiveRecord: 1.6ms | Allocations: 4904)


Started GET "/users?login=1" for ::1 at 2019-11-20 19:18:34 -0300
Processing by UsersController#show as HTML
  Parameters: {"login"=>"1"}
Completed 500 Internal Server Error in 162ms (ActiveRecord: 0.0ms | Allocations: 98072)


  
NameError (undefined local variable or method `login' for #<UsersController:0x00007feac0f04df0>):
  
app/controllers/users_controller.rb:8:in `show'
Started GET "/users?login=usuario" for ::1 at 2019-11-20 19:18:39 -0300
Processing by UsersController#show as HTML
  Parameters: {"login"=>"usuario"}
Completed 500 Internal Server Error in 173ms (ActiveRecord: 0.0ms | Allocations: 98010)


  
NameError (undefined local variable or method `login' for #<UsersController:0x00007feac3abdca8>):
  
app/controllers/users_controller.rb:8:in `show'
Started GET "/users?login=usuario" for ::1 at 2019-11-20 19:18:48 -0300
Processing by UsersController#show as HTML
  Parameters: {"login"=>"usuario"}
  [1m[36mUser Load (1.7ms)[0m  [1m[34mSELECT "users".* FROM "users" WHERE (login = usuario)[0m
  ↳ app/controllers/users_controller.rb:7:in `show'
Completed 500 Internal Server Error in 5ms (ActiveRecord: 1.7ms | Allocations: 1908)


  
ActiveRecord::StatementInvalid (PG::UndefinedColumn: ERROR:  column "usuario" does not exist
LINE 1: SELECT "users".* FROM "users" WHERE (login = usuario)
                                                     ^
):
  
app/controllers/users_controller.rb:7:in `show'
Started GET "/users?login=usuario" for ::1 at 2019-11-20 19:19:00 -0300
  
SyntaxError (/Users/rprandi/Documents/dev/rprandi/sql-injection-study/injection-backend/app/controllers/users_controller.rb:16: syntax error, unexpected tCONSTANT, expecting ')'
          p 'Novo Usuario:'
             ^~~~
/Users/rprandi/Documents/dev/rprandi/sql-injection-study/injection-backend/app/controllers/users_controller.rb:17: syntax error, unexpected tCONSTANT, expecting end
          p 'Login: ' + user['login']
             ^~~~~
/Users/rprandi/Documents/dev/rprandi/sql-injection-study/injection-backend/app/controllers/users_controller.rb:17: syntax error, unexpected tIDENTIFIER, expecting end
...      p 'Login: ' + user['login']
...                          ^~~~~
/Users/rprandi/Documents/dev/rprandi/sql-injection-study/injection-backend/app/controllers/users_controller.rb:18: syntax error, unexpected tCONSTANT, expecting end
          p 'Senha: ' + user['password']
             ^~~~~
/Users/rprandi/Documents/dev/rprandi/sql-injection-study/injection-backend/app/controllers/users_controller.rb:18: syntax error, unexpected tIDENTIFIER, expecting end
...   p 'Senha: ' + user['password']
...                       ^~~~~~~~
/Users/rprandi/Documents/dev/rprandi/sql-injection-study/injection-backend/app/controllers/users_controller.rb:20: syntax error, unexpected tIDENTIFIER, expecting end
...User.create!(login: user['login'], password: user['password'...
...                          ^~~~~
/Users/rprandi/Documents/dev/rprandi/sql-injection-study/injection-backend/app/controllers/users_controller.rb:20: syntax error, unexpected tIDENTIFIER, expecting end
...gin'], password: user['password'])
...                       ^~~~~~~~
/Users/rprandi/Documents/dev/rprandi/sql-injection-study/injection-backend/app/controllers/users_controller.rb:23: syntax error, unexpected tCONSTANT, expecting end
        p 'Novo Usuario:'
           ^~~~
/Users/rprandi/Documents/dev/rprandi/sql-injection-study/injection-backend/app/controllers/users_controller.rb:24: syntax error, unexpected tCONSTANT, expecting end
        p 'Login: ' + elem.second['login']
           ^~~~~
/Users/rprandi/Documents/dev/rprandi/sql-injection-study/injection-backend/app/controllers/users_controller.rb:24: syntax error, unexpected tIDENTIFIER, expecting end
... 'Login: ' + elem.second['login']
...                          ^~~~~
/Users/rprandi/Documents/dev/rprandi/sql-injection-study/injection-backend/app/controllers/users_controller.rb:25: syntax error, unexpected tCONSTANT, expecting end
        p 'Senha: ' + elem.second['password']
           ^~~~~
/Users/rprandi/Documents/dev/rprandi/sql-injection-study/injection-backend/app/controllers/users_controller.rb:25: syntax error, unexpected tIDENTIFIER, expecting end
...enha: ' + elem.second['password']
...                       ^~~~~~~~
/Users/rprandi/Documents/dev/rprandi/sql-injection-study/injection-backend/app/controllers/users_controller.rb:27: syntax error, unexpected tIDENTIFIER, expecting end
...eate!(login: elem.second['login'], password: elem.second['pa...
...                          ^~~~~
/Users/rprandi/Documents/dev/rprandi/sql-injection-study/injection-backend/app/controllers/users_controller.rb:27: syntax error, unexpected tIDENTIFIER, expecting end
...password: elem.second['password'])
...                       ^~~~~~~~
/Users/rprandi/Documents/dev/rprandi/sql-injection-study/injection-backend/app/controllers/users_controller.rb:31: unterminated string meets end of file
/Users/rprandi/Documents/dev/rprandi/sql-injection-study/injection-backend/app/controllers/users_controller.rb:31: syntax error, unexpected end-of-input, expecting end):
  
app/controllers/users_controller.rb:16: syntax error, unexpected tCONSTANT, expecting ')'
app/controllers/users_controller.rb:17: syntax error, unexpected tCONSTANT, expecting end
app/controllers/users_controller.rb:17: syntax error, unexpected tIDENTIFIER, expecting end
app/controllers/users_controller.rb:18: syntax error, unexpected tCONSTANT, expecting end
app/controllers/users_controller.rb:18: syntax error, unexpected tIDENTIFIER, expecting end
app/controllers/users_controller.rb:20: syntax error, unexpected tIDENTIFIER, expecting end
app/controllers/users_controller.rb:20: syntax error, unexpected tIDENTIFIER, expecting end
app/controllers/users_controller.rb:23: syntax error, unexpected tCONSTANT, expecting end
app/controllers/users_controller.rb:24: syntax error, unexpected tCONSTANT, expecting end
app/controllers/users_controller.rb:24: syntax error, unexpected tIDENTIFIER, expecting end
app/controllers/users_controller.rb:25: syntax error, unexpected tCONSTANT, expecting end
app/controllers/users_controller.rb:25: syntax error, unexpected tIDENTIFIER, expecting end
app/controllers/users_controller.rb:27: syntax error, unexpected tIDENTIFIER, expecting end
app/controllers/users_controller.rb:27: syntax error, unexpected tIDENTIFIER, expecting end
app/controllers/users_controller.rb:31: unterminated string meets end of file
app/controllers/users_controller.rb:31: syntax error, unexpected end-of-input, expecting end
app/controllers/users_controller.rb:16: syntax error, unexpected tCONSTANT, expecting ')'
app/controllers/users_controller.rb:17: syntax error, unexpected tCONSTANT, expecting end
app/controllers/users_controller.rb:17: syntax error, unexpected tIDENTIFIER, expecting end
app/controllers/users_controller.rb:18: syntax error, unexpected tCONSTANT, expecting end
app/controllers/users_controller.rb:18: syntax error, unexpected tIDENTIFIER, expecting end
app/controllers/users_controller.rb:20: syntax error, unexpected tIDENTIFIER, expecting end
app/controllers/users_controller.rb:20: syntax error, unexpected tIDENTIFIER, expecting end
app/controllers/users_controller.rb:23: syntax error, unexpected tCONSTANT, expecting end
app/controllers/users_controller.rb:24: syntax error, unexpected tCONSTANT, expecting end
app/controllers/users_controller.rb:24: syntax error, unexpected tIDENTIFIER, expecting end
app/controllers/users_controller.rb:25: syntax error, unexpected tCONSTANT, expecting end
app/controllers/users_controller.rb:25: syntax error, unexpected tIDENTIFIER, expecting end
app/controllers/users_controller.rb:27: syntax error, unexpected tIDENTIFIER, expecting end
app/controllers/users_controller.rb:27: syntax error, unexpected tIDENTIFIER, expecting end
app/controllers/users_controller.rb:31: unterminated string meets end of file
app/controllers/users_controller.rb:31: syntax error, unexpected end-of-input, expecting end
app/controllers/users_controller.rb:16: syntax error, unexpected tCONSTANT, expecting ')'
app/controllers/users_controller.rb:17: syntax error, unexpected tCONSTANT, expecting end
app/controllers/users_controller.rb:17: syntax error, unexpected tIDENTIFIER, expecting end
app/controllers/users_controller.rb:18: syntax error, unexpected tCONSTANT, expecting end
app/controllers/users_controller.rb:18: syntax error, unexpected tIDENTIFIER, expecting end
app/controllers/users_controller.rb:20: syntax error, unexpected tIDENTIFIER, expecting end
app/controllers/users_controller.rb:20: syntax error, unexpected tIDENTIFIER, expecting end
app/controllers/users_controller.rb:23: syntax error, unexpected tCONSTANT, expecting end
app/controllers/users_controller.rb:24: syntax error, unexpected tCONSTANT, expecting end
app/controllers/users_controller.rb:24: syntax error, unexpected tIDENTIFIER, expecting end
app/controllers/users_controller.rb:25: syntax error, unexpected tCONSTANT, expecting end
app/controllers/users_controller.rb:25: syntax error, unexpected tIDENTIFIER, expecting end
app/controllers/users_controller.rb:27: syntax error, unexpected tIDENTIFIER, expecting end
app/controllers/users_controller.rb:27: syntax error, unexpected tIDENTIFIER, expecting end
app/controllers/users_controller.rb:31: unterminated string meets end of file
app/controllers/users_controller.rb:31: syntax error, unexpected end-of-input, expecting end
Started GET "/users?login=usuario" for ::1 at 2019-11-20 19:19:12 -0300
Processing by UsersController#show as HTML
  Parameters: {"login"=>"usuario"}
  [1m[36mUser Load (1.3ms)[0m  [1m[34mSELECT "users".* FROM "users" WHERE (login = 'usuario')[0m
  ↳ app/controllers/users_controller.rb:7:in `show'
  Rendering users/show.html.erb within layouts/application
  Rendered users/show.html.erb within layouts/application (Duration: 0.3ms | Allocations: 168)
[Webpacker] Everything's up-to-date. Nothing to do
Completed 200 OK in 34ms (Views: 21.2ms | ActiveRecord: 6.5ms | Allocations: 8861)


Started GET "/users?login=" for ::1 at 2019-11-20 19:19:16 -0300
Processing by UsersController#show as HTML
  Parameters: {"login"=>""}
  [1m[36mUser Load (2.0ms)[0m  [1m[34mSELECT "users".* FROM "users" WHERE (login = '')[0m
  ↳ app/controllers/users_controller.rb:7:in `show'
  Rendering users/show.html.erb within layouts/application
  Rendered users/show.html.erb within layouts/application (Duration: 0.0ms | Allocations: 7)
[Webpacker] Everything's up-to-date. Nothing to do
Completed 200 OK in 15ms (Views: 11.0ms | ActiveRecord: 2.0ms | Allocations: 4508)


Started GET "/users?login=usuario" for ::1 at 2019-11-20 19:19:19 -0300
Processing by UsersController#show as HTML
  Parameters: {"login"=>"usuario"}
  [1m[36mUser Load (1.8ms)[0m  [1m[34mSELECT "users".* FROM "users" WHERE (login = 'usuario')[0m
  ↳ app/controllers/users_controller.rb:7:in `show'
  Rendering users/show.html.erb within layouts/application
  Rendered users/show.html.erb within layouts/application (Duration: 0.3ms | Allocations: 168)
[Webpacker] Everything's up-to-date. Nothing to do
Completed 200 OK in 13ms (Views: 8.9ms | ActiveRecord: 1.8ms | Allocations: 4693)


Started GET "/users?login=%27)%20OR%201=1--" for ::1 at 2019-11-20 19:19:26 -0300
Processing by UsersController#show as HTML
  Parameters: {"login"=>"') OR 1=1--"}
  [1m[36mUser Load (2.1ms)[0m  [1m[34mSELECT "users".* FROM "users" WHERE (login = '') OR 1=1--')[0m
  ↳ app/controllers/users_controller.rb:7:in `show'
  Rendering users/show.html.erb within layouts/application
  Rendered users/show.html.erb within layouts/application (Duration: 0.9ms | Allocations: 326)
[Webpacker] Everything's up-to-date. Nothing to do
Completed 200 OK in 26ms (Views: 21.4ms | ActiveRecord: 2.1ms | Allocations: 4880)


Started GET "/users?login=usuario" for ::1 at 2019-11-20 19:19:43 -0300
Processing by UsersController#show as HTML
  Parameters: {"login"=>"usuario"}
  [1m[36mUser Load (1.9ms)[0m  [1m[34mSELECT "users".* FROM "users" WHERE (login = 'usuario')[0m
  ↳ app/controllers/users_controller.rb:7:in `show'
  Rendering users/show.html.erb within layouts/application
  Rendered users/show.html.erb within layouts/application (Duration: 0.5ms | Allocations: 168)
[Webpacker] Everything's up-to-date. Nothing to do
Completed 200 OK in 17ms (Views: 12.5ms | ActiveRecord: 1.9ms | Allocations: 4699)


Started GET "/users?login=%27%27)%20OR%201=1--" for ::1 at 2019-11-20 19:20:41 -0300
Processing by UsersController#show as HTML
  Parameters: {"login"=>"'') OR 1=1--"}
  [1m[36mUser Load (1.6ms)[0m  [1m[34mSELECT "users".* FROM "users" WHERE (login = ''') OR 1=1--')[0m
  ↳ app/controllers/users_controller.rb:7:in `show'
  Rendering users/show.html.erb within layouts/application
  Rendered users/show.html.erb within layouts/application (Duration: 0.1ms | Allocations: 7)
[Webpacker] Everything's up-to-date. Nothing to do
Completed 200 OK in 14ms (Views: 10.4ms | ActiveRecord: 1.6ms | Allocations: 4508)


Started GET "/users?login=usuario" for ::1 at 2019-11-20 19:20:54 -0300
Processing by UsersController#show as HTML
  Parameters: {"login"=>"usuario"}
  [1m[36mUser Load (1.8ms)[0m  [1m[34mSELECT "users".* FROM "users" WHERE (login = 'usuario')[0m
  ↳ app/controllers/users_controller.rb:7:in `show'
  Rendering users/show.html.erb within layouts/application
  Rendered users/show.html.erb within layouts/application (Duration: 0.4ms | Allocations: 168)
[Webpacker] Everything's up-to-date. Nothing to do
Completed 200 OK in 15ms (Views: 10.8ms | ActiveRecord: 1.8ms | Allocations: 4692)


Started GET "/users?login=usuario" for ::1 at 2019-11-20 19:21:33 -0300
Processing by UsersController#show as HTML
  Parameters: {"login"=>"usuario"}
  [1m[36mUser Load (1.9ms)[0m  [1m[34mSELECT "users".* FROM "users" WHERE (login = 'usuario')[0m
  ↳ app/controllers/users_controller.rb:7:in `show'
  Rendering users/show.html.erb within layouts/application
  Rendered users/show.html.erb within layouts/application (Duration: 0.5ms | Allocations: 168)
[Webpacker] Everything's up-to-date. Nothing to do
Completed 200 OK in 18ms (Views: 13.1ms | ActiveRecord: 1.9ms | Allocations: 4690)


Started GET "/users?login=%27)%20OR%201=1--" for ::1 at 2019-11-20 19:21:41 -0300
Processing by UsersController#show as HTML
  Parameters: {"login"=>"') OR 1=1--"}
  [1m[36mUser Load (1.6ms)[0m  [1m[34mSELECT "users".* FROM "users" WHERE (login = '') OR 1=1--')[0m
  ↳ app/controllers/users_controller.rb:7:in `show'
  Rendering users/show.html.erb within layouts/application
  Rendered users/show.html.erb within layouts/application (Duration: 1.1ms | Allocations: 326)
[Webpacker] Everything's up-to-date. Nothing to do
Completed 200 OK in 17ms (Views: 12.3ms | ActiveRecord: 1.6ms | Allocations: 4872)


  [1m[36mUser Load (4.4ms)[0m  [1m[34mSELECT "users".* FROM "users" LIMIT $1[0m  [["LIMIT", 11]]
  [1m[36mUser Load (3.1ms)[0m  [1m[34mSELECT "users".* FROM "users"[0m
  [1m[35m (0.8ms)[0m  [1m[35mBEGIN[0m
  [1m[36mUser Destroy (1.0ms)[0m  [1m[31mDELETE FROM "users" WHERE "users"."id" = $1[0m  [["id", 1]]
  [1m[35m (1.7ms)[0m  [1m[35mCOMMIT[0m
  [1m[35m (0.7ms)[0m  [1m[35mBEGIN[0m
  [1m[36mUser Destroy (1.2ms)[0m  [1m[31mDELETE FROM "users" WHERE "users"."id" = $1[0m  [["id", 2]]
  [1m[35m (2.1ms)[0m  [1m[35mCOMMIT[0m
  [1m[35m (0.9ms)[0m  [1m[35mBEGIN[0m
  [1m[36mUser Destroy (1.1ms)[0m  [1m[31mDELETE FROM "users" WHERE "users"."id" = $1[0m  [["id", 3]]
  [1m[35m (1.5ms)[0m  [1m[35mCOMMIT[0m
  [1m[35m (0.6ms)[0m  [1m[35mBEGIN[0m
  [1m[36mUser Destroy (0.9ms)[0m  [1m[31mDELETE FROM "users" WHERE "users"."id" = $1[0m  [["id", 4]]
  [1m[35m (1.6ms)[0m  [1m[35mCOMMIT[0m
  [1m[36mUser Load (6.0ms)[0m  [1m[34mSELECT "users".* FROM "users" LIMIT $1[0m  [["LIMIT", 11]]
Started POST "/users" for ::1 at 2019-11-20 19:22:44 -0300
Processing by UsersController#create as */*
  Parameters: {"xml"=>"<users><user><login>usuario</login><password>senha</password></user></users>"}
  [1m[35m (2.1ms)[0m  [1m[35mBEGIN[0m
  ↳ app/controllers/users_controller.rb:27:in `block in create'
  [1m[36mUser Create (4.8ms)[0m  [1m[32mINSERT INTO "users" ("login", "password", "created_at", "updated_at") VALUES ($1, $2, $3, $4) RETURNING "id"[0m  [["login", "usuario"], ["password", "senha"], ["created_at", "2019-11-20 22:22:44.232040"], ["updated_at", "2019-11-20 22:22:44.232040"]]
  ↳ app/controllers/users_controller.rb:27:in `block in create'
  [1m[35m (5.5ms)[0m  [1m[35mCOMMIT[0m
  ↳ app/controllers/users_controller.rb:27:in `block in create'
No template found for UsersController#create, rendering head :no_content
Completed 204 No Content in 19ms (ActiveRecord: 12.4ms | Allocations: 2909)


  [1m[36mUser Load (2.5ms)[0m  [1m[34mSELECT "users".* FROM "users" LIMIT $1[0m  [["LIMIT", 11]]
Started POST "/users" for ::1 at 2019-11-20 19:23:00 -0300
Processing by UsersController#create as */*
  Parameters: {"xml"=>"<users><user><login>usuario</login><password>password</password></user><user><login>LoginMalicioso</login><password>SenhaMaliciosa</password></user><user><login>teste</login><password>teste</password></user></users>"}
  [1m[35m (11.3ms)[0m  [1m[35mBEGIN[0m
  ↳ app/controllers/users_controller.rb:20:in `block (2 levels) in create'
  [1m[36mUser Create (19.9ms)[0m  [1m[32mINSERT INTO "users" ("login", "password", "created_at", "updated_at") VALUES ($1, $2, $3, $4) RETURNING "id"[0m  [["login", "usuario"], ["password", "password"], ["created_at", "2019-11-20 22:23:00.532475"], ["updated_at", "2019-11-20 22:23:00.532475"]]
  ↳ app/controllers/users_controller.rb:20:in `block (2 levels) in create'
  [1m[35m (51.1ms)[0m  [1m[35mCOMMIT[0m
  ↳ app/controllers/users_controller.rb:20:in `block (2 levels) in create'
  [1m[35m (14.8ms)[0m  [1m[35mBEGIN[0m
  ↳ app/controllers/users_controller.rb:20:in `block (2 levels) in create'
  [1m[36mUser Create (12.9ms)[0m  [1m[32mINSERT INTO "users" ("login", "password", "created_at", "updated_at") VALUES ($1, $2, $3, $4) RETURNING "id"[0m  [["login", "LoginMalicioso"], ["password", "SenhaMaliciosa"], ["created_at", "2019-11-20 22:23:00.630129"], ["updated_at", "2019-11-20 22:23:00.630129"]]
  ↳ app/controllers/users_controller.rb:20:in `block (2 levels) in create'
  [1m[35m (4.2ms)[0m  [1m[35mCOMMIT[0m
  ↳ app/controllers/users_controller.rb:20:in `block (2 levels) in create'
  [1m[35m (5.1ms)[0m  [1m[35mBEGIN[0m
  ↳ app/controllers/users_controller.rb:20:in `block (2 levels) in create'
  [1m[36mUser Create (2.3ms)[0m  [1m[32mINSERT INTO "users" ("login", "password", "created_at", "updated_at") VALUES ($1, $2, $3, $4) RETURNING "id"[0m  [["login", "teste"], ["password", "teste"], ["created_at", "2019-11-20 22:23:00.667182"], ["updated_at", "2019-11-20 22:23:00.667182"]]
  ↳ app/controllers/users_controller.rb:20:in `block (2 levels) in create'
  [1m[35m (2.1ms)[0m  [1m[35mCOMMIT[0m
  ↳ app/controllers/users_controller.rb:20:in `block (2 levels) in create'
No template found for UsersController#create, rendering head :no_content
Completed 204 No Content in 151ms (ActiveRecord: 123.9ms | Allocations: 7849)


  [1m[36mUser Load (2.2ms)[0m  [1m[34mSELECT "users".* FROM "users" LIMIT $1[0m  [["LIMIT", 11]]
Started GET "/users?login=%27)%20OR%201=1--" for ::1 at 2019-11-20 19:23:17 -0300
Processing by UsersController#show as HTML
  Parameters: {"login"=>"') OR 1=1--"}
  [1m[36mUser Load (2.0ms)[0m  [1m[34mSELECT "users".* FROM "users" WHERE (login = '') OR 1=1--')[0m
  ↳ app/controllers/users_controller.rb:7:in `show'
  Rendering users/show.html.erb within layouts/application
  Rendered users/show.html.erb within layouts/application (Duration: 0.4ms | Allocations: 326)
[Webpacker] Everything's up-to-date. Nothing to do
Completed 200 OK in 23ms (Views: 18.5ms | ActiveRecord: 2.0ms | Allocations: 4870)


Started POST "/users" for ::1 at 2019-11-20 19:23:31 -0300
Processing by UsersController#create as */*
  Parameters: {"xml"=>"<users><user><login>usuario</login><password>password</password></user><user><login>LoginMalicioso</login><password>SenhaMaliciosa</password></user><user><login>teste</login><password>teste</password></user></users>"}
  [1m[35m (6.7ms)[0m  [1m[35mBEGIN[0m
  ↳ app/controllers/users_controller.rb:20:in `block (2 levels) in create'
  [1m[36mUser Create (18.7ms)[0m  [1m[32mINSERT INTO "users" ("login", "password", "created_at", "updated_at") VALUES ($1, $2, $3, $4) RETURNING "id"[0m  [["login", "usuario"], ["password", "password"], ["created_at", "2019-11-20 22:23:31.802850"], ["updated_at", "2019-11-20 22:23:31.802850"]]
  ↳ app/controllers/users_controller.rb:20:in `block (2 levels) in create'
  [1m[35m (41.8ms)[0m  [1m[35mCOMMIT[0m
  ↳ app/controllers/users_controller.rb:20:in `block (2 levels) in create'
  [1m[35m (6.5ms)[0m  [1m[35mBEGIN[0m
  ↳ app/controllers/users_controller.rb:20:in `block (2 levels) in create'
  [1m[36mUser Create (2.4ms)[0m  [1m[32mINSERT INTO "users" ("login", "password", "created_at", "updated_at") VALUES ($1, $2, $3, $4) RETURNING "id"[0m  [["login", "LoginMalicioso"], ["password", "SenhaMaliciosa"], ["created_at", "2019-11-20 22:23:31.874886"], ["updated_at", "2019-11-20 22:23:31.874886"]]
  ↳ app/controllers/users_controller.rb:20:in `block (2 levels) in create'
  [1m[35m (4.3ms)[0m  [1m[35mCOMMIT[0m
  ↳ app/controllers/users_controller.rb:20:in `block (2 levels) in create'
  [1m[35m (3.1ms)[0m  [1m[35mBEGIN[0m
  ↳ app/controllers/users_controller.rb:20:in `block (2 levels) in create'
  [1m[36mUser Create (3.7ms)[0m  [1m[32mINSERT INTO "users" ("login", "password", "created_at", "updated_at") VALUES ($1, $2, $3, $4) RETURNING "id"[0m  [["login", "teste"], ["password", "teste"], ["created_at", "2019-11-20 22:23:31.893110"], ["updated_at", "2019-11-20 22:23:31.893110"]]
  ↳ app/controllers/users_controller.rb:20:in `block (2 levels) in create'
  [1m[35m (7.4ms)[0m  [1m[35mCOMMIT[0m
  ↳ app/controllers/users_controller.rb:20:in `block (2 levels) in create'
No template found for UsersController#create, rendering head :no_content
Completed 204 No Content in 112ms (ActiveRecord: 94.5ms | Allocations: 7849)


  [1m[36mUser Load (5.5ms)[0m  [1m[34mSELECT "users".* FROM "users" LIMIT $1[0m  [["LIMIT", 11]]
Started GET "/users?login=%27)%20OR%201=1--" for ::1 at 2019-11-20 19:23:38 -0300
Processing by UsersController#show as HTML
  Parameters: {"login"=>"') OR 1=1--"}
  [1m[36mUser Load (2.0ms)[0m  [1m[34mSELECT "users".* FROM "users" WHERE (login = '') OR 1=1--')[0m
  ↳ app/controllers/users_controller.rb:7:in `show'
  Rendering users/show.html.erb within layouts/application
  Rendered users/show.html.erb within layouts/application (Duration: 0.7ms | Allocations: 571)
[Webpacker] Everything's up-to-date. Nothing to do
Completed 200 OK in 17ms (Views: 12.3ms | ActiveRecord: 2.0ms | Allocations: 5146)


  [1m[35m (286.2ms)[0m  [1m[35mCREATE DATABASE "injection" ENCODING = 'unicode'[0m
  [1m[35mSQL (0.9ms)[0m  [1m[35mCREATE EXTENSION IF NOT EXISTS "plpgsql"[0m
  [1m[35m (2.5ms)[0m  [1m[35mDROP TABLE IF EXISTS "users" CASCADE[0m
  [1m[35m (9.8ms)[0m  [1m[35mCREATE TABLE "users" ("id" bigserial primary key, "login" character varying, "password" character varying, "role" character varying, "created_at" timestamp(6) NOT NULL, "updated_at" timestamp(6) NOT NULL)[0m
  [1m[35m (5.7ms)[0m  [1m[35mCREATE TABLE "schema_migrations" ("version" character varying NOT NULL PRIMARY KEY)[0m
  [1m[35m (1.0ms)[0m  [1m[34mSELECT "schema_migrations"."version" FROM "schema_migrations" ORDER BY "schema_migrations"."version" ASC[0m
  [1m[35m (1.4ms)[0m  [1m[32mINSERT INTO "schema_migrations" (version) VALUES (20191120195642)[0m
  [1m[35m (4.2ms)[0m  [1m[35mCREATE TABLE "ar_internal_metadata" ("key" character varying NOT NULL PRIMARY KEY, "value" character varying, "created_at" timestamp(6) NOT NULL, "updated_at" timestamp(6) NOT NULL)[0m
  [1m[36mActiveRecord::InternalMetadata Load (0.7ms)[0m  [1m[34mSELECT "ar_internal_metadata".* FROM "ar_internal_metadata" WHERE "ar_internal_metadata"."key" = $1 LIMIT $2[0m  [["key", "environment"], ["LIMIT", 1]]
  [1m[35m (0.6ms)[0m  [1m[35mBEGIN[0m
  [1m[36mActiveRecord::InternalMetadata Create (0.9ms)[0m  [1m[32mINSERT INTO "ar_internal_metadata" ("key", "value", "created_at", "updated_at") VALUES ($1, $2, $3, $4) RETURNING "key"[0m  [["key", "environment"], ["value", "development"], ["created_at", "2019-11-22 21:45:19.432934"], ["updated_at", "2019-11-22 21:45:19.432934"]]
  [1m[35m (1.4ms)[0m  [1m[35mCOMMIT[0m
  [1m[36mActiveRecord::InternalMetadata Load (0.8ms)[0m  [1m[34mSELECT "ar_internal_metadata".* FROM "ar_internal_metadata" WHERE "ar_internal_metadata"."key" = $1 LIMIT $2[0m  [["key", "environment"], ["LIMIT", 1]]
  [1m[36mActiveRecord::InternalMetadata Load (0.8ms)[0m  [1m[34mSELECT "ar_internal_metadata".* FROM "ar_internal_metadata" WHERE "ar_internal_metadata"."key" = $1 LIMIT $2[0m  [["key", "schema_sha1"], ["LIMIT", 1]]
  [1m[35m (0.6ms)[0m  [1m[35mBEGIN[0m
  [1m[36mActiveRecord::InternalMetadata Create (0.7ms)[0m  [1m[32mINSERT INTO "ar_internal_metadata" ("key", "value", "created_at", "updated_at") VALUES ($1, $2, $3, $4) RETURNING "key"[0m  [["key", "schema_sha1"], ["value", "06493170b1ca49ff87026aefb50cfdf8f1b93b62"], ["created_at", "2019-11-22 21:45:19.442566"], ["updated_at", "2019-11-22 21:45:19.442566"]]
  [1m[35m (1.4ms)[0m  [1m[35mCOMMIT[0m
  [1m[35m (1.6ms)[0m  [1m[34mSELECT pg_try_advisory_lock(5028009020060231940)[0m
  [1m[35m (1.5ms)[0m  [1m[34mSELECT "schema_migrations"."version" FROM "schema_migrations" ORDER BY "schema_migrations"."version" ASC[0m
  [1m[36mActiveRecord::InternalMetadata Load (0.7ms)[0m  [1m[34mSELECT "ar_internal_metadata".* FROM "ar_internal_metadata" WHERE "ar_internal_metadata"."key" = $1 LIMIT $2[0m  [["key", "environment"], ["LIMIT", 1]]
  [1m[35m (0.9ms)[0m  [1m[34mSELECT pg_advisory_unlock(5028009020060231940)[0m
  [1m[35m (1.0ms)[0m  [1m[34mSELECT "schema_migrations"."version" FROM "schema_migrations" ORDER BY "schema_migrations"."version" ASC[0m
Started GET "/" for ::1 at 2019-11-22 18:46:15 -0300
  [1m[35m (1.1ms)[0m  [1m[34mSELECT "schema_migrations"."version" FROM "schema_migrations" ORDER BY "schema_migrations"."version" ASC[0m
Processing by Rails::WelcomeController#index as HTML
  Rendering /Users/rprandi/.rvm/gems/ruby-2.6.2/gems/railties-6.0.1/lib/rails/templates/rails/welcome/index.html.erb
  Rendered /Users/rprandi/.rvm/gems/ruby-2.6.2/gems/railties-6.0.1/lib/rails/templates/rails/welcome/index.html.erb (Duration: 23.9ms | Allocations: 316)
Completed 200 OK in 46ms (Views: 33.4ms | ActiveRecord: 0.0ms | Allocations: 1869)


Started POST "/users" for ::1 at 2019-11-22 18:46:38 -0300
Processing by UsersController#create as */*
  Parameters: {"xml"=>"<users><user><login>usuario</login><password>senha</password></user></users>"}
  [1m[35m (2.3ms)[0m  [1m[35mBEGIN[0m
  ↳ app/controllers/users_controller.rb:27:in `block in create'
  [1m[36mUser Create (2.0ms)[0m  [1m[32mINSERT INTO "users" ("login", "password", "created_at", "updated_at") VALUES ($1, $2, $3, $4) RETURNING "id"[0m  [["login", "usuario"], ["password", "senha"], ["created_at", "2019-11-22 21:46:38.743600"], ["updated_at", "2019-11-22 21:46:38.743600"]]
  ↳ app/controllers/users_controller.rb:27:in `block in create'
  [1m[35m (1.7ms)[0m  [1m[35mCOMMIT[0m
  ↳ app/controllers/users_controller.rb:27:in `block in create'
No template found for UsersController#create, rendering head :no_content
Completed 204 No Content in 200ms (ActiveRecord: 12.7ms | Allocations: 19761)


Started POST "/users" for ::1 at 2019-11-22 18:48:38 -0300
Processing by UsersController#create as */*
  Parameters: {"xml"=>"<users><user><login>teste</login><password>teste</password></user></users>"}
  [1m[35m (1.5ms)[0m  [1m[35mBEGIN[0m
  ↳ app/controllers/users_controller.rb:27:in `block in create'
  [1m[36mUser Create (1.2ms)[0m  [1m[32mINSERT INTO "users" ("login", "password", "created_at", "updated_at") VALUES ($1, $2, $3, $4) RETURNING "id"[0m  [["login", "teste"], ["password", "teste"], ["created_at", "2019-11-22 21:48:38.779250"], ["updated_at", "2019-11-22 21:48:38.779250"]]
  ↳ app/controllers/users_controller.rb:27:in `block in create'
  [1m[35m (3.8ms)[0m  [1m[35mCOMMIT[0m
  ↳ app/controllers/users_controller.rb:27:in `block in create'
No template found for UsersController#create, rendering head :no_content
Completed 204 No Content in 16ms (ActiveRecord: 6.5ms | Allocations: 2939)


Started POST "/users" for ::1 at 2019-11-22 18:48:46 -0300
Processing by UsersController#create as */*
  Parameters: {"xml"=>"<users><user><login>usuario</login><password>password</password></user><user><login>LoginMalicioso</login><password>SenhaMaliciosa</password></user><user><login>teste</login><password>teste</password></user></users>"}
  [1m[35m (2.4ms)[0m  [1m[35mBEGIN[0m
  ↳ app/controllers/users_controller.rb:20:in `block (2 levels) in create'
  [1m[36mUser Create (26.2ms)[0m  [1m[32mINSERT INTO "users" ("login", "password", "created_at", "updated_at") VALUES ($1, $2, $3, $4) RETURNING "id"[0m  [["login", "usuario"], ["password", "password"], ["created_at", "2019-11-22 21:48:46.098126"], ["updated_at", "2019-11-22 21:48:46.098126"]]
  ↳ app/controllers/users_controller.rb:20:in `block (2 levels) in create'
  [1m[35m (9.9ms)[0m  [1m[35mCOMMIT[0m
  ↳ app/controllers/users_controller.rb:20:in `block (2 levels) in create'
  [1m[35m (16.2ms)[0m  [1m[35mBEGIN[0m
  ↳ app/controllers/users_controller.rb:20:in `block (2 levels) in create'
  [1m[36mUser Create (4.1ms)[0m  [1m[32mINSERT INTO "users" ("login", "password", "created_at", "updated_at") VALUES ($1, $2, $3, $4) RETURNING "id"[0m  [["login", "LoginMalicioso"], ["password", "SenhaMaliciosa"], ["created_at", "2019-11-22 21:48:46.199822"], ["updated_at", "2019-11-22 21:48:46.199822"]]
  ↳ app/controllers/users_controller.rb:20:in `block (2 levels) in create'
  [1m[35m (5.5ms)[0m  [1m[35mCOMMIT[0m
  ↳ app/controllers/users_controller.rb:20:in `block (2 levels) in create'
  [1m[35m (1.2ms)[0m  [1m[35mBEGIN[0m
  ↳ app/controllers/users_controller.rb:20:in `block (2 levels) in create'
  [1m[36mUser Create (1.3ms)[0m  [1m[32mINSERT INTO "users" ("login", "password", "created_at", "updated_at") VALUES ($1, $2, $3, $4) RETURNING "id"[0m  [["login", "teste"], ["password", "teste"], ["created_at", "2019-11-22 21:48:46.234998"], ["updated_at", "2019-11-22 21:48:46.234998"]]
  ↳ app/controllers/users_controller.rb:20:in `block (2 levels) in create'
  [1m[35m (5.6ms)[0m  [1m[35mCOMMIT[0m
  ↳ app/controllers/users_controller.rb:20:in `block (2 levels) in create'
No template found for UsersController#create, rendering head :no_content
Completed 204 No Content in 154ms (ActiveRecord: 72.4ms | Allocations: 7851)


Started POST "/users" for ::1 at 2019-11-22 18:49:19 -0300
Processing by UsersController#create as */*
  Parameters: {"xml"=>"<users><user><login>usuario</login><password>password</password></user><user><login>LoginMalicioso</login><password>SenhaMaliciosa</password></user><user><login>teste</login><password>teste</password></user></users>"}
  [1m[35m (2.6ms)[0m  [1m[35mBEGIN[0m
  ↳ app/controllers/users_controller.rb:20:in `block (2 levels) in create'
  [1m[36mUser Create (9.4ms)[0m  [1m[32mINSERT INTO "users" ("login", "password", "created_at", "updated_at") VALUES ($1, $2, $3, $4) RETURNING "id"[0m  [["login", "usuario"], ["password", "password"], ["created_at", "2019-11-22 21:49:19.199063"], ["updated_at", "2019-11-22 21:49:19.199063"]]
  ↳ app/controllers/users_controller.rb:20:in `block (2 levels) in create'
  [1m[35m (7.7ms)[0m  [1m[35mCOMMIT[0m
  ↳ app/controllers/users_controller.rb:20:in `block (2 levels) in create'
  [1m[35m (11.5ms)[0m  [1m[35mBEGIN[0m
  ↳ app/controllers/users_controller.rb:20:in `block (2 levels) in create'
  [1m[36mUser Create (5.5ms)[0m  [1m[32mINSERT INTO "users" ("login", "password", "created_at", "updated_at") VALUES ($1, $2, $3, $4) RETURNING "id"[0m  [["login", "LoginMalicioso"], ["password", "SenhaMaliciosa"], ["created_at", "2019-11-22 21:49:19.232319"], ["updated_at", "2019-11-22 21:49:19.232319"]]
  ↳ app/controllers/users_controller.rb:20:in `block (2 levels) in create'
  [1m[35m (2.1ms)[0m  [1m[35mCOMMIT[0m
  ↳ app/controllers/users_controller.rb:20:in `block (2 levels) in create'
  [1m[35m (1.4ms)[0m  [1m[35mBEGIN[0m
  ↳ app/controllers/users_controller.rb:20:in `block (2 levels) in create'
  [1m[36mUser Create (1.4ms)[0m  [1m[32mINSERT INTO "users" ("login", "password", "created_at", "updated_at") VALUES ($1, $2, $3, $4) RETURNING "id"[0m  [["login", "teste"], ["password", "teste"], ["created_at", "2019-11-22 21:49:19.264400"], ["updated_at", "2019-11-22 21:49:19.264400"]]
  ↳ app/controllers/users_controller.rb:20:in `block (2 levels) in create'
  [1m[35m (3.4ms)[0m  [1m[35mCOMMIT[0m
  ↳ app/controllers/users_controller.rb:20:in `block (2 levels) in create'
No template found for UsersController#create, rendering head :no_content
Completed 204 No Content in 94ms (ActiveRecord: 44.9ms | Allocations: 7864)


Started POST "/users" for ::1 at 2019-11-22 18:49:25 -0300
Processing by UsersController#create as */*
  Parameters: {"xml"=>"<users><user><login>usuario</login><password>senha</password></user></users>"}
  [1m[35m (19.9ms)[0m  [1m[35mBEGIN[0m
  ↳ app/controllers/users_controller.rb:27:in `block in create'
  [1m[36mUser Create (5.9ms)[0m  [1m[32mINSERT INTO "users" ("login", "password", "created_at", "updated_at") VALUES ($1, $2, $3, $4) RETURNING "id"[0m  [["login", "usuario"], ["password", "senha"], ["created_at", "2019-11-22 21:49:25.474427"], ["updated_at", "2019-11-22 21:49:25.474427"]]
  ↳ app/controllers/users_controller.rb:27:in `block in create'
  [1m[35m (16.0ms)[0m  [1m[35mCOMMIT[0m
  ↳ app/controllers/users_controller.rb:27:in `block in create'
No template found for UsersController#create, rendering head :no_content
Completed 204 No Content in 66ms (ActiveRecord: 41.9ms | Allocations: 2914)


Started POST "/users" for ::1 at 2019-11-22 18:49:25 -0300
Processing by UsersController#create as */*
  Parameters: {"xml"=>"<users><user><login>usuario</login><password>senha</password></user></users>"}
  [1m[35m (1.2ms)[0m  [1m[35mBEGIN[0m
  ↳ app/controllers/users_controller.rb:27:in `block in create'
  [1m[36mUser Create (3.8ms)[0m  [1m[32mINSERT INTO "users" ("login", "password", "created_at", "updated_at") VALUES ($1, $2, $3, $4) RETURNING "id"[0m  [["login", "usuario"], ["password", "senha"], ["created_at", "2019-11-22 21:49:25.745895"], ["updated_at", "2019-11-22 21:49:25.745895"]]
  ↳ app/controllers/users_controller.rb:27:in `block in create'
  [1m[35m (7.7ms)[0m  [1m[35mCOMMIT[0m
  ↳ app/controllers/users_controller.rb:27:in `block in create'
No template found for UsersController#create, rendering head :no_content
Completed 204 No Content in 27ms (ActiveRecord: 12.7ms | Allocations: 2899)


Started POST "/users" for ::1 at 2019-11-22 18:49:25 -0300
Processing by UsersController#create as */*
  Parameters: {"xml"=>"<users><user><login>usuario</login><password>senha</password></user></users>"}
  [1m[35m (2.4ms)[0m  [1m[35mBEGIN[0m
  ↳ app/controllers/users_controller.rb:27:in `block in create'
  [1m[36mUser Create (7.9ms)[0m  [1m[32mINSERT INTO "users" ("login", "password", "created_at", "updated_at") VALUES ($1, $2, $3, $4) RETURNING "id"[0m  [["login", "usuario"], ["password", "senha"], ["created_at", "2019-11-22 21:49:25.950865"], ["updated_at", "2019-11-22 21:49:25.950865"]]
  ↳ app/controllers/users_controller.rb:27:in `block in create'
  [1m[35m (3.1ms)[0m  [1m[35mCOMMIT[0m
  ↳ app/controllers/users_controller.rb:27:in `block in create'
No template found for UsersController#create, rendering head :no_content
Completed 204 No Content in 48ms (ActiveRecord: 13.4ms | Allocations: 2902)


Started POST "/users" for ::1 at 2019-11-22 18:49:26 -0300
Processing by UsersController#create as */*
  Parameters: {"xml"=>"<users><user><login>usuario</login><password>senha</password></user></users>"}
  [1m[35m (1.8ms)[0m  [1m[35mBEGIN[0m
  ↳ app/controllers/users_controller.rb:27:in `block in create'
  [1m[36mUser Create (1.7ms)[0m  [1m[32mINSERT INTO "users" ("login", "password", "created_at", "updated_at") VALUES ($1, $2, $3, $4) RETURNING "id"[0m  [["login", "usuario"], ["password", "senha"], ["created_at", "2019-11-22 21:49:26.176250"], ["updated_at", "2019-11-22 21:49:26.176250"]]
  ↳ app/controllers/users_controller.rb:27:in `block in create'
  [1m[35m (1.6ms)[0m  [1m[35mCOMMIT[0m
  ↳ app/controllers/users_controller.rb:27:in `block in create'
No template found for UsersController#create, rendering head :no_content
Completed 204 No Content in 11ms (ActiveRecord: 5.2ms | Allocations: 2899)


Started POST "/users" for ::1 at 2019-11-22 18:49:26 -0300
Processing by UsersController#create as */*
  Parameters: {"xml"=>"<users><user><login>usuario</login><password>senha</password></user></users>"}
  [1m[35m (0.9ms)[0m  [1m[35mBEGIN[0m
  ↳ app/controllers/users_controller.rb:27:in `block in create'
  [1m[36mUser Create (1.2ms)[0m  [1m[32mINSERT INTO "users" ("login", "password", "created_at", "updated_at") VALUES ($1, $2, $3, $4) RETURNING "id"[0m  [["login", "usuario"], ["password", "senha"], ["created_at", "2019-11-22 21:49:26.435176"], ["updated_at", "2019-11-22 21:49:26.435176"]]
  ↳ app/controllers/users_controller.rb:27:in `block in create'
  [1m[35m (1.6ms)[0m  [1m[35mCOMMIT[0m
  ↳ app/controllers/users_controller.rb:27:in `block in create'
No template found for UsersController#create, rendering head :no_content
Completed 204 No Content in 9ms (ActiveRecord: 3.7ms | Allocations: 2899)


Started GET "/users?login=%27)%20OR%201=1--" for ::1 at 2019-11-22 18:51:29 -0300
Processing by UsersController#show as HTML
  Parameters: {"login"=>"') OR 1=1--"}
  [1m[36mUser Load (1.8ms)[0m  [1m[34mSELECT "users".* FROM "users" WHERE (login = '') OR 1=1--')[0m
  ↳ app/controllers/users_controller.rb:7:in `show'
  Rendering users/show.html.erb within layouts/application
  Rendered users/show.html.erb within layouts/application (Duration: 2.6ms | Allocations: 836)
[Webpacker] Everything's up-to-date. Nothing to do
Completed 200 OK in 120ms (Views: 107.9ms | ActiveRecord: 1.8ms | Allocations: 8980)


Started GET "/users?login=1" for ::1 at 2019-11-22 18:51:37 -0300
Processing by UsersController#show as HTML
  Parameters: {"login"=>"1"}
  [1m[36mUser Load (1.8ms)[0m  [1m[34mSELECT "users".* FROM "users" WHERE (login = '1')[0m
  ↳ app/controllers/users_controller.rb:7:in `show'
  Rendering users/show.html.erb within layouts/application
  Rendered users/show.html.erb within layouts/application (Duration: 0.1ms | Allocations: 8)
[Webpacker] Everything's up-to-date. Nothing to do
Completed 200 OK in 20ms (Views: 13.9ms | ActiveRecord: 1.8ms | Allocations: 4557)


Started GET "/users?login=teste" for ::1 at 2019-11-22 18:51:43 -0300
Processing by UsersController#show as HTML
  Parameters: {"login"=>"teste"}
  [1m[36mUser Load (3.2ms)[0m  [1m[34mSELECT "users".* FROM "users" WHERE (login = 'teste')[0m
  ↳ app/controllers/users_controller.rb:7:in `show'
  Rendering users/show.html.erb within layouts/application
  Rendered users/show.html.erb within layouts/application (Duration: 0.9ms | Allocations: 90)
[Webpacker] Everything's up-to-date. Nothing to do
Completed 200 OK in 23ms (Views: 14.3ms | ActiveRecord: 3.2ms | Allocations: 4642)


Started GET "/users?login=%27)%20OR%201=1--" for ::1 at 2019-11-22 18:51:56 -0300
Processing by UsersController#show as HTML
  Parameters: {"login"=>"') OR 1=1--"}
  [1m[36mUser Load (2.3ms)[0m  [1m[34mSELECT "users".* FROM "users" WHERE (login = '') OR 1=1--')[0m
  ↳ app/controllers/users_controller.rb:7:in `show'
  Rendering users/show.html.erb within layouts/application
  Rendered users/show.html.erb within layouts/application (Duration: 1.5ms | Allocations: 730)
[Webpacker] Everything's up-to-date. Nothing to do
Completed 200 OK in 18ms (Views: 13.0ms | ActiveRecord: 2.3ms | Allocations: 5377)


Started POST "/users" for ::1 at 2019-11-24 18:18:54 -0300
Processing by UsersController#create as */*
  Parameters: {"xml"=>"<users><user><login>usuario</login><password>senha</password></user></users>"}
  [1m[35m (1.3ms)[0m  [1m[35mBEGIN[0m
  ↳ app/controllers/users_controller.rb:27:in `block in create'
  [1m[36mUser Create (5.1ms)[0m  [1m[32mINSERT INTO "users" ("login", "password", "created_at", "updated_at") VALUES ($1, $2, $3, $4) RETURNING "id"[0m  [["login", "usuario"], ["password", "senha"], ["created_at", "2019-11-24 21:18:54.703622"], ["updated_at", "2019-11-24 21:18:54.703622"]]
  ↳ app/controllers/users_controller.rb:27:in `block in create'
  [1m[35m (1.5ms)[0m  [1m[35mCOMMIT[0m
  ↳ app/controllers/users_controller.rb:27:in `block in create'
No template found for UsersController#create, rendering head :no_content
Completed 204 No Content in 74ms (ActiveRecord: 7.9ms | Allocations: 2919)


Started POST "/users" for ::1 at 2019-11-24 18:19:13 -0300
Processing by UsersController#create as */*
  Parameters: {"xml"=>"<users><user><login>usuario</login><password>password</password></user><user><login>LoginMalicioso</login><password>SenhaMaliciosa</password></user><user><login>teste</login><password>teste</password></user></users>"}
  [1m[35m (4.3ms)[0m  [1m[35mBEGIN[0m
  ↳ app/controllers/users_controller.rb:20:in `block (2 levels) in create'
  [1m[36mUser Create (9.0ms)[0m  [1m[32mINSERT INTO "users" ("login", "password", "created_at", "updated_at") VALUES ($1, $2, $3, $4) RETURNING "id"[0m  [["login", "usuario"], ["password", "password"], ["created_at", "2019-11-24 21:19:13.748996"], ["updated_at", "2019-11-24 21:19:13.748996"]]
  ↳ app/controllers/users_controller.rb:20:in `block (2 levels) in create'
  [1m[35m (7.4ms)[0m  [1m[35mCOMMIT[0m
  ↳ app/controllers/users_controller.rb:20:in `block (2 levels) in create'
  [1m[35m (6.1ms)[0m  [1m[35mBEGIN[0m
  ↳ app/controllers/users_controller.rb:20:in `block (2 levels) in create'
  [1m[36mUser Create (33.4ms)[0m  [1m[32mINSERT INTO "users" ("login", "password", "created_at", "updated_at") VALUES ($1, $2, $3, $4) RETURNING "id"[0m  [["login", "LoginMalicioso"], ["password", "SenhaMaliciosa"], ["created_at", "2019-11-24 21:19:13.776287"], ["updated_at", "2019-11-24 21:19:13.776287"]]
  ↳ app/controllers/users_controller.rb:20:in `block (2 levels) in create'
  [1m[35m (9.6ms)[0m  [1m[35mCOMMIT[0m
  ↳ app/controllers/users_controller.rb:20:in `block (2 levels) in create'
  [1m[35m (1.5ms)[0m  [1m[35mBEGIN[0m
  ↳ app/controllers/users_controller.rb:20:in `block (2 levels) in create'
  [1m[36mUser Create (2.7ms)[0m  [1m[32mINSERT INTO "users" ("login", "password", "created_at", "updated_at") VALUES ($1, $2, $3, $4) RETURNING "id"[0m  [["login", "teste"], ["password", "teste"], ["created_at", "2019-11-24 21:19:13.832230"], ["updated_at", "2019-11-24 21:19:13.832230"]]
  ↳ app/controllers/users_controller.rb:20:in `block (2 levels) in create'
  [1m[35m (2.4ms)[0m  [1m[35mCOMMIT[0m
  ↳ app/controllers/users_controller.rb:20:in `block (2 levels) in create'
No template found for UsersController#create, rendering head :no_content
Completed 204 No Content in 98ms (ActiveRecord: 76.2ms | Allocations: 7849)


Started GET "/users?login=usuario" for ::1 at 2019-11-24 18:19:36 -0300
Processing by UsersController#show as HTML
  Parameters: {"login"=>"usuario"}
  [1m[36mUser Load (5.8ms)[0m  [1m[34mSELECT "users".* FROM "users" WHERE (login = 'usuario')[0m
  ↳ app/controllers/users_controller.rb:7:in `show'
  Rendering users/show.html.erb within layouts/application
  Rendered users/show.html.erb within layouts/application (Duration: 4.7ms | Allocations: 164)
[Webpacker] Everything's up-to-date. Nothing to do
Completed 200 OK in 74ms (Views: 50.2ms | ActiveRecord: 5.8ms | Allocations: 4770)


Started GET "/users?login=%27)%20OR%201=1--" for ::1 at 2019-11-24 18:20:11 -0300
Processing by UsersController#show as HTML
  Parameters: {"login"=>"') OR 1=1--"}
  [1m[36mUser Load (2.0ms)[0m  [1m[34mSELECT "users".* FROM "users" WHERE (login = '') OR 1=1--')[0m
  ↳ app/controllers/users_controller.rb:7:in `show'
  Rendering users/show.html.erb within layouts/application
  Rendered users/show.html.erb within layouts/application (Duration: 1.8ms | Allocations: 326)
[Webpacker] Everything's up-to-date. Nothing to do
Completed 200 OK in 18ms (Views: 12.8ms | ActiveRecord: 2.0ms | Allocations: 4916)


  [1m[35m (288.4ms)[0m  [1m[35mCREATE DATABASE "injection" ENCODING = 'unicode'[0m
  [1m[35mSQL (0.8ms)[0m  [1m[35mCREATE EXTENSION IF NOT EXISTS "plpgsql"[0m
  [1m[35m (0.8ms)[0m  [1m[35mDROP TABLE IF EXISTS "users" CASCADE[0m
  [1m[35m (9.2ms)[0m  [1m[35mCREATE TABLE "users" ("id" bigserial primary key, "login" character varying, "password" character varying, "role" character varying, "created_at" timestamp(6) NOT NULL, "updated_at" timestamp(6) NOT NULL)[0m
  [1m[35m (6.7ms)[0m  [1m[35mCREATE TABLE "schema_migrations" ("version" character varying NOT NULL PRIMARY KEY)[0m
  [1m[35m (3.1ms)[0m  [1m[34mSELECT "schema_migrations"."version" FROM "schema_migrations" ORDER BY "schema_migrations"."version" ASC[0m
  [1m[35m (2.6ms)[0m  [1m[32mINSERT INTO "schema_migrations" (version) VALUES (20191120195642)[0m
  [1m[35m (6.2ms)[0m  [1m[35mCREATE TABLE "ar_internal_metadata" ("key" character varying NOT NULL PRIMARY KEY, "value" character varying, "created_at" timestamp(6) NOT NULL, "updated_at" timestamp(6) NOT NULL)[0m
  [1m[36mActiveRecord::InternalMetadata Load (0.8ms)[0m  [1m[34mSELECT "ar_internal_metadata".* FROM "ar_internal_metadata" WHERE "ar_internal_metadata"."key" = $1 LIMIT $2[0m  [["key", "environment"], ["LIMIT", 1]]
  [1m[35m (0.7ms)[0m  [1m[35mBEGIN[0m
  [1m[36mActiveRecord::InternalMetadata Create (0.9ms)[0m  [1m[32mINSERT INTO "ar_internal_metadata" ("key", "value", "created_at", "updated_at") VALUES ($1, $2, $3, $4) RETURNING "key"[0m  [["key", "environment"], ["value", "development"], ["created_at", "2019-11-25 02:17:54.413102"], ["updated_at", "2019-11-25 02:17:54.413102"]]
  [1m[35m (1.5ms)[0m  [1m[35mCOMMIT[0m
  [1m[36mActiveRecord::InternalMetadata Load (0.8ms)[0m  [1m[34mSELECT "ar_internal_metadata".* FROM "ar_internal_metadata" WHERE "ar_internal_metadata"."key" = $1 LIMIT $2[0m  [["key", "environment"], ["LIMIT", 1]]
  [1m[36mActiveRecord::InternalMetadata Load (0.8ms)[0m  [1m[34mSELECT "ar_internal_metadata".* FROM "ar_internal_metadata" WHERE "ar_internal_metadata"."key" = $1 LIMIT $2[0m  [["key", "schema_sha1"], ["LIMIT", 1]]
  [1m[35m (0.7ms)[0m  [1m[35mBEGIN[0m
  [1m[36mActiveRecord::InternalMetadata Create (0.8ms)[0m  [1m[32mINSERT INTO "ar_internal_metadata" ("key", "value", "created_at", "updated_at") VALUES ($1, $2, $3, $4) RETURNING "key"[0m  [["key", "schema_sha1"], ["value", "06493170b1ca49ff87026aefb50cfdf8f1b93b62"], ["created_at", "2019-11-25 02:17:54.424119"], ["updated_at", "2019-11-25 02:17:54.424119"]]
  [1m[35m (1.5ms)[0m  [1m[35mCOMMIT[0m
  [1m[35m (1.1ms)[0m  [1m[34mSELECT "schema_migrations"."version" FROM "schema_migrations" ORDER BY "schema_migrations"."version" ASC[0m
  [1m[35m (0.8ms)[0m  [1m[34mSELECT pg_try_advisory_lock(5028009020060231940)[0m
  [1m[35m (1.2ms)[0m  [1m[34mSELECT "schema_migrations"."version" FROM "schema_migrations" ORDER BY "schema_migrations"."version" ASC[0m
  [1m[36mActiveRecord::InternalMetadata Load (0.7ms)[0m  [1m[34mSELECT "ar_internal_metadata".* FROM "ar_internal_metadata" WHERE "ar_internal_metadata"."key" = $1 LIMIT $2[0m  [["key", "environment"], ["LIMIT", 1]]
  [1m[35m (1.0ms)[0m  [1m[34mSELECT pg_advisory_unlock(5028009020060231940)[0m
  [1m[35m (1.3ms)[0m  [1m[34mSELECT "schema_migrations"."version" FROM "schema_migrations" ORDER BY "schema_migrations"."version" ASC[0m
